<?xml version="1.0" encoding="UTF-8"?>
<coverage generated="1785621182807" clover="3.2.0">
  <project timestamp="1785621182807" name="All files">
    <metrics statements="1292" coveredstatements="928" conditionals="1014" coveredconditionals="695" methods="385" coveredmethods="282" elements="2691" coveredelements="1905" complexity="0" loc="1292" ncloc="1292" packages="5" files="48" classes="48"/>
    <package name="app.api.suggestions">
      <metrics statements="16" coveredstatements="12" conditionals="12" coveredconditionals="3" methods="1" coveredmethods="1"/>
      <file name="route.ts" path="/Users/thiagoalves/Desktop/Project-Organization/src/app/api/suggestions/route.ts">
        <metrics statements="16" coveredstatements="12" conditionals="12" coveredconditionals="3" methods="1" coveredmethods="1"/>
        <line num="25" count="1" type="stmt"/>
        <line num="28" count="1" type="stmt"/>
        <line num="29" count="1" type="stmt"/>
        <line num="31" count="0" type="cond" truecount="0" falsecount="2"/>
        <line num="32" count="0" type="stmt"/>
        <line num="35" count="1" type="stmt"/>
        <line num="36" count="1" type="cond" truecount="1" falsecount="1"/>
        <line num="38" count="1" type="stmt"/>
        <line num="39" count="1" type="cond" truecount="1" falsecount="1"/>
        <line num="41" count="1" type="stmt"/>
        <line num="42" count="1" type="cond" truecount="1" falsecount="1"/>
        <line num="44" count="1" type="stmt"/>
        <line num="45" count="1" type="stmt"/>
        <line num="46" count="1" type="stmt"/>
        <line num="48" count="0" type="cond" truecount="0" falsecount="2"/>
        <line num="49" count="0" type="cond" truecount="0" falsecount="2"/>
      </file>
    </package>
    <package name="app.api.suggestions.[id]">
      <metrics statements="19" coveredstatements="14" conditionals="16" coveredconditionals="6" methods="1" coveredmethods="1"/>
      <file name="route.ts" path="/Users/thiagoalves/Desktop/Project-Organization/src/app/api/suggestions/[id]/route.ts">
        <metrics statements="19" coveredstatements="14" conditionals="16" coveredconditionals="6" methods="1" coveredmethods="1"/>
        <line num="30" count="1" type="stmt"/>
        <line num="32" count="1" type="stmt"/>
        <line num="35" count="5" type="stmt"/>
        <line num="36" count="5" type="stmt"/>
        <line num="38" count="2" type="cond" truecount="1" falsecount="1"/>
        <line num="39" count="0" type="stmt"/>
        <line num="42" count="3" type="stmt"/>
        <line num="43" count="3" type="cond" truecount="2" falsecount="0"/>
        <line num="45" count="1" type="stmt"/>
        <line num="46" count="1" type="cond" truecount="1" falsecount="1"/>
        <line num="48" count="1" type="stmt"/>
        <line num="49" count="1" type="cond" truecount="1" falsecount="1"/>
        <line num="51" count="1" type="stmt"/>
        <line num="53" count="1" type="stmt"/>
        <line num="55" count="1" type="cond" truecount="1" falsecount="1"/>
        <line num="61" count="0" type="stmt"/>
        <line num="63" count="0" type="cond" truecount="0" falsecount="2"/>
        <line num="64" count="0" type="cond" truecount="0" falsecount="2"/>
        <line num="65" count="0" type="stmt"/>
      </file>
    </package>
    <package name="dominio">
      <metrics statements="848" coveredstatements="752" conditionals="766" coveredconditionals="607" methods="288" coveredmethods="237"/>
      <file name="agentePadrao.ts" path="/Users/thiagoalves/Desktop/Project-Organization/src/dominio/agentePadrao.ts">
        <metrics statements="6" coveredstatements="6" conditionals="14" coveredconditionals="14" methods="3" coveredmethods="3"/>
        <line num="43" count="6" type="cond" truecount="3" falsecount="0"/>
        <line num="45" count="6" type="cond" truecount="4" falsecount="0"/>
        <line num="47" count="6" type="cond" truecount="3" falsecount="0"/>
        <line num="49" count="6" type="cond" truecount="4" falsecount="0"/>
        <line num="51" count="6" type="stmt"/>
        <line num="56" count="9" type="stmt"/>
      </file>
      <file name="agentes.ts" path="/Users/thiagoalves/Desktop/Project-Organization/src/dominio/agentes.ts">
        <metrics statements="50" coveredstatements="47" conditionals="32" coveredconditionals="30" methods="37" coveredmethods="34"/>
        <line num="44" count="63" type="cond" truecount="2" falsecount="0"/>
        <line num="45" count="63" type="cond" truecount="2" falsecount="0"/>
        <line num="46" count="63" type="stmt"/>
        <line num="63" count="4" type="stmt"/>
        <line num="64" count="4" type="stmt"/>
        <line num="65" count="4" type="stmt"/>
        <line num="66" count="4" type="stmt"/>
        <line num="67" count="4" type="stmt"/>
        <line num="93" count="63" type="stmt"/>
        <line num="94" count="55" type="stmt"/>
        <line num="96" count="63" type="stmt"/>
        <line num="97" count="63" type="stmt"/>
        <line num="99" count="63" type="stmt"/>
        <line num="100" count="3" type="cond" truecount="2" falsecount="0"/>
        <line num="101" count="2" type="stmt"/>
        <line num="102" count="2" type="stmt"/>
        <line num="103" count="1" type="stmt"/>
        <line num="104" count="0" type="stmt"/>
        <line num="106" count="63" type="stmt"/>
        <line num="107" count="6" type="stmt"/>
        <line num="109" count="63" type="cond" truecount="2" falsecount="0"/>
        <line num="111" count="63" type="stmt"/>
        <line num="131" count="59" type="cond" truecount="4" falsecount="0"/>
        <line num="132" count="1" type="stmt"/>
        <line num="134" count="58" type="cond" truecount="2" falsecount="0"/>
        <line num="135" count="52" type="cond" truecount="2" falsecount="0"/>
        <line num="136" count="51" type="stmt"/>
        <line num="150" count="3" type="stmt"/>
        <line num="151" count="128" type="stmt"/>
        <line num="152" count="52" type="stmt"/>
        <line num="154" count="3" type="stmt"/>
        <line num="155" count="52" type="stmt"/>
        <line num="156" count="52" type="stmt"/>
        <line num="210" count="4" type="cond" truecount="2" falsecount="0"/>
        <line num="211" count="4" type="cond" truecount="2" falsecount="0"/>
        <line num="213" count="3" type="stmt"/>
        <line num="214" count="3" type="stmt"/>
        <line num="216" count="3" type="stmt"/>
        <line num="217" count="2" type="stmt"/>
        <line num="218" count="1" type="stmt"/>
        <line num="219" count="2" type="stmt"/>
        <line num="227" count="3" type="stmt"/>
        <line num="228" count="1" type="stmt"/>
        <line num="230" count="0" type="stmt"/>
        <line num="231" count="1" type="stmt"/>
        <line num="241" count="3" type="stmt"/>
        <line num="242" count="1" type="cond" truecount="2" falsecount="0"/>
        <line num="243" count="1" type="stmt"/>
        <line num="248" count="0" type="stmt"/>
        <line num="250" count="3" type="stmt"/>
      </file>
      <file name="agentesConhecidos.ts" path="/Users/thiagoalves/Desktop/Project-Organization/src/dominio/agentesConhecidos.ts">
        <metrics statements="1" coveredstatements="1" conditionals="0" coveredconditionals="0" methods="0" coveredmethods="0"/>
        <line num="11" count="3" type="stmt"/>
      </file>
      <file name="cadencia.ts" path="/Users/thiagoalves/Desktop/Project-Organization/src/dominio/cadencia.ts">
        <metrics statements="12" coveredstatements="12" conditionals="7" coveredconditionals="7" methods="2" coveredmethods="2"/>
        <line num="11" count="7" type="stmt"/>
        <line num="13" count="7" type="stmt"/>
        <line num="21" count="12" type="cond" truecount="2" falsecount="0"/>
        <line num="22" count="9" type="cond" truecount="3" falsecount="0"/>
        <line num="24" count="6" type="stmt"/>
        <line num="26" count="2" type="stmt"/>
        <line num="28" count="1" type="stmt"/>
        <line num="41" count="7" type="cond" truecount="2" falsecount="0"/>
        <line num="42" count="5" type="stmt"/>
        <line num="45" count="7" type="stmt"/>
        <line num="53" count="7" type="stmt"/>
        <line num="61" count="7" type="stmt"/>
      </file>
      <file name="destinoSeguro.ts" path="/Users/thiagoalves/Desktop/Project-Organization/src/dominio/destinoSeguro.ts">
        <metrics statements="9" coveredstatements="8" conditionals="8" coveredconditionals="8" methods="1" coveredmethods="1"/>
        <line num="20" count="2" type="stmt"/>
        <line num="23" count="2" type="stmt"/>
        <line num="26" count="14" type="cond" truecount="4" falsecount="0"/>
        <line num="30" count="10" type="cond" truecount="2" falsecount="0"/>
        <line num="33" count="7" type="stmt"/>
        <line num="34" count="7" type="stmt"/>
        <line num="36" count="0" type="stmt"/>
        <line num="41" count="7" type="cond" truecount="2" falsecount="0"/>
        <line num="43" count="4" type="stmt"/>
      </file>
      <file name="documentoAndamento.ts" path="/Users/thiagoalves/Desktop/Project-Organization/src/dominio/documentoAndamento.ts">
        <metrics statements="69" coveredstatements="64" conditionals="54" coveredconditionals="38" methods="42" coveredmethods="36"/>
        <line num="40" count="1" type="stmt"/>
        <line num="61" count="5" type="cond" truecount="2" falsecount="0"/>
        <line num="62" count="4" type="cond" truecount="2" falsecount="0"/>
        <line num="63" count="2" type="cond" truecount="2" falsecount="0"/>
        <line num="64" count="5" type="stmt"/>
        <line num="65" count="5" type="stmt"/>
        <line num="66" count="5" type="stmt"/>
        <line num="71" count="10" type="cond" truecount="2" falsecount="0"/>
        <line num="72" count="11" type="cond" truecount="2" falsecount="0"/>
        <line num="108" count="3" type="stmt"/>
        <line num="109" count="3" type="cond" truecount="1" falsecount="1"/>
        <line num="110" count="3" type="stmt"/>
        <line num="111" count="3" type="stmt"/>
        <line num="112" count="3" type="stmt"/>
        <line num="115" count="1" type="stmt"/>
        <line num="122" count="14" type="cond" truecount="2" falsecount="0"/>
        <line num="123" count="11" type="stmt"/>
        <line num="125" count="3" type="stmt"/>
        <line num="128" count="3" type="cond" truecount="2" falsecount="2"/>
        <line num="130" count="3" type="cond" truecount="2" falsecount="0"/>
        <line num="133" count="1" type="stmt"/>
        <line num="135" count="3" type="stmt"/>
        <line num="146" count="5" type="cond" truecount="2" falsecount="0"/>
        <line num="147" count="5" type="stmt"/>
        <line num="156" count="84" type="cond" truecount="2" falsecount="0"/>
        <line num="165" count="14" type="stmt"/>
        <line num="181" count="14" type="stmt"/>
        <line num="182" count="0" type="cond" truecount="0" falsecount="2"/>
        <line num="184" count="14" type="stmt"/>
        <line num="185" count="14" type="stmt"/>
        <line num="203" count="14" type="stmt"/>
        <line num="204" count="14" type="stmt"/>
        <line num="206" count="14" type="stmt"/>
        <line num="230" count="14" type="cond" truecount="2" falsecount="0"/>
        <line num="231" count="11" type="stmt"/>
        <line num="233" count="3" type="stmt"/>
        <line num="234" count="3" type="stmt"/>
        <line num="235" count="3" type="stmt"/>
        <line num="237" count="3" type="cond" truecount="1" falsecount="1"/>
        <line num="238" count="14" type="cond" truecount="3" falsecount="1"/>
        <line num="239" count="3" type="cond" truecount="1" falsecount="3"/>
        <line num="240" count="3" type="cond" truecount="1" falsecount="3"/>
        <line num="241" count="3" type="stmt"/>
        <line num="245" count="6" type="stmt"/>
        <line num="249" count="56" type="cond" truecount="2" falsecount="0"/>
        <line num="263" count="14" type="stmt"/>
        <line num="264" count="14" type="stmt"/>
        <line num="265" count="0" type="stmt"/>
        <line num="266" count="0" type="stmt"/>
        <line num="268" count="14" type="stmt"/>
        <line num="270" count="14" type="stmt"/>
        <line num="271" count="0" type="stmt"/>
        <line num="273" count="1" type="stmt"/>
        <line num="277" count="14" type="stmt"/>
        <line num="316" count="14" type="stmt"/>
        <line num="317" count="4" type="stmt"/>
        <line num="319" count="0" type="stmt"/>
        <line num="321" count="14" type="stmt"/>
        <line num="322" count="6" type="stmt"/>
        <line num="324" count="14" type="stmt"/>
        <line num="325" count="14" type="stmt"/>
        <line num="326" count="14" type="stmt"/>
        <line num="327" count="14" type="stmt"/>
        <line num="328" count="14" type="stmt"/>
        <line num="330" count="14" type="stmt"/>
        <line num="331" count="2" type="cond" truecount="1" falsecount="1"/>
        <line num="333" count="14" type="cond" truecount="1" falsecount="1"/>
        <line num="334" count="14" type="stmt"/>
        <line num="336" count="14" type="stmt"/>
      </file>
      <file name="esteiraAgentes.ts" path="/Users/thiagoalves/Desktop/Project-Organization/src/dominio/esteiraAgentes.ts">
        <metrics statements="15" coveredstatements="15" conditionals="11" coveredconditionals="11" methods="13" coveredmethods="13"/>
        <line num="50" count="80" type="stmt"/>
        <line num="63" count="8" type="stmt"/>
        <line num="64" count="13" type="stmt"/>
        <line num="66" count="4" type="cond" truecount="2" falsecount="0"/>
        <line num="86" count="129" type="stmt"/>
        <line num="96" count="8" type="stmt"/>
        <line num="97" count="12" type="stmt"/>
        <line num="107" count="8" type="stmt"/>
        <line num="108" count="13" type="cond" truecount="2" falsecount="0"/>
        <line num="109" count="1" type="stmt"/>
        <line num="110" count="13" type="stmt"/>
        <line num="111" count="128" type="cond" truecount="2" falsecount="0"/>
        <line num="112" count="67" type="stmt"/>
        <line num="115" count="72" type="stmt"/>
        <line num="117" count="8" type="stmt"/>
      </file>
      <file name="exclusaoProjeto.ts" path="/Users/thiagoalves/Desktop/Project-Organization/src/dominio/exclusaoProjeto.ts">
        <metrics statements="3" coveredstatements="3" conditionals="2" coveredconditionals="2" methods="2" coveredmethods="2"/>
        <line num="27" count="6" type="stmt"/>
        <line num="28" count="6" type="cond" truecount="2" falsecount="0"/>
        <line num="33" count="2" type="stmt"/>
      </file>
      <file name="inventario.ts" path="/Users/thiagoalves/Desktop/Project-Organization/src/dominio/inventario.ts">
        <metrics statements="11" coveredstatements="11" conditionals="0" coveredconditionals="0" methods="9" coveredmethods="9"/>
        <line num="15" count="1" type="stmt"/>
        <line num="17" count="1" type="stmt"/>
        <line num="23" count="1" type="stmt"/>
        <line num="32" count="1" type="stmt"/>
        <line num="54" count="4" type="stmt"/>
        <line num="64" count="15" type="stmt"/>
        <line num="67" count="24" type="stmt"/>
        <line num="68" count="15" type="stmt"/>
        <line num="77" count="30" type="stmt"/>
        <line num="80" count="48" type="stmt"/>
        <line num="81" count="30" type="stmt"/>
      </file>
      <file name="mapaAgentes.ts" path="/Users/thiagoalves/Desktop/Project-Organization/src/dominio/mapaAgentes.ts">
        <metrics statements="6" coveredstatements="6" conditionals="10" coveredconditionals="10" methods="3" coveredmethods="3"/>
        <line num="52" count="5" type="stmt"/>
        <line num="53" count="4" type="cond" truecount="2" falsecount="0"/>
        <line num="56" count="5" type="stmt"/>
        <line num="57" count="8" type="stmt"/>
        <line num="58" count="8" type="stmt"/>
        <line num="66" count="5" type="stmt"/>
      </file>
      <file name="mcp.ts" path="/Users/thiagoalves/Desktop/Project-Organization/src/dominio/mcp.ts">
        <metrics statements="57" coveredstatements="57" conditionals="55" coveredconditionals="49" methods="28" coveredmethods="28"/>
        <line num="66" count="2" type="stmt"/>
        <line num="75" count="2" type="stmt"/>
        <line num="77" count="2" type="stmt"/>
        <line num="79" count="2" type="stmt"/>
        <line num="81" count="2" type="stmt"/>
        <line num="83" count="2" type="stmt"/>
        <line num="269" count="14" type="stmt"/>
        <line num="275" count="2" type="stmt"/>
        <line num="276" count="2" type="stmt"/>
        <line num="282" count="2" type="stmt"/>
        <line num="289" count="75" type="stmt"/>
        <line num="293" count="6" type="stmt"/>
        <line num="294" count="3" type="stmt"/>
        <line num="295" count="3" type="cond" truecount="1" falsecount="1"/>
        <line num="313" count="15" type="cond" truecount="4" falsecount="0"/>
        <line num="314" count="3" type="stmt"/>
        <line num="316" count="12" type="cond" truecount="2" falsecount="0"/>
        <line num="317" count="1" type="stmt"/>
        <line num="319" count="11" type="cond" truecount="2" falsecount="0"/>
        <line num="320" count="1" type="stmt"/>
        <line num="323" count="10" type="stmt"/>
        <line num="325" count="10" type="stmt"/>
        <line num="326" count="26" type="stmt"/>
        <line num="327" count="23" type="stmt"/>
        <line num="331" count="15" type="cond" truecount="2" falsecount="0"/>
        <line num="332" count="12" type="cond" truecount="3" falsecount="1"/>
        <line num="334" count="9" type="cond" truecount="3" falsecount="0"/>
        <line num="338" count="10" type="stmt"/>
        <line num="339" count="34" type="stmt"/>
        <line num="340" count="34" type="cond" truecount="2" falsecount="0"/>
        <line num="341" count="27" type="cond" truecount="2" falsecount="0"/>
        <line num="342" count="1" type="stmt"/>
        <line num="351" count="2" type="stmt"/>
        <line num="367" count="11" type="cond" truecount="4" falsecount="0"/>
        <line num="368" count="6" type="stmt"/>
        <line num="369" count="6" type="cond" truecount="2" falsecount="0"/>
        <line num="370" count="4" type="stmt"/>
        <line num="373" count="2" type="stmt"/>
        <line num="377" count="4" type="cond" truecount="2" falsecount="0"/>
        <line num="378" count="2" type="stmt"/>
        <line num="395" count="2" type="stmt"/>
        <line num="414" count="29" type="stmt"/>
        <line num="419" count="1" type="stmt"/>
        <line num="443" count="2" type="stmt"/>
        <line num="454" count="6" type="stmt"/>
        <line num="455" count="55" type="stmt"/>
        <line num="467" count="55" type="cond" truecount="2" falsecount="0"/>
        <line num="473" count="2" type="stmt"/>
        <line num="474" count="2" type="stmt"/>
        <line num="475" count="8" type="stmt"/>
        <line num="476" count="8" type="cond" truecount="2" falsecount="0"/>
        <line num="477" count="1" type="stmt"/>
        <line num="493" count="1" type="stmt"/>
        <line num="494" count="1" type="stmt"/>
        <line num="495" count="1" type="stmt"/>
        <line num="514" count="2" type="stmt"/>
        <line num="548" count="7" type="cond" truecount="4" falsecount="0"/>
      </file>
      <file name="papeis.ts" path="/Users/thiagoalves/Desktop/Project-Organization/src/dominio/papeis.ts">
        <metrics statements="3" coveredstatements="3" conditionals="2" coveredconditionals="2" methods="1" coveredmethods="1"/>
        <line num="46" count="6" type="stmt"/>
        <line num="72" count="6" type="stmt"/>
        <line num="75" count="385" type="cond" truecount="2" falsecount="0"/>
      </file>
      <file name="pareceCredencial.ts" path="/Users/thiagoalves/Desktop/Project-Organization/src/dominio/pareceCredencial.ts">
        <metrics statements="13" coveredstatements="12" conditionals="4" coveredconditionals="4" methods="3" coveredmethods="3"/>
        <line num="13" count="8" type="stmt"/>
        <line num="43" count="530" type="cond" truecount="2" falsecount="0"/>
        <line num="44" count="526" type="stmt"/>
        <line num="47" count="8" type="stmt"/>
        <line num="51" count="396" type="cond" truecount="2" falsecount="0"/>
        <line num="73" count="2" type="stmt"/>
        <line num="74" count="2" type="stmt"/>
        <line num="75" count="2" type="stmt"/>
        <line num="76" count="2" type="stmt"/>
        <line num="77" count="2" type="stmt"/>
        <line num="78" count="2" type="stmt"/>
        <line num="79" count="2" type="stmt"/>
        <line num="83" count="0" type="stmt"/>
      </file>
      <file name="prompt.ts" path="/Users/thiagoalves/Desktop/Project-Organization/src/dominio/prompt.ts">
        <metrics statements="46" coveredstatements="43" conditionals="38" coveredconditionals="32" methods="18" coveredmethods="18"/>
        <line num="50" count="8" type="stmt"/>
        <line num="55" count="22" type="cond" truecount="2" falsecount="0"/>
        <line num="56" count="2" type="stmt"/>
        <line num="60" count="22" type="cond" truecount="2" falsecount="0"/>
        <line num="61" count="21" type="stmt"/>
        <line num="63" count="1" type="stmt"/>
        <line num="65" count="1" type="stmt"/>
        <line num="66" count="1" type="cond" truecount="1" falsecount="1"/>
        <line num="67" count="1" type="stmt"/>
        <line num="69" count="0" type="cond" truecount="0" falsecount="2"/>
        <line num="70" count="0" type="stmt"/>
        <line num="72" count="0" type="stmt"/>
        <line num="79" count="22" type="cond" truecount="2" falsecount="0"/>
        <line num="82" count="2" type="cond" truecount="2" falsecount="2"/>
        <line num="85" count="22" type="cond" truecount="2" falsecount="0"/>
        <line num="88" count="1" type="stmt"/>
        <line num="96" count="22" type="stmt"/>
        <line num="108" count="6" type="cond" truecount="2" falsecount="0"/>
        <line num="109" count="6" type="stmt"/>
        <line num="119" count="4" type="stmt"/>
        <line num="128" count="22" type="cond" truecount="4" falsecount="0"/>
        <line num="129" count="13" type="stmt"/>
        <line num="131" count="9" type="stmt"/>
        <line num="132" count="9" type="stmt"/>
        <line num="133" count="9" type="stmt"/>
        <line num="137" count="22" type="cond" truecount="2" falsecount="0"/>
        <line num="138" count="1" type="stmt"/>
        <line num="139" count="1" type="stmt"/>
        <line num="154" count="22" type="stmt"/>
        <line num="155" count="22" type="cond" truecount="2" falsecount="0"/>
        <line num="156" count="1" type="stmt"/>
        <line num="157" count="1" type="stmt"/>
        <line num="159" count="1" type="stmt"/>
        <line num="170" count="22" type="stmt"/>
        <line num="172" count="22" type="stmt"/>
        <line num="183" count="22" type="cond" truecount="2" falsecount="0"/>
        <line num="184" count="1" type="stmt"/>
        <line num="192" count="22" type="cond" truecount="2" falsecount="0"/>
        <line num="193" count="22" type="cond" truecount="2" falsecount="0"/>
        <line num="194" count="22" type="stmt"/>
        <line num="196" count="22" type="stmt"/>
        <line num="214" count="22" type="stmt"/>
        <line num="215" count="22" type="cond" truecount="2" falsecount="0"/>
        <line num="217" count="22" type="stmt"/>
        <line num="218" count="22" type="cond" truecount="2" falsecount="0"/>
        <line num="220" count="22" type="stmt"/>
      </file>
      <file name="repositorioGithub.ts" path="/Users/thiagoalves/Desktop/Project-Organization/src/dominio/repositorioGithub.ts">
        <metrics statements="70" coveredstatements="69" conditionals="66" coveredconditionals="60" methods="10" coveredmethods="10"/>
        <line num="21" count="1" type="stmt"/>
        <line num="24" count="28" type="cond" truecount="3" falsecount="0"/>
        <line num="33" count="15" type="cond" truecount="2" falsecount="0"/>
        <line num="37" count="15" type="stmt"/>
        <line num="38" count="15" type="cond" truecount="4" falsecount="0"/>
        <line num="39" count="12" type="stmt"/>
        <line num="50" count="22" type="stmt"/>
        <line num="51" count="22" type="cond" truecount="2" falsecount="0"/>
        <line num="54" count="20" type="stmt"/>
        <line num="55" count="20" type="cond" truecount="2" falsecount="0"/>
        <line num="59" count="18" type="stmt"/>
        <line num="60" count="18" type="cond" truecount="2" falsecount="0"/>
        <line num="62" count="11" type="stmt"/>
        <line num="63" count="11" type="cond" truecount="2" falsecount="0"/>
        <line num="65" count="0" type="stmt"/>
        <line num="67" count="11" type="cond" truecount="1" falsecount="1"/>
        <line num="68" count="11" type="stmt"/>
        <line num="69" count="11" type="cond" truecount="2" falsecount="0"/>
        <line num="70" count="9" type="stmt"/>
        <line num="74" count="7" type="stmt"/>
        <line num="75" count="7" type="cond" truecount="2" falsecount="0"/>
        <line num="76" count="4" type="stmt"/>
        <line num="83" count="1" type="stmt"/>
        <line num="84" count="1" type="stmt"/>
        <line num="85" count="1" type="stmt"/>
        <line num="86" count="1" type="stmt"/>
        <line num="87" count="1" type="stmt"/>
        <line num="88" count="1" type="stmt"/>
        <line num="90" count="1" type="stmt"/>
        <line num="91" count="1" type="stmt"/>
        <line num="113" count="1" type="stmt"/>
        <line num="121" count="134" type="stmt"/>
        <line num="122" count="134" type="stmt"/>
        <line num="123" count="13582" type="stmt"/>
        <line num="124" count="13582" type="cond" truecount="3" falsecount="0"/>
        <line num="125" count="13582" type="cond" truecount="2" falsecount="0"/>
        <line num="126" count="40" type="stmt"/>
        <line num="127" count="40" type="stmt"/>
        <line num="129" count="13542" type="cond" truecount="4" falsecount="0"/>
        <line num="130" count="13540" type="stmt"/>
        <line num="132" count="134" type="stmt"/>
        <line num="149" count="84" type="stmt"/>
        <line num="150" count="84" type="cond" truecount="2" falsecount="0"/>
        <line num="151" count="5" type="stmt"/>
        <line num="176" count="90" type="cond" truecount="2" falsecount="0"/>
        <line num="178" count="86" type="cond" truecount="2" falsecount="0"/>
        <line num="179" count="90" type="stmt"/>
        <line num="180" count="90" type="stmt"/>
        <line num="184" count="90" type="cond" truecount="1" falsecount="1"/>
        <line num="185" count="86" type="cond" truecount="2" falsecount="0"/>
        <line num="186" count="84" type="stmt"/>
        <line num="222" count="1" type="stmt"/>
        <line num="223" count="1" type="stmt"/>
        <line num="226" count="23" type="cond" truecount="5" falsecount="0"/>
        <line num="230" count="21" type="cond" truecount="1" falsecount="1"/>
        <line num="231" count="23" type="cond" truecount="1" falsecount="1"/>
        <line num="232" count="23" type="cond" truecount="4" falsecount="0"/>
        <line num="233" count="23" type="stmt"/>
        <line num="237" count="23" type="stmt"/>
        <line num="238" count="23" type="stmt"/>
        <line num="239" count="23" type="stmt"/>
        <line num="240" count="49" type="cond" truecount="2" falsecount="0"/>
        <line num="241" count="48" type="cond" truecount="1" falsecount="1"/>
        <line num="242" count="48" type="stmt"/>
        <line num="246" count="48" type="cond" truecount="4" falsecount="1"/>
        <line num="247" count="48" type="stmt"/>
        <line num="248" count="48" type="stmt"/>
        <line num="250" count="23" type="stmt"/>
        <line num="263" count="23" type="stmt"/>
        <line num="264" count="23" type="stmt"/>
      </file>
      <file name="sugestorAgentes.ts" path="/Users/thiagoalves/Desktop/Project-Organization/src/dominio/sugestorAgentes.ts">
        <metrics statements="38" coveredstatements="38" conditionals="24" coveredconditionals="20" methods="9" coveredmethods="9"/>
        <line num="61" count="13" type="cond" truecount="2" falsecount="0"/>
        <line num="68" count="1" type="stmt"/>
        <line num="86" count="10" type="stmt"/>
        <line num="89" count="3" type="stmt"/>
        <line num="90" count="3" type="cond" truecount="1" falsecount="1"/>
        <line num="91" count="3" type="stmt"/>
        <line num="92" count="3" type="stmt"/>
        <line num="94" count="3" type="stmt"/>
        <line num="97" count="10" type="stmt"/>
        <line num="98" count="2" type="stmt"/>
        <line num="99" count="2" type="stmt"/>
        <line num="102" count="10" type="stmt"/>
        <line num="103" count="3" type="cond" truecount="4" falsecount="0"/>
        <line num="104" count="1" type="stmt"/>
        <line num="108" count="10" type="stmt"/>
        <line num="112" count="3" type="stmt"/>
        <line num="113" count="3" type="cond" truecount="3" falsecount="1"/>
        <line num="114" count="3" type="cond" truecount="2" falsecount="0"/>
        <line num="115" count="1" type="cond" truecount="1" falsecount="1"/>
        <line num="117" count="3" type="stmt"/>
        <line num="121" count="10" type="stmt"/>
        <line num="122" count="10" type="stmt"/>
        <line num="132" count="10" type="stmt"/>
        <line num="133" count="10" type="stmt"/>
        <line num="138" count="10" type="stmt"/>
        <line num="139" count="10" type="stmt"/>
        <line num="140" count="3" type="cond" truecount="1" falsecount="1"/>
        <line num="141" count="3" type="stmt"/>
        <line num="150" count="10" type="stmt"/>
        <line num="151" count="10" type="stmt"/>
        <line num="152" count="8" type="cond" truecount="2" falsecount="0"/>
        <line num="153" count="8" type="stmt"/>
        <line num="154" count="8" type="stmt"/>
        <line num="157" count="10" type="stmt"/>
        <line num="158" count="8" type="stmt"/>
        <line num="159" count="12" type="cond" truecount="4" falsecount="0"/>
        <line num="160" count="10" type="stmt"/>
        <line num="168" count="10" type="stmt"/>
      </file>
      <file name="tarefas.ts" path="/Users/thiagoalves/Desktop/Project-Organization/src/dominio/tarefas.ts">
        <metrics statements="4" coveredstatements="4" conditionals="2" coveredconditionals="2" methods="4" coveredmethods="4"/>
        <line num="15" count="8" type="stmt"/>
        <line num="17" count="4" type="cond" truecount="2" falsecount="0"/>
        <line num="20" count="7" type="stmt"/>
        <line num="29" count="7" type="stmt"/>
      </file>
      <file name="textoParaAgente.ts" path="/Users/thiagoalves/Desktop/Project-Organization/src/dominio/textoParaAgente.ts">
        <metrics statements="4" coveredstatements="4" conditionals="2" coveredconditionals="2" methods="3" coveredmethods="3"/>
        <line num="43" count="3" type="stmt"/>
        <line num="51" count="315" type="stmt"/>
        <line num="65" count="19" type="cond" truecount="2" falsecount="0"/>
        <line num="66" count="17" type="stmt"/>
      </file>
      <file name="textoSemInvisiveis.ts" path="/Users/thiagoalves/Desktop/Project-Organization/src/dominio/textoSemInvisiveis.ts">
        <metrics statements="4" coveredstatements="4" conditionals="0" coveredconditionals="0" methods="2" coveredmethods="2"/>
        <line num="19" count="4" type="stmt"/>
        <line num="20" count="12" type="stmt"/>
        <line num="22" count="4" type="stmt"/>
        <line num="27" count="20" type="stmt"/>
      </file>
      <file name="travaEntrada.ts" path="/Users/thiagoalves/Desktop/Project-Organization/src/dominio/travaEntrada.ts">
        <metrics statements="13" coveredstatements="13" conditionals="4" coveredconditionals="4" methods="4" coveredmethods="4"/>
        <line num="10" count="2" type="stmt"/>
        <line num="13" count="2" type="stmt"/>
        <line num="23" count="2" type="stmt"/>
        <line num="38" count="11" type="stmt"/>
        <line num="39" count="117" type="stmt"/>
        <line num="41" count="11" type="cond" truecount="2" falsecount="0"/>
        <line num="42" count="4" type="stmt"/>
        <line num="53" count="76" type="stmt"/>
        <line num="54" count="7" type="stmt"/>
        <line num="55" count="7" type="stmt"/>
        <line num="57" count="7" type="stmt"/>
        <line num="70" count="2" type="stmt"/>
        <line num="71" count="2" type="cond" truecount="2" falsecount="0"/>
      </file>
      <file name="validacaoAgenteProjeto.ts" path="/Users/thiagoalves/Desktop/Project-Organization/src/dominio/validacaoAgenteProjeto.ts">
        <metrics statements="44" coveredstatements="41" conditionals="47" coveredconditionals="39" methods="6" coveredmethods="6"/>
        <line num="36" count="1" type="stmt"/>
        <line num="37" count="1" type="stmt"/>
        <line num="38" count="1" type="stmt"/>
        <line num="39" count="1" type="stmt"/>
        <line num="43" count="1" type="stmt"/>
        <line num="44" count="1" type="stmt"/>
        <line num="47" count="2" type="stmt"/>
        <line num="48" count="26" type="stmt"/>
        <line num="49" count="26" type="cond" truecount="3" falsecount="1"/>
        <line num="51" count="2" type="stmt"/>
        <line num="57" count="2" type="cond" truecount="2" falsecount="0"/>
        <line num="62" count="2" type="cond" truecount="1" falsecount="1"/>
        <line num="63" count="2" type="stmt"/>
        <line num="64" count="2" type="cond" truecount="1" falsecount="1"/>
        <line num="65" count="0" type="stmt"/>
        <line num="67" count="2" type="cond" truecount="1" falsecount="1"/>
        <line num="68" count="0" type="stmt"/>
        <line num="70" count="2" type="stmt"/>
        <line num="80" count="10" type="cond" truecount="4" falsecount="1"/>
        <line num="81" count="0" type="stmt"/>
        <line num="83" count="10" type="stmt"/>
        <line num="85" count="10" type="stmt"/>
        <line num="86" count="10" type="cond" truecount="4" falsecount="0"/>
        <line num="87" count="3" type="cond" truecount="1" falsecount="1"/>
        <line num="90" count="3" type="stmt"/>
        <line num="91" count="3" type="cond" truecount="2" falsecount="0"/>
        <line num="92" count="2" type="cond" truecount="2" falsecount="0"/>
        <line num="93" count="1" type="stmt"/>
        <line num="95" count="1" type="stmt"/>
        <line num="99" count="9" type="stmt"/>
        <line num="100" count="9" type="cond" truecount="5" falsecount="0"/>
        <line num="101" count="7" type="cond" truecount="1" falsecount="1"/>
        <line num="102" count="7" type="cond" truecount="5" falsecount="0"/>
        <line num="103" count="3" type="stmt"/>
        <line num="108" count="4" type="stmt"/>
        <line num="111" count="6" type="stmt"/>
        <line num="116" count="69" type="cond" truecount="4" falsecount="0"/>
        <line num="117" count="2" type="stmt"/>
        <line num="121" count="2" type="cond" truecount="2" falsecount="0"/>
        <line num="122" count="1" type="stmt"/>
        <line num="124" count="1" type="stmt"/>
        <line num="125" count="2" type="stmt"/>
        <line num="126" count="2" type="cond" truecount="1" falsecount="1"/>
        <line num="128" count="1" type="stmt"/>
      </file>
      <file name="validacaoContexto.ts" path="/Users/thiagoalves/Desktop/Project-Organization/src/dominio/validacaoContexto.ts">
        <metrics statements="40" coveredstatements="36" conditionals="43" coveredconditionals="34" methods="2" coveredmethods="2"/>
        <line num="19" count="2" type="stmt"/>
        <line num="20" count="2" type="stmt"/>
        <line num="21" count="2" type="stmt"/>
        <line num="25" count="2" type="stmt"/>
        <line num="30" count="2" type="stmt"/>
        <line num="42" count="15" type="cond" truecount="2" falsecount="0"/>
        <line num="47" count="8" type="cond" truecount="4" falsecount="1"/>
        <line num="48" count="0" type="stmt"/>
        <line num="50" count="8" type="stmt"/>
        <line num="52" count="8" type="cond" truecount="1" falsecount="1"/>
        <line num="53" count="8" type="stmt"/>
        <line num="54" count="8" type="cond" truecount="1" falsecount="1"/>
        <line num="55" count="0" type="stmt"/>
        <line num="57" count="8" type="cond" truecount="2" falsecount="0"/>
        <line num="58" count="1" type="stmt"/>
        <line num="61" count="7" type="cond" truecount="1" falsecount="1"/>
        <line num="62" count="7" type="stmt"/>
        <line num="63" count="7" type="cond" truecount="1" falsecount="1"/>
        <line num="64" count="0" type="stmt"/>
        <line num="66" count="7" type="cond" truecount="2" falsecount="0"/>
        <line num="67" count="1" type="stmt"/>
        <line num="70" count="6" type="stmt"/>
        <line num="71" count="6" type="cond" truecount="4" falsecount="0"/>
        <line num="72" count="3" type="cond" truecount="1" falsecount="1"/>
        <line num="73" count="3" type="stmt"/>
        <line num="74" count="3" type="cond" truecount="2" falsecount="0"/>
        <line num="75" count="1" type="cond" truecount="1" falsecount="1"/>
        <line num="76" count="1" type="stmt"/>
        <line num="78" count="0" type="stmt"/>
        <line num="82" count="5" type="stmt"/>
        <line num="83" count="5" type="cond" truecount="4" falsecount="0"/>
        <line num="84" count="3" type="cond" truecount="1" falsecount="1"/>
        <line num="85" count="3" type="stmt"/>
        <line num="86" count="3" type="cond" truecount="1" falsecount="1"/>
        <line num="87" count="3" type="cond" truecount="2" falsecount="0"/>
        <line num="88" count="2" type="stmt"/>
        <line num="90" count="1" type="stmt"/>
        <line num="94" count="3" type="cond" truecount="4" falsecount="0"/>
        <line num="95" count="2" type="stmt"/>
        <line num="98" count="1" type="stmt"/>
      </file>
      <file name="validacaoInventario.ts" path="/Users/thiagoalves/Desktop/Project-Organization/src/dominio/validacaoInventario.ts">
        <metrics statements="59" coveredstatements="58" conditionals="60" coveredconditionals="58" methods="4" coveredmethods="4"/>
        <line num="18" count="1" type="stmt"/>
        <line num="19" count="1" type="stmt"/>
        <line num="28" count="1" type="stmt"/>
        <line num="29" count="1" type="stmt"/>
        <line num="30" count="1" type="stmt"/>
        <line num="31" count="1" type="stmt"/>
        <line num="37" count="1" type="stmt"/>
        <line num="38" count="1" type="stmt"/>
        <line num="41" count="32" type="stmt"/>
        <line num="42" count="262" type="stmt"/>
        <line num="43" count="262" type="cond" truecount="4" falsecount="0"/>
        <line num="45" count="31" type="stmt"/>
        <line num="50" count="1" type="stmt"/>
        <line num="55" count="1" type="stmt"/>
        <line num="70" count="48" type="cond" truecount="6" falsecount="0"/>
        <line num="71" count="12" type="cond" truecount="2" falsecount="0"/>
        <line num="72" count="7" type="stmt"/>
        <line num="74" count="36" type="cond" truecount="1" falsecount="1"/>
        <line num="75" count="36" type="stmt"/>
        <line num="76" count="36" type="cond" truecount="2" falsecount="0"/>
        <line num="77" count="4" type="stmt"/>
        <line num="79" count="32" type="cond" truecount="2" falsecount="0"/>
        <line num="80" count="1" type="stmt"/>
        <line num="82" count="31" type="cond" truecount="2" falsecount="0"/>
        <line num="83" count="4" type="stmt"/>
        <line num="85" count="27" type="stmt"/>
        <line num="95" count="13" type="cond" truecount="5" falsecount="0"/>
        <line num="96" count="3" type="stmt"/>
        <line num="98" count="10" type="stmt"/>
        <line num="100" count="10" type="cond" truecount="4" falsecount="0"/>
        <line num="101" count="3" type="stmt"/>
        <line num="104" count="7" type="stmt"/>
        <line num="105" count="7" type="cond" truecount="2" falsecount="0"/>
        <line num="107" count="2" type="stmt"/>
        <line num="120" count="20" type="cond" truecount="5" falsecount="0"/>
        <line num="121" count="2" type="stmt"/>
        <line num="123" count="18" type="stmt"/>
        <line num="125" count="18" type="cond" truecount="4" falsecount="0"/>
        <line num="126" count="1" type="stmt"/>
        <line num="129" count="17" type="stmt"/>
        <line num="130" count="17" type="cond" truecount="2" falsecount="0"/>
        <line num="132" count="14" type="stmt"/>
        <line num="133" count="14" type="cond" truecount="2" falsecount="0"/>
        <line num="135" count="10" type="stmt"/>
        <line num="136" count="10" type="cond" truecount="2" falsecount="0"/>
        <line num="138" count="8" type="stmt"/>
        <line num="139" count="8" type="cond" truecount="4" falsecount="0"/>
        <line num="140" count="6" type="cond" truecount="1" falsecount="1"/>
        <line num="141" count="0" type="stmt"/>
        <line num="143" count="6" type="stmt"/>
        <line num="144" count="6" type="cond" truecount="2" falsecount="0"/>
        <line num="145" count="5" type="cond" truecount="2" falsecount="0"/>
        <line num="146" count="2" type="stmt"/>
        <line num="148" count="3" type="cond" truecount="2" falsecount="0"/>
        <line num="149" count="1" type="stmt"/>
        <line num="154" count="2" type="cond" truecount="2" falsecount="0"/>
        <line num="155" count="1" type="stmt"/>
        <line num="157" count="1" type="stmt"/>
        <line num="161" count="4" type="stmt"/>
      </file>
      <file name="validacaoPatchSugestao.ts" path="/Users/thiagoalves/Desktop/Project-Organization/src/dominio/validacaoPatchSugestao.ts">
        <metrics statements="21" coveredstatements="18" conditionals="24" coveredconditionals="21" methods="1" coveredmethods="1"/>
        <line num="20" count="2" type="stmt"/>
        <line num="21" count="2" type="stmt"/>
        <line num="34" count="8" type="cond" truecount="4" falsecount="1"/>
        <line num="35" count="0" type="stmt"/>
        <line num="37" count="8" type="stmt"/>
        <line num="39" count="8" type="cond" truecount="5" falsecount="0"/>
        <line num="40" count="2" type="stmt"/>
        <line num="43" count="6" type="cond" truecount="2" falsecount="0"/>
        <line num="44" count="4" type="cond" truecount="4" falsecount="0"/>
        <line num="45" count="1" type="stmt"/>
        <line num="47" count="3" type="cond" truecount="1" falsecount="1"/>
        <line num="48" count="0" type="stmt"/>
        <line num="50" count="3" type="stmt"/>
        <line num="51" count="3" type="cond" truecount="2" falsecount="0"/>
        <line num="52" count="1" type="stmt"/>
        <line num="54" count="2" type="cond" truecount="2" falsecount="0"/>
        <line num="55" count="1" type="stmt"/>
        <line num="57" count="1" type="cond" truecount="1" falsecount="1"/>
        <line num="58" count="1" type="stmt"/>
        <line num="60" count="0" type="stmt"/>
        <line num="63" count="2" type="stmt"/>
      </file>
      <file name="validacaoProjeto.ts" path="/Users/thiagoalves/Desktop/Project-Organization/src/dominio/validacaoProjeto.ts">
        <metrics statements="31" coveredstatements="24" conditionals="26" coveredconditionals="15" methods="6" coveredmethods="5"/>
        <line num="8" count="2" type="stmt"/>
        <line num="15" count="2" type="stmt"/>
        <line num="17" count="2" type="stmt"/>
        <line num="23" count="2" type="stmt"/>
        <line num="31" count="13" type="cond" truecount="2" falsecount="0"/>
        <line num="42" count="2" type="stmt"/>
        <line num="57" count="28" type="cond" truecount="1" falsecount="1"/>
        <line num="65" count="12" type="stmt"/>
        <line num="66" count="12" type="stmt"/>
        <line num="68" count="12" type="cond" truecount="2" falsecount="0"/>
        <line num="69" count="10" type="cond" truecount="1" falsecount="1"/>
        <line num="70" count="0" type="stmt"/>
        <line num="78" count="10" type="cond" truecount="1" falsecount="1"/>
        <line num="79" count="10" type="cond" truecount="1" falsecount="1"/>
        <line num="80" count="0" type="stmt"/>
        <line num="85" count="10" type="cond" truecount="2" falsecount="0"/>
        <line num="86" count="3" type="stmt"/>
        <line num="88" count="7" type="cond" truecount="2" falsecount="0"/>
        <line num="89" count="2" type="stmt"/>
        <line num="92" count="5" type="stmt"/>
        <line num="101" count="4" type="stmt"/>
        <line num="102" count="4" type="cond" truecount="1" falsecount="1"/>
        <line num="104" count="4" type="stmt"/>
        <line num="105" count="4" type="cond" truecount="2" falsecount="0"/>
        <line num="106" count="1" type="stmt"/>
        <line num="109" count="3" type="stmt"/>
        <line num="122" count="0" type="cond" truecount="0" falsecount="2"/>
        <line num="123" count="0" type="cond" truecount="0" falsecount="2"/>
        <line num="124" count="0" type="cond" truecount="0" falsecount="2"/>
        <line num="125" count="0" type="stmt"/>
        <line num="127" count="0" type="stmt"/>
      </file>
      <file name="validacaoRelatorio.ts" path="/Users/thiagoalves/Desktop/Project-Organization/src/dominio/validacaoRelatorio.ts">
        <metrics statements="47" coveredstatements="44" conditionals="53" coveredconditionals="50" methods="3" coveredmethods="3"/>
        <line num="38" count="1" type="stmt"/>
        <line num="40" count="1" type="stmt"/>
        <line num="41" count="1" type="stmt"/>
        <line num="42" count="1" type="stmt"/>
        <line num="43" count="1" type="stmt"/>
        <line num="44" count="1" type="stmt"/>
        <line num="57" count="39" type="cond" truecount="2" falsecount="0"/>
        <line num="61" count="5" type="cond" truecount="4" falsecount="1"/>
        <line num="62" count="0" type="stmt"/>
        <line num="64" count="5" type="stmt"/>
        <line num="65" count="5" type="cond" truecount="2" falsecount="0"/>
        <line num="66" count="1" type="stmt"/>
        <line num="68" count="4" type="cond" truecount="2" falsecount="0"/>
        <line num="69" count="1" type="stmt"/>
        <line num="74" count="3" type="cond" truecount="2" falsecount="0"/>
        <line num="75" count="1" type="stmt"/>
        <line num="77" count="2" type="cond" truecount="1" falsecount="1"/>
        <line num="78" count="0" type="stmt"/>
        <line num="83" count="2" type="cond" truecount="2" falsecount="0"/>
        <line num="84" count="1" type="stmt"/>
        <line num="86" count="1" type="cond" truecount="1" falsecount="1"/>
        <line num="87" count="0" type="stmt"/>
        <line num="92" count="1" type="stmt"/>
        <line num="106" count="19" type="cond" truecount="5" falsecount="0"/>
        <line num="107" count="3" type="stmt"/>
        <line num="109" count="16" type="stmt"/>
        <line num="111" count="16" type="cond" truecount="2" falsecount="0"/>
        <line num="112" count="2" type="stmt"/>
        <line num="114" count="14" type="cond" truecount="4" falsecount="0"/>
        <line num="115" count="1" type="stmt"/>
        <line num="117" count="13" type="cond" truecount="2" falsecount="0"/>
        <line num="118" count="1" type="stmt"/>
        <line num="120" count="12" type="cond" truecount="2" falsecount="0"/>
        <line num="121" count="1" type="stmt"/>
        <line num="123" count="11" type="cond" truecount="5" falsecount="0"/>
        <line num="124" count="2" type="stmt"/>
        <line num="126" count="9" type="cond" truecount="4" falsecount="0"/>
        <line num="127" count="1" type="stmt"/>
        <line num="129" count="8" type="cond" truecount="4" falsecount="0"/>
        <line num="130" count="1" type="stmt"/>
        <line num="133" count="7" type="cond" truecount="2" falsecount="0"/>
        <line num="134" count="19" type="stmt"/>
        <line num="135" count="19" type="stmt"/>
        <line num="136" count="5" type="stmt"/>
        <line num="137" count="5" type="cond" truecount="2" falsecount="0"/>
        <line num="138" count="1" type="stmt"/>
        <line num="141" count="3" type="stmt"/>
      </file>
      <file name="validacaoSugestao.ts" path="/Users/thiagoalves/Desktop/Project-Organization/src/dominio/validacaoSugestao.ts">
        <metrics statements="28" coveredstatements="27" conditionals="33" coveredconditionals="27" methods="2" coveredmethods="2"/>
        <line num="24" count="2" type="stmt"/>
        <line num="25" count="2" type="stmt"/>
        <line num="27" count="2" type="stmt"/>
        <line num="28" count="2" type="stmt"/>
        <line num="29" count="2" type="stmt"/>
        <line num="30" count="2" type="stmt"/>
        <line num="45" count="39" type="cond" truecount="2" falsecount="0"/>
        <line num="50" count="9" type="cond" truecount="4" falsecount="1"/>
        <line num="51" count="0" type="stmt"/>
        <line num="53" count="9" type="stmt"/>
        <line num="58" count="9" type="cond" truecount="1" falsecount="1"/>
        <line num="59" count="9" type="cond" truecount="1" falsecount="1"/>
        <line num="60" count="9" type="cond" truecount="2" falsecount="0"/>
        <line num="61" count="1" type="stmt"/>
        <line num="63" count="8" type="cond" truecount="1" falsecount="1"/>
        <line num="64" count="8" type="cond" truecount="2" falsecount="0"/>
        <line num="65" count="1" type="stmt"/>
        <line num="67" count="7" type="cond" truecount="1" falsecount="1"/>
        <line num="68" count="7" type="cond" truecount="2" falsecount="0"/>
        <line num="69" count="1" type="stmt"/>
        <line num="71" count="6" type="cond" truecount="1" falsecount="1"/>
        <line num="72" count="6" type="cond" truecount="2" falsecount="0"/>
        <line num="73" count="1" type="stmt"/>
        <line num="75" count="5" type="cond" truecount="4" falsecount="0"/>
        <line num="76" count="1" type="stmt"/>
        <line num="78" count="4" type="cond" truecount="2" falsecount="0"/>
        <line num="82" count="1" type="stmt"/>
        <line num="85" count="3" type="stmt"/>
      </file>
      <file name="validacaoTarefa.ts" path="/Users/thiagoalves/Desktop/Project-Organization/src/dominio/validacaoTarefa.ts">
        <metrics statements="26" coveredstatements="25" conditionals="26" coveredconditionals="25" methods="6" coveredmethods="6"/>
        <line num="17" count="1" type="stmt"/>
        <line num="18" count="1" type="stmt"/>
        <line num="22" count="1" type="stmt"/>
        <line num="23" count="1" type="stmt"/>
        <line num="26" count="5" type="stmt"/>
        <line num="27" count="295" type="stmt"/>
        <line num="28" count="295" type="cond" truecount="4" falsecount="0"/>
        <line num="30" count="3" type="stmt"/>
        <line num="36" count="9" type="cond" truecount="2" falsecount="0"/>
        <line num="41" count="9" type="cond" truecount="2" falsecount="0"/>
        <line num="42" count="6" type="stmt"/>
        <line num="43" count="6" type="cond" truecount="2" falsecount="0"/>
        <line num="44" count="1" type="stmt"/>
        <line num="46" count="5" type="cond" truecount="2" falsecount="0"/>
        <line num="47" count="2" type="stmt"/>
        <line num="49" count="3" type="cond" truecount="2" falsecount="0"/>
        <line num="50" count="1" type="stmt"/>
        <line num="52" count="2" type="stmt"/>
        <line num="57" count="5" type="cond" truecount="4" falsecount="0"/>
        <line num="58" count="2" type="stmt"/>
        <line num="60" count="3" type="stmt"/>
        <line num="65" count="7" type="cond" truecount="6" falsecount="0"/>
        <line num="66" count="4" type="stmt"/>
        <line num="70" count="1" type="cond" truecount="1" falsecount="1"/>
        <line num="71" count="0" type="stmt"/>
        <line num="73" count="1" type="stmt"/>
      </file>
      <file name="visao.ts" path="/Users/thiagoalves/Desktop/Project-Organization/src/dominio/visao.ts">
        <metrics statements="118" coveredstatements="59" conditionals="119" coveredconditionals="43" methods="64" coveredmethods="23"/>
        <line num="48" count="6" type="stmt"/>
        <line num="54" count="6" type="stmt"/>
        <line num="60" count="6" type="stmt"/>
        <line num="82" count="6" type="stmt"/>
        <line num="84" count="6" type="stmt"/>
        <line num="94" count="5" type="stmt"/>
        <line num="101" count="5" type="stmt"/>
        <line num="102" count="5" type="stmt"/>
        <line num="106" count="24" type="stmt"/>
        <line num="107" count="24" type="cond" truecount="1" falsecount="1"/>
        <line num="108" count="24" type="stmt"/>
        <line num="114" count="6" type="stmt"/>
        <line num="115" count="6" type="stmt"/>
        <line num="121" count="16" type="stmt"/>
        <line num="122" count="16" type="stmt"/>
        <line num="127" count="2" type="stmt"/>
        <line num="128" count="2" type="stmt"/>
        <line num="129" count="2" type="cond" truecount="2" falsecount="2"/>
        <line num="130" count="2" type="stmt"/>
        <line num="139" count="0" type="stmt"/>
        <line num="143" count="0" type="stmt"/>
        <line num="144" count="0" type="stmt"/>
        <line num="146" count="0" type="stmt"/>
        <line num="167" count="152" type="stmt"/>
        <line num="168" count="152" type="stmt"/>
        <line num="169" count="152" type="stmt"/>
        <line num="185" count="5" type="stmt"/>
        <line num="186" count="2" type="stmt"/>
        <line num="188" count="0" type="stmt"/>
        <line num="192" count="0" type="stmt"/>
        <line num="215" count="0" type="stmt"/>
        <line num="216" count="0" type="stmt"/>
        <line num="217" count="0" type="stmt"/>
        <line num="218" count="0" type="stmt"/>
        <line num="220" count="0" type="cond" truecount="0" falsecount="2"/>
        <line num="221" count="0" type="stmt"/>
        <line num="237" count="0" type="stmt"/>
        <line num="248" count="0" type="stmt"/>
        <line num="262" count="0" type="cond" truecount="0" falsecount="2"/>
        <line num="266" count="0" type="stmt"/>
        <line num="271" count="0" type="stmt"/>
        <line num="272" count="0" type="stmt"/>
        <line num="290" count="0" type="stmt"/>
        <line num="291" count="0" type="cond" truecount="0" falsecount="2"/>
        <line num="292" count="0" type="stmt"/>
        <line num="293" count="0" type="stmt"/>
        <line num="295" count="0" type="cond" truecount="0" falsecount="2"/>
        <line num="298" count="0" type="stmt"/>
        <line num="327" count="0" type="stmt"/>
        <line num="328" count="0" type="cond" truecount="0" falsecount="3"/>
        <line num="329" count="0" type="stmt"/>
        <line num="330" count="0" type="stmt"/>
        <line num="370" count="5" type="stmt"/>
        <line num="376" count="5" type="cond" truecount="1" falsecount="1"/>
        <line num="377" count="0" type="cond" truecount="0" falsecount="2"/>
        <line num="379" count="5" type="cond" truecount="2" falsecount="0"/>
        <line num="380" count="2" type="stmt"/>
        <line num="389" count="5" type="cond" truecount="4" falsecount="0"/>
        <line num="390" count="5" type="stmt"/>
        <line num="416" count="5" type="stmt"/>
        <line num="417" count="5" type="cond" truecount="1" falsecount="1"/>
        <line num="419" count="5" type="stmt"/>
        <line num="420" count="5" type="stmt"/>
        <line num="421" count="5" type="stmt"/>
        <line num="422" count="5" type="stmt"/>
        <line num="424" count="5" type="stmt"/>
        <line num="425" count="2" type="cond" truecount="2" falsecount="1"/>
        <line num="426" count="0" type="cond" truecount="0" falsecount="4"/>
        <line num="427" count="5" type="cond" truecount="2" falsecount="0"/>
        <line num="429" count="5" type="stmt"/>
        <line num="430" count="5" type="stmt"/>
        <line num="431" count="5" type="stmt"/>
        <line num="433" count="5" type="stmt"/>
        <line num="434" count="0" type="cond" truecount="0" falsecount="2"/>
        <line num="435" count="0" type="stmt"/>
        <line num="437" count="5" type="stmt"/>
        <line num="449" count="2" type="stmt"/>
        <line num="490" count="5" type="stmt"/>
        <line num="491" count="5" type="stmt"/>
        <line num="492" count="5" type="cond" truecount="2" falsecount="0"/>
        <line num="493" count="5" type="stmt"/>
        <line num="495" count="5" type="stmt"/>
        <line num="501" count="5" type="stmt"/>
        <line num="508" count="5" type="stmt"/>
        <line num="513" count="5" type="stmt"/>
        <line num="535" count="0" type="stmt"/>
        <line num="536" count="0" type="cond" truecount="0" falsecount="2"/>
        <line num="537" count="0" type="cond" truecount="0" falsecount="2"/>
        <line num="539" count="0" type="stmt"/>
        <line num="544" count="0" type="stmt"/>
        <line num="559" count="6" type="stmt"/>
        <line num="565" count="6" type="stmt"/>
        <line num="571" count="6" type="stmt"/>
        <line num="579" count="6" type="stmt"/>
        <line num="586" count="6" type="stmt"/>
        <line num="594" count="0" type="cond" truecount="0" falsecount="4"/>
        <line num="595" count="0" type="cond" truecount="0" falsecount="4"/>
        <line num="596" count="0" type="cond" truecount="0" falsecount="4"/>
        <line num="597" count="0" type="cond" truecount="0" falsecount="2"/>
        <line num="599" count="0" type="stmt"/>
        <line num="634" count="0" type="stmt"/>
        <line num="658" count="0" type="stmt"/>
        <line num="659" count="0" type="stmt"/>
        <line num="661" count="0" type="stmt"/>
        <line num="663" count="0" type="cond" truecount="0" falsecount="2"/>
        <line num="665" count="0" type="stmt"/>
        <line num="666" count="0" type="stmt"/>
        <line num="667" count="0" type="stmt"/>
        <line num="669" count="0" type="stmt"/>
        <line num="696" count="5" type="cond" truecount="1" falsecount="1"/>
        <line num="714" count="0" type="stmt"/>
        <line num="715" count="0" type="stmt"/>
        <line num="716" count="0" type="stmt"/>
        <line num="717" count="0" type="stmt"/>
        <line num="725" count="0" type="stmt"/>
        <line num="726" count="0" type="stmt"/>
        <line num="727" count="0" type="stmt"/>
        <line num="728" count="0" type="stmt"/>
      </file>
    </package>
    <package name="servidor">
      <metrics statements="396" coveredstatements="138" conditionals="214" coveredconditionals="74" methods="88" coveredmethods="36"/>
      <file name="acesso.ts" path="/Users/thiagoalves/Desktop/Project-Organization/src/servidor/acesso.ts">
        <metrics statements="22" coveredstatements="22" conditionals="25" coveredconditionals="25" methods="5" coveredmethods="5"/>
        <line num="32" count="7" type="stmt"/>
        <line num="33" count="7" type="stmt"/>
        <line num="37" count="30" type="stmt"/>
        <line num="38" count="30" type="stmt"/>
        <line num="68" count="43" type="stmt"/>
        <line num="81" count="43" type="stmt"/>
        <line num="82" count="43" type="stmt"/>
        <line num="83" count="43" type="cond" truecount="2" falsecount="0"/>
        <line num="89" count="7" type="stmt"/>
        <line num="106" count="36" type="cond" truecount="2" falsecount="0"/>
        <line num="107" count="43" type="stmt"/>
        <line num="108" count="43" type="cond" truecount="5" falsecount="0"/>
        <line num="139" count="25" type="cond" truecount="2" falsecount="0"/>
        <line num="141" count="13" type="stmt"/>
        <line num="142" count="13" type="stmt"/>
        <line num="143" count="43" type="cond" truecount="2" falsecount="0"/>
        <line num="156" count="20" type="stmt"/>
        <line num="157" count="20" type="cond" truecount="2" falsecount="0"/>
        <line num="179" count="12" type="stmt"/>
        <line num="180" count="12" type="cond" truecount="4" falsecount="0"/>
        <line num="189" count="11" type="stmt"/>
        <line num="190" count="11" type="cond" truecount="2" falsecount="0"/>
      </file>
      <file name="acoes-sessao.ts" path="/Users/thiagoalves/Desktop/Project-Organization/src/servidor/acoes-sessao.ts">
        <metrics statements="20" coveredstatements="14" conditionals="10" coveredconditionals="7" methods="2" coveredmethods="1"/>
        <line num="1" count="1" type="stmt"/>
        <line num="34" count="3" type="stmt"/>
        <line num="35" count="3" type="stmt"/>
        <line num="37" count="3" type="cond" truecount="3" falsecount="1"/>
        <line num="38" count="0" type="stmt"/>
        <line num="45" count="3" type="stmt"/>
        <line num="46" count="3" type="cond" truecount="1" falsecount="1"/>
        <line num="47" count="0" type="stmt"/>
        <line num="53" count="3" type="cond" truecount="2" falsecount="0"/>
        <line num="54" count="1" type="stmt"/>
        <line num="55" count="1" type="stmt"/>
        <line num="58" count="2" type="cond" truecount="1" falsecount="1"/>
        <line num="63" count="0" type="stmt"/>
        <line num="71" count="2" type="stmt"/>
        <line num="73" count="2" type="stmt"/>
        <line num="74" count="2" type="stmt"/>
        <line num="82" count="2" type="stmt"/>
        <line num="87" count="0" type="stmt"/>
        <line num="88" count="0" type="stmt"/>
        <line num="89" count="0" type="stmt"/>
      </file>
      <file name="acoes-sugestao.ts" path="/Users/thiagoalves/Desktop/Project-Organization/src/servidor/acoes-sugestao.ts">
        <metrics statements="37" coveredstatements="10" conditionals="28" coveredconditionals="4" methods="6" coveredmethods="4"/>
        <line num="1" count="1" type="stmt"/>
        <line num="15" count="4" type="stmt"/>
        <line num="16" count="4" type="stmt"/>
        <line num="17" count="0" type="stmt"/>
        <line num="19" count="4" type="cond" truecount="1" falsecount="1"/>
        <line num="20" count="0" type="stmt"/>
        <line num="25" count="0" type="cond" truecount="0" falsecount="2"/>
        <line num="29" count="0" type="cond" truecount="0" falsecount="2"/>
        <line num="42" count="2" type="stmt"/>
        <line num="43" count="2" type="cond" truecount="1" falsecount="1"/>
        <line num="45" count="0" type="cond" truecount="0" falsecount="4"/>
        <line num="46" count="0" type="stmt"/>
        <line num="49" count="0" type="stmt"/>
        <line num="50" count="0" type="stmt"/>
        <line num="52" count="0" type="stmt"/>
        <line num="55" count="0" type="stmt"/>
        <line num="56" count="0" type="stmt"/>
        <line num="64" count="1" type="stmt"/>
        <line num="65" count="1" type="cond" truecount="1" falsecount="1"/>
        <line num="67" count="0" type="cond" truecount="0" falsecount="4"/>
        <line num="68" count="0" type="stmt"/>
        <line num="71" count="0" type="stmt"/>
        <line num="72" count="0" type="stmt"/>
        <line num="74" count="0" type="stmt"/>
        <line num="77" count="0" type="stmt"/>
        <line num="78" count="0" type="stmt"/>
        <line num="93" count="1" type="stmt"/>
        <line num="94" count="1" type="cond" truecount="1" falsecount="1"/>
        <line num="96" count="0" type="cond" truecount="0" falsecount="4"/>
        <line num="97" count="0" type="stmt"/>
        <line num="99" count="0" type="cond" truecount="0" falsecount="4"/>
        <line num="100" count="0" type="stmt"/>
        <line num="103" count="0" type="stmt"/>
        <line num="104" count="0" type="stmt"/>
        <line num="106" count="0" type="stmt"/>
        <line num="109" count="0" type="stmt"/>
        <line num="110" count="0" type="stmt"/>
      </file>
      <file name="comparacaoSegura.ts" path="/Users/thiagoalves/Desktop/Project-Organization/src/servidor/comparacaoSegura.ts">
        <metrics statements="4" coveredstatements="4" conditionals="2" coveredconditionals="2" methods="1" coveredmethods="1"/>
        <line num="13" count="38" type="stmt"/>
        <line num="14" count="38" type="stmt"/>
        <line num="17" count="38" type="cond" truecount="2" falsecount="0"/>
        <line num="18" count="31" type="stmt"/>
      </file>
      <file name="contextos.ts" path="/Users/thiagoalves/Desktop/Project-Organization/src/servidor/contextos.ts">
        <metrics statements="22" coveredstatements="0" conditionals="9" coveredconditionals="0" methods="5" coveredmethods="0"/>
        <line num="51" count="0" type="stmt"/>
        <line num="70" count="0" type="stmt"/>
        <line num="71" count="0" type="stmt"/>
        <line num="75" count="0" type="stmt"/>
        <line num="77" count="0" type="stmt"/>
        <line num="83" count="0" type="stmt"/>
        <line num="84" count="0" type="stmt"/>
        <line num="89" count="0" type="stmt"/>
        <line num="91" count="0" type="stmt"/>
        <line num="115" count="0" type="stmt"/>
        <line num="117" count="0" type="stmt"/>
        <line num="118" count="0" type="stmt"/>
        <line num="125" count="0" type="stmt"/>
        <line num="127" count="0" type="cond" truecount="0" falsecount="6"/>
        <line num="132" count="0" type="stmt"/>
        <line num="134" count="0" type="stmt"/>
        <line num="146" count="0" type="stmt"/>
        <line num="148" count="0" type="stmt"/>
        <line num="149" count="0" type="stmt"/>
        <line num="153" count="0" type="cond" truecount="0" falsecount="2"/>
        <line num="154" count="0" type="stmt"/>
        <line num="157" count="0" type="stmt"/>
      </file>
      <file name="db.ts" path="/Users/thiagoalves/Desktop/Project-Organization/src/servidor/db.ts">
        <metrics statements="7" coveredstatements="5" conditionals="4" coveredconditionals="2" methods="1" coveredmethods="1"/>
        <line num="27" count="2" type="stmt"/>
        <line num="36" count="6" type="cond" truecount="1" falsecount="1"/>
        <line num="37" count="6" type="stmt"/>
        <line num="38" count="6" type="cond" truecount="1" falsecount="1"/>
        <line num="39" count="6" type="stmt"/>
        <line num="44" count="0" type="stmt"/>
        <line num="46" count="0" type="stmt"/>
      </file>
      <file name="erros.ts" path="/Users/thiagoalves/Desktop/Project-Organization/src/servidor/erros.ts">
        <metrics statements="9" coveredstatements="9" conditionals="8" coveredconditionals="8" methods="1" coveredmethods="1"/>
        <line num="14" count="5" type="stmt"/>
        <line num="23" count="6" type="cond" truecount="2" falsecount="0"/>
        <line num="25" count="4" type="cond" truecount="2" falsecount="0"/>
        <line num="26" count="3" type="cond" truecount="2" falsecount="0"/>
        <line num="28" count="1" type="stmt"/>
        <line num="30" count="2" type="cond" truecount="2" falsecount="0"/>
        <line num="33" count="1" type="stmt"/>
        <line num="37" count="2" type="stmt"/>
        <line num="38" count="2" type="stmt"/>
      </file>
      <file name="inventario.ts" path="/Users/thiagoalves/Desktop/Project-Organization/src/servidor/inventario.ts">
        <metrics statements="51" coveredstatements="0" conditionals="16" coveredconditionals="0" methods="11" coveredmethods="0"/>
        <line num="40" count="0" type="stmt"/>
        <line num="63" count="0" type="stmt"/>
        <line num="77" count="0" type="cond" truecount="0" falsecount="4"/>
        <line num="86" count="0" type="stmt"/>
        <line num="87" count="0" type="stmt"/>
        <line num="92" count="0" type="stmt"/>
        <line num="94" count="0" type="stmt"/>
        <line num="99" count="0" type="stmt"/>
        <line num="101" count="0" type="stmt"/>
        <line num="102" count="0" type="stmt"/>
        <line num="107" count="0" type="stmt"/>
        <line num="109" count="0" type="cond" truecount="0" falsecount="2"/>
        <line num="110" count="0" type="stmt"/>
        <line num="112" count="0" type="stmt"/>
        <line num="117" count="0" type="stmt"/>
        <line num="119" count="0" type="stmt"/>
        <line num="120" count="0" type="stmt"/>
        <line num="125" count="0" type="cond" truecount="0" falsecount="2"/>
        <line num="126" count="0" type="stmt"/>
        <line num="128" count="0" type="stmt"/>
        <line num="130" count="0" type="stmt"/>
        <line num="135" count="0" type="stmt"/>
        <line num="137" count="0" type="stmt"/>
        <line num="138" count="0" type="stmt"/>
        <line num="142" count="0" type="cond" truecount="0" falsecount="2"/>
        <line num="143" count="0" type="stmt"/>
        <line num="146" count="0" type="stmt"/>
        <line num="156" count="0" type="stmt"/>
        <line num="157" count="0" type="stmt"/>
        <line num="162" count="0" type="stmt"/>
        <line num="164" count="0" type="stmt"/>
        <line num="169" count="0" type="stmt"/>
        <line num="171" count="0" type="stmt"/>
        <line num="172" count="0" type="stmt"/>
        <line num="177" count="0" type="stmt"/>
        <line num="179" count="0" type="cond" truecount="0" falsecount="2"/>
        <line num="180" count="0" type="stmt"/>
        <line num="182" count="0" type="stmt"/>
        <line num="191" count="0" type="stmt"/>
        <line num="193" count="0" type="stmt"/>
        <line num="194" count="0" type="stmt"/>
        <line num="201" count="0" type="cond" truecount="0" falsecount="2"/>
        <line num="202" count="0" type="stmt"/>
        <line num="204" count="0" type="stmt"/>
        <line num="206" count="0" type="stmt"/>
        <line num="211" count="0" type="stmt"/>
        <line num="213" count="0" type="stmt"/>
        <line num="214" count="0" type="stmt"/>
        <line num="218" count="0" type="cond" truecount="0" falsecount="2"/>
        <line num="219" count="0" type="stmt"/>
        <line num="222" count="0" type="stmt"/>
      </file>
      <file name="mcp.ts" path="/Users/thiagoalves/Desktop/Project-Organization/src/servidor/mcp.ts">
        <metrics statements="79" coveredstatements="26" conditionals="46" coveredconditionals="4" methods="22" coveredmethods="9"/>
        <line num="87" count="1" type="stmt"/>
        <line num="88" count="1" type="stmt"/>
        <line num="103" count="0" type="stmt"/>
        <line num="113" count="2" type="stmt"/>
        <line num="116" count="1" type="stmt"/>
        <line num="125" count="1" type="cond" truecount="1" falsecount="1"/>
        <line num="126" count="1" type="stmt"/>
        <line num="132" count="0" type="cond" truecount="0" falsecount="2"/>
        <line num="133" count="0" type="stmt"/>
        <line num="134" count="0" type="stmt"/>
        <line num="145" count="0" type="cond" truecount="0" falsecount="2"/>
        <line num="162" count="0" type="stmt"/>
        <line num="163" count="0" type="stmt"/>
        <line num="164" count="0" type="cond" truecount="0" falsecount="2"/>
        <line num="165" count="0" type="stmt"/>
        <line num="169" count="0" type="stmt"/>
        <line num="170" count="0" type="stmt"/>
        <line num="174" count="0" type="stmt"/>
        <line num="175" count="0" type="cond" truecount="0" falsecount="2"/>
        <line num="177" count="0" type="stmt"/>
        <line num="178" count="0" type="stmt"/>
        <line num="179" count="0" type="stmt"/>
        <line num="186" count="1" type="stmt"/>
        <line num="192" count="0" type="cond" truecount="0" falsecount="2"/>
        <line num="193" count="0" type="cond" truecount="0" falsecount="4"/>
        <line num="194" count="0" type="stmt"/>
        <line num="197" count="0" type="stmt"/>
        <line num="198" count="0" type="stmt"/>
        <line num="199" count="0" type="cond" truecount="0" falsecount="2"/>
        <line num="204" count="0" type="cond" truecount="0" falsecount="4"/>
        <line num="205" count="0" type="stmt"/>
        <line num="207" count="0" type="stmt"/>
        <line num="208" count="0" type="cond" truecount="0" falsecount="2"/>
        <line num="209" count="0" type="stmt"/>
        <line num="212" count="0" type="cond" truecount="0" falsecount="2"/>
        <line num="213" count="0" type="stmt"/>
        <line num="215" count="0" type="stmt"/>
        <line num="226" count="0" type="stmt"/>
        <line num="227" count="0" type="cond" truecount="0" falsecount="2"/>
        <line num="229" count="0" type="stmt"/>
        <line num="233" count="0" type="stmt"/>
        <line num="237" count="0" type="stmt"/>
        <line num="238" count="0" type="cond" truecount="0" falsecount="2"/>
        <line num="240" count="0" type="stmt"/>
        <line num="241" count="0" type="stmt"/>
        <line num="247" count="1" type="stmt"/>
        <line num="249" count="0" type="stmt"/>
        <line num="254" count="0" type="cond" truecount="0" falsecount="2"/>
        <line num="256" count="0" type="stmt"/>
        <line num="257" count="0" type="stmt"/>
        <line num="276" count="0" type="stmt"/>
        <line num="278" count="0" type="stmt"/>
        <line num="279" count="0" type="cond" truecount="0" falsecount="2"/>
        <line num="284" count="0" type="stmt"/>
        <line num="290" count="0" type="cond" truecount="0" falsecount="2"/>
        <line num="292" count="0" type="stmt"/>
        <line num="293" count="0" type="stmt"/>
        <line num="294" count="0" type="cond" truecount="0" falsecount="4"/>
        <line num="295" count="0" type="stmt"/>
        <line num="303" count="0" type="stmt"/>
        <line num="304" count="0" type="stmt"/>
        <line num="315" count="1" type="stmt"/>
        <line num="326" count="2" type="stmt"/>
        <line num="327" count="2" type="cond" truecount="2" falsecount="0"/>
        <line num="329" count="1" type="stmt"/>
        <line num="330" count="1" type="stmt"/>
        <line num="332" count="1" type="stmt"/>
        <line num="337" count="7" type="stmt"/>
        <line num="340" count="5" type="stmt"/>
        <line num="352" count="5" type="stmt"/>
        <line num="353" count="5" type="stmt"/>
        <line num="354" count="2" type="cond" truecount="1" falsecount="1"/>
        <line num="357" count="5" type="stmt"/>
        <line num="365" count="5" type="stmt"/>
        <line num="366" count="5" type="stmt"/>
        <line num="371" count="5" type="stmt"/>
        <line num="372" count="5" type="stmt"/>
        <line num="373" count="5" type="stmt"/>
        <line num="377" count="5" type="stmt"/>
      </file>
      <file name="projetos.ts" path="/Users/thiagoalves/Desktop/Project-Organization/src/servidor/projetos.ts">
        <metrics statements="55" coveredstatements="1" conditionals="34" coveredconditionals="0" methods="10" coveredmethods="0"/>
        <line num="25" count="0" type="stmt"/>
        <line num="43" count="1" type="stmt"/>
        <line num="46" count="0" type="stmt"/>
        <line num="57" count="0" type="stmt"/>
        <line num="58" count="0" type="stmt"/>
        <line num="62" count="0" type="stmt"/>
        <line num="64" count="0" type="cond" truecount="0" falsecount="2"/>
        <line num="65" count="0" type="stmt"/>
        <line num="69" count="0" type="stmt"/>
        <line num="71" count="0" type="stmt"/>
        <line num="76" count="0" type="stmt"/>
        <line num="77" count="0" type="stmt"/>
        <line num="81" count="0" type="cond" truecount="0" falsecount="2"/>
        <line num="85" count="0" type="cond" truecount="0" falsecount="6"/>
        <line num="86" count="0" type="stmt"/>
        <line num="88" count="0" type="cond" truecount="0" falsecount="2"/>
        <line num="89" count="0" type="stmt"/>
        <line num="93" count="0" type="cond" truecount="0" falsecount="2"/>
        <line num="95" count="0" type="stmt"/>
        <line num="106" count="0" type="stmt"/>
        <line num="107" count="0" type="stmt"/>
        <line num="112" count="0" type="stmt"/>
        <line num="114" count="0" type="stmt"/>
        <line num="126" count="0" type="stmt"/>
        <line num="128" count="0" type="stmt"/>
        <line num="129" count="0" type="stmt"/>
        <line num="134" count="0" type="cond" truecount="0" falsecount="2"/>
        <line num="135" count="0" type="stmt"/>
        <line num="137" count="0" type="stmt"/>
        <line num="139" count="0" type="stmt"/>
        <line num="148" count="0" type="stmt"/>
        <line num="149" count="0" type="stmt"/>
        <line num="154" count="0" type="cond" truecount="0" falsecount="2"/>
        <line num="155" count="0" type="stmt"/>
        <line num="157" count="0" type="stmt"/>
        <line num="159" count="0" type="stmt"/>
        <line num="182" count="0" type="stmt"/>
        <line num="196" count="0" type="stmt"/>
        <line num="197" count="0" type="cond" truecount="0" falsecount="2"/>
        <line num="198" count="0" type="stmt"/>
        <line num="200" count="0" type="cond" truecount="0" falsecount="2"/>
        <line num="201" count="0" type="stmt"/>
        <line num="204" count="0" type="stmt"/>
        <line num="205" count="0" type="stmt"/>
        <line num="206" count="0" type="stmt"/>
        <line num="210" count="0" type="stmt"/>
        <line num="211" count="0" type="cond" truecount="0" falsecount="2"/>
        <line num="212" count="0" type="stmt"/>
        <line num="215" count="0" type="stmt"/>
        <line num="227" count="0" type="stmt"/>
        <line num="229" count="0" type="cond" truecount="0" falsecount="2"/>
        <line num="241" count="0" type="cond" truecount="0" falsecount="2"/>
        <line num="242" count="0" type="stmt"/>
        <line num="244" count="0" type="stmt"/>
        <line num="246" count="0" type="stmt"/>
      </file>
      <file name="relatorios.ts" path="/Users/thiagoalves/Desktop/Project-Organization/src/servidor/relatorios.ts">
        <metrics statements="13" coveredstatements="0" conditionals="0" coveredconditionals="0" methods="4" coveredmethods="0"/>
        <line num="22" count="0" type="stmt"/>
        <line num="41" count="0" type="stmt"/>
        <line num="42" count="0" type="stmt"/>
        <line num="47" count="0" type="stmt"/>
        <line num="49" count="0" type="stmt"/>
        <line num="59" count="0" type="stmt"/>
        <line num="60" count="0" type="stmt"/>
        <line num="66" count="0" type="stmt"/>
        <line num="68" count="0" type="stmt"/>
        <line num="81" count="0" type="stmt"/>
        <line num="82" count="0" type="stmt"/>
        <line num="93" count="0" type="stmt"/>
        <line num="95" count="0" type="stmt"/>
      </file>
      <file name="respostaApi.ts" path="/Users/thiagoalves/Desktop/Project-Organization/src/servidor/respostaApi.ts">
        <metrics statements="5" coveredstatements="4" conditionals="0" coveredconditionals="0" methods="2" coveredmethods="2"/>
        <line num="12" count="2" type="stmt"/>
        <line num="13" count="2" type="stmt"/>
        <line num="14" count="2" type="stmt"/>
        <line num="16" count="0" type="stmt"/>
        <line num="21" count="4" type="stmt"/>
      </file>
      <file name="sessao.ts" path="/Users/thiagoalves/Desktop/Project-Organization/src/servidor/sessao.ts">
        <metrics statements="25" coveredstatements="25" conditionals="24" coveredconditionals="21" methods="6" coveredmethods="6"/>
        <line num="24" count="9" type="stmt"/>
        <line num="30" count="9" type="stmt"/>
        <line num="33" count="20" type="stmt"/>
        <line num="51" count="70" type="cond" truecount="2" falsecount="0"/>
        <line num="52" count="32" type="cond" truecount="4" falsecount="0"/>
        <line num="53" count="27" type="stmt"/>
        <line num="62" count="11" type="stmt"/>
        <line num="63" count="11" type="cond" truecount="1" falsecount="1"/>
        <line num="64" count="11" type="stmt"/>
        <line num="65" count="11" type="stmt"/>
        <line num="70" count="2" type="stmt"/>
        <line num="80" count="23" type="stmt"/>
        <line num="81" count="23" type="cond" truecount="4" falsecount="0"/>
        <line num="83" count="13" type="stmt"/>
        <line num="84" count="13" type="cond" truecount="2" falsecount="0"/>
        <line num="86" count="11" type="stmt"/>
        <line num="87" count="11" type="stmt"/>
        <line num="88" count="11" type="cond" truecount="1" falsecount="1"/>
        <line num="90" count="11" type="stmt"/>
        <line num="91" count="11" type="cond" truecount="4" falsecount="0"/>
        <line num="92" count="10" type="cond" truecount="2" falsecount="0"/>
        <line num="94" count="9" type="stmt"/>
        <line num="99" count="3" type="stmt"/>
        <line num="100" count="3" type="cond" truecount="1" falsecount="1"/>
        <line num="101" count="3" type="stmt"/>
      </file>
      <file name="sugestoes.ts" path="/Users/thiagoalves/Desktop/Project-Organization/src/servidor/sugestoes.ts">
        <metrics statements="35" coveredstatements="8" conditionals="8" coveredconditionals="1" methods="8" coveredmethods="3"/>
        <line num="41" count="0" type="cond" truecount="0" falsecount="2"/>
        <line num="45" count="0" type="stmt"/>
        <line num="70" count="0" type="stmt"/>
        <line num="71" count="0" type="stmt"/>
        <line num="76" count="0" type="stmt"/>
        <line num="78" count="0" type="stmt"/>
        <line num="87" count="0" type="stmt"/>
        <line num="88" count="0" type="stmt"/>
        <line num="94" count="0" type="stmt"/>
        <line num="96" count="0" type="stmt"/>
        <line num="109" count="3" type="stmt"/>
        <line num="111" count="2" type="stmt"/>
        <line num="112" count="2" type="stmt"/>
        <line num="119" count="2" type="cond" truecount="1" falsecount="1"/>
        <line num="120" count="2" type="stmt"/>
        <line num="124" count="0" type="stmt"/>
        <line num="126" count="2" type="stmt"/>
        <line num="139" count="1" type="stmt"/>
        <line num="141" count="0" type="stmt"/>
        <line num="142" count="0" type="stmt"/>
        <line num="149" count="0" type="cond" truecount="0" falsecount="2"/>
        <line num="150" count="0" type="stmt"/>
        <line num="154" count="0" type="stmt"/>
        <line num="156" count="0" type="stmt"/>
        <line num="168" count="0" type="stmt"/>
        <line num="169" count="0" type="stmt"/>
        <line num="178" count="0" type="stmt"/>
        <line num="180" count="0" type="stmt"/>
        <line num="208" count="1" type="stmt"/>
        <line num="210" count="0" type="stmt"/>
        <line num="211" count="0" type="stmt"/>
        <line num="218" count="0" type="cond" truecount="0" falsecount="2"/>
        <line num="219" count="0" type="stmt"/>
        <line num="223" count="0" type="stmt"/>
        <line num="225" count="0" type="stmt"/>
      </file>
      <file name="tentativasEntrada.ts" path="/Users/thiagoalves/Desktop/Project-Organization/src/servidor/tentativasEntrada.ts">
        <metrics statements="12" coveredstatements="10" conditionals="0" coveredconditionals="0" methods="4" coveredmethods="3"/>
        <line num="28" count="3" type="stmt"/>
        <line num="29" count="3" type="stmt"/>
        <line num="34" count="0" type="stmt"/>
        <line num="35" count="0" type="stmt"/>
        <line num="39" count="3" type="stmt"/>
        <line num="40" count="3" type="stmt"/>
        <line num="46" count="1" type="stmt"/>
        <line num="47" count="1" type="stmt"/>
        <line num="49" count="1" type="stmt"/>
        <line num="62" count="2" type="stmt"/>
        <line num="63" count="2" type="stmt"/>
        <line num="65" count="2" type="stmt"/>
      </file>
    </package>
    <package name="testes">
      <metrics statements="13" coveredstatements="12" conditionals="6" coveredconditionals="5" methods="7" coveredmethods="7"/>
      <file name="envSandbox.ts" path="/Users/thiagoalves/Desktop/Project-Organization/src/testes/envSandbox.ts">
        <metrics statements="8" coveredstatements="7" conditionals="2" coveredconditionals="1" methods="4" coveredmethods="4"/>
        <line num="13" count="7" type="stmt"/>
        <line num="15" count="7" type="stmt"/>
        <line num="16" count="207" type="stmt"/>
        <line num="17" count="207" type="stmt"/>
        <line num="20" count="7" type="stmt"/>
        <line num="21" count="44" type="stmt"/>
        <line num="22" count="207" type="cond" truecount="1" falsecount="1"/>
        <line num="23" count="0" type="stmt"/>
      </file>
      <file name="mockNextHeaders.ts" path="/Users/thiagoalves/Desktop/Project-Organization/src/testes/mockNextHeaders.ts">
        <metrics statements="5" coveredstatements="5" conditionals="4" coveredconditionals="4" methods="3" coveredmethods="3"/>
        <line num="2" count="5" type="stmt"/>
        <line num="15" count="31" type="stmt"/>
        <line num="20" count="31" type="stmt"/>
        <line num="21" count="13" type="cond" truecount="2" falsecount="0"/>
        <line num="23" count="31" type="stmt"/>
      </file>
    </package>
  </project>
</coverage>
