{"/Users/thiagoalves/Desktop/Project-Organization/src/app/api/suggestions/route.ts": {"path":"/Users/thiagoalves/Desktop/Project-Organization/src/app/api/suggestions/route.ts","statementMap":{"0":{"start":{"line":25,"column":23},"end":{"line":25,"column":null}},"1":{"start":{"line":28,"column":2},"end":{"line":33,"column":null}},"2":{"start":{"line":29,"column":4},"end":{"line":29,"column":null}},"3":{"start":{"line":31,"column":4},"end":{"line":31,"column":null}},"4":{"start":{"line":31,"column":38},"end":{"line":31,"column":null}},"5":{"start":{"line":32,"column":4},"end":{"line":32,"column":null}},"6":{"start":{"line":35,"column":16},"end":{"line":35,"column":null}},"7":{"start":{"line":36,"column":2},"end":{"line":36,"column":null}},"8":{"start":{"line":36,"column":17},"end":{"line":36,"column":null}},"9":{"start":{"line":38,"column":19},"end":{"line":38,"column":null}},"10":{"start":{"line":39,"column":2},"end":{"line":39,"column":null}},"11":{"start":{"line":39,"column":20},"end":{"line":39,"column":null}},"12":{"start":{"line":41,"column":18},"end":{"line":41,"column":null}},"13":{"start":{"line":42,"column":2},"end":{"line":42,"column":null}},"14":{"start":{"line":42,"column":16},"end":{"line":42,"column":null}},"15":{"start":{"line":44,"column":2},"end":{"line":50,"column":null}},"16":{"start":{"line":45,"column":21},"end":{"line":45,"column":null}},"17":{"start":{"line":46,"column":4},"end":{"line":46,"column":null}},"18":{"start":{"line":48,"column":21},"end":{"line":48,"column":null}},"19":{"start":{"line":49,"column":4},"end":{"line":49,"column":null}}},"fnMap":{"0":{"name":"POST","decl":{"start":{"line":27,"column":22},"end":{"line":27,"column":27}},"loc":{"start":{"line":27,"column":41},"end":{"line":51,"column":null}},"line":27}},"branchMap":{"0":{"loc":{"start":{"line":31,"column":4},"end":{"line":31,"column":null}},"type":"if","locations":[{"start":{"line":31,"column":4},"end":{"line":31,"column":null}},{"start":{},"end":{}}],"line":31},"1":{"loc":{"start":{"line":36,"column":2},"end":{"line":36,"column":null}},"type":"if","locations":[{"start":{"line":36,"column":2},"end":{"line":36,"column":null}},{"start":{},"end":{}}],"line":36},"2":{"loc":{"start":{"line":39,"column":2},"end":{"line":39,"column":null}},"type":"if","locations":[{"start":{"line":39,"column":2},"end":{"line":39,"column":null}},{"start":{},"end":{}}],"line":39},"3":{"loc":{"start":{"line":42,"column":2},"end":{"line":42,"column":null}},"type":"if","locations":[{"start":{"line":42,"column":2},"end":{"line":42,"column":null}},{"start":{},"end":{}}],"line":42},"4":{"loc":{"start":{"line":48,"column":21},"end":{"line":48,"column":null}},"type":"cond-expr","locations":[{"start":{"line":48,"column":45},"end":{"line":48,"column":60}},{"start":{"line":48,"column":60},"end":{"line":48,"column":null}}],"line":48},"5":{"loc":{"start":{"line":49,"column":24},"end":{"line":49,"column":63}},"type":"cond-expr","locations":[{"start":{"line":49,"column":52},"end":{"line":49,"column":58}},{"start":{"line":49,"column":58},"end":{"line":49,"column":63}}],"line":49}},"s":{"0":1,"1":1,"2":1,"3":0,"4":0,"5":0,"6":1,"7":1,"8":0,"9":1,"10":1,"11":0,"12":1,"13":1,"14":0,"15":1,"16":1,"17":1,"18":0,"19":0},"f":{"0":1},"b":{"0":[0,0],"1":[0,1],"2":[0,1],"3":[0,1],"4":[0,0],"5":[0,0]},"meta":{"lastBranch":6,"lastFunction":1,"lastStatement":20,"seen":{"s:25:23:25:Infinity":0,"f:27:22:27:27":0,"s:28:2:33:Infinity":1,"s:29:4:29:Infinity":2,"b:31:4:31:Infinity:undefined:undefined:undefined:undefined":0,"s:31:4:31:Infinity":3,"s:31:38:31:Infinity":4,"s:32:4:32:Infinity":5,"s:35:16:35:Infinity":6,"b:36:2:36:Infinity:undefined:undefined:undefined:undefined":1,"s:36:2:36:Infinity":7,"s:36:17:36:Infinity":8,"s:38:19:38:Infinity":9,"b:39:2:39:Infinity:undefined:undefined:undefined:undefined":2,"s:39:2:39:Infinity":10,"s:39:20:39:Infinity":11,"s:41:18:41:Infinity":12,"b:42:2:42:Infinity:undefined:undefined:undefined:undefined":3,"s:42:2:42:Infinity":13,"s:42:16:42:Infinity":14,"s:44:2:50:Infinity":15,"s:45:21:45:Infinity":16,"s:46:4:46:Infinity":17,"s:48:21:48:Infinity":18,"b:48:45:48:60:48:60:48:Infinity":4,"s:49:4:49:Infinity":19,"b:49:52:49:58:49:58:49:63":5},"fnNames":{}}}
,"/Users/thiagoalves/Desktop/Project-Organization/src/app/api/suggestions/[id]/route.ts": {"path":"/Users/thiagoalves/Desktop/Project-Organization/src/app/api/suggestions/[id]/route.ts","statementMap":{"0":{"start":{"line":30,"column":23},"end":{"line":30,"column":null}},"1":{"start":{"line":32,"column":21},"end":{"line":32,"column":null}},"2":{"start":{"line":35,"column":2},"end":{"line":40,"column":null}},"3":{"start":{"line":36,"column":4},"end":{"line":36,"column":null}},"4":{"start":{"line":38,"column":4},"end":{"line":38,"column":null}},"5":{"start":{"line":38,"column":38},"end":{"line":38,"column":null}},"6":{"start":{"line":39,"column":4},"end":{"line":39,"column":null}},"7":{"start":{"line":42,"column":17},"end":{"line":42,"column":null}},"8":{"start":{"line":43,"column":2},"end":{"line":43,"column":null}},"9":{"start":{"line":43,"column":30},"end":{"line":43,"column":null}},"10":{"start":{"line":45,"column":16},"end":{"line":45,"column":null}},"11":{"start":{"line":46,"column":2},"end":{"line":46,"column":null}},"12":{"start":{"line":46,"column":17},"end":{"line":46,"column":null}},"13":{"start":{"line":48,"column":19},"end":{"line":48,"column":null}},"14":{"start":{"line":49,"column":2},"end":{"line":49,"column":null}},"15":{"start":{"line":49,"column":20},"end":{"line":49,"column":null}},"16":{"start":{"line":51,"column":29},"end":{"line":51,"column":null}},"17":{"start":{"line":53,"column":2},"end":{"line":66,"column":null}},"18":{"start":{"line":55,"column":6},"end":{"line":59,"column":null}},"19":{"start":{"line":61,"column":4},"end":{"line":61,"column":null}},"20":{"start":{"line":63,"column":4},"end":{"line":63,"column":null}},"21":{"start":{"line":63,"column":35},"end":{"line":63,"column":null}},"22":{"start":{"line":64,"column":21},"end":{"line":64,"column":null}},"23":{"start":{"line":65,"column":4},"end":{"line":65,"column":null}}},"fnMap":{"0":{"name":"PATCH","decl":{"start":{"line":34,"column":22},"end":{"line":34,"column":28}},"loc":{"start":{"line":34,"column":91},"end":{"line":67,"column":null}},"line":34}},"branchMap":{"0":{"loc":{"start":{"line":38,"column":4},"end":{"line":38,"column":null}},"type":"if","locations":[{"start":{"line":38,"column":4},"end":{"line":38,"column":null}},{"start":{},"end":{}}],"line":38},"1":{"loc":{"start":{"line":43,"column":2},"end":{"line":43,"column":null}},"type":"if","locations":[{"start":{"line":43,"column":2},"end":{"line":43,"column":null}},{"start":{},"end":{}}],"line":43},"2":{"loc":{"start":{"line":46,"column":2},"end":{"line":46,"column":null}},"type":"if","locations":[{"start":{"line":46,"column":2},"end":{"line":46,"column":null}},{"start":{},"end":{}}],"line":46},"3":{"loc":{"start":{"line":49,"column":2},"end":{"line":49,"column":null}},"type":"if","locations":[{"start":{"line":49,"column":2},"end":{"line":49,"column":null}},{"start":{},"end":{}}],"line":49},"4":{"loc":{"start":{"line":55,"column":6},"end":{"line":59,"column":null}},"type":"cond-expr","locations":[{"start":{"line":56,"column":10},"end":{"line":56,"column":null}},{"start":{"line":57,"column":10},"end":{"line":59,"column":null}}],"line":55},"5":{"loc":{"start":{"line":57,"column":10},"end":{"line":59,"column":null}},"type":"cond-expr","locations":[{"start":{"line":58,"column":12},"end":{"line":58,"column":null}},{"start":{"line":59,"column":12},"end":{"line":59,"column":null}}],"line":57},"6":{"loc":{"start":{"line":63,"column":4},"end":{"line":63,"column":null}},"type":"if","locations":[{"start":{"line":63,"column":4},"end":{"line":63,"column":null}},{"start":{},"end":{}}],"line":63},"7":{"loc":{"start":{"line":64,"column":21},"end":{"line":64,"column":null}},"type":"cond-expr","locations":[{"start":{"line":64,"column":45},"end":{"line":64,"column":60}},{"start":{"line":64,"column":60},"end":{"line":64,"column":null}}],"line":64}},"s":{"0":1,"1":1,"2":5,"3":5,"4":2,"5":2,"6":0,"7":3,"8":3,"9":2,"10":1,"11":1,"12":0,"13":1,"14":1,"15":0,"16":1,"17":1,"18":1,"19":0,"20":0,"21":0,"22":0,"23":0},"f":{"0":5},"b":{"0":[2,0],"1":[2,1],"2":[0,1],"3":[0,1],"4":[1,0],"5":[0,0],"6":[0,0],"7":[0,0]},"meta":{"lastBranch":8,"lastFunction":1,"lastStatement":24,"seen":{"s:30:23:30:Infinity":0,"s:32:21:32:Infinity":1,"f:34:22:34:28":0,"s:35:2:40:Infinity":2,"s:36:4:36:Infinity":3,"b:38:4:38:Infinity:undefined:undefined:undefined:undefined":0,"s:38:4:38:Infinity":4,"s:38:38:38:Infinity":5,"s:39:4:39:Infinity":6,"s:42:17:42:Infinity":7,"b:43:2:43:Infinity:undefined:undefined:undefined:undefined":1,"s:43:2:43:Infinity":8,"s:43:30:43:Infinity":9,"s:45:16:45:Infinity":10,"b:46:2:46:Infinity:undefined:undefined:undefined:undefined":2,"s:46:2:46:Infinity":11,"s:46:17:46:Infinity":12,"s:48:19:48:Infinity":13,"b:49:2:49:Infinity:undefined:undefined:undefined:undefined":3,"s:49:2:49:Infinity":14,"s:49:20:49:Infinity":15,"s:51:29:51:Infinity":16,"s:53:2:66:Infinity":17,"s:55:6:59:Infinity":18,"b:56:10:56:Infinity:57:10:59:Infinity":4,"b:58:12:58:Infinity:59:12:59:Infinity":5,"s:61:4:61:Infinity":19,"b:63:4:63:Infinity:undefined:undefined:undefined:undefined":6,"s:63:4:63:Infinity":20,"s:63:35:63:Infinity":21,"s:64:21:64:Infinity":22,"b:64:45:64:60:64:60:64:Infinity":7,"s:65:4:65:Infinity":23},"fnNames":{}}}
,"/Users/thiagoalves/Desktop/Project-Organization/src/dominio/agentePadrao.ts": {"path":"/Users/thiagoalves/Desktop/Project-Organization/src/dominio/agentePadrao.ts","statementMap":{"0":{"start":{"line":43,"column":20},"end":{"line":43,"column":null}},"1":{"start":{"line":45,"column":4},"end":{"line":45,"column":null}},"2":{"start":{"line":47,"column":24},"end":{"line":47,"column":null}},"3":{"start":{"line":49,"column":4},"end":{"line":49,"column":null}},"4":{"start":{"line":51,"column":2},"end":{"line":51,"column":null}},"5":{"start":{"line":56,"column":2},"end":{"line":56,"column":null}},"6":{"start":{"line":56,"column":34},"end":{"line":56,"column":47}}},"fnMap":{"0":{"name":"resolverConfiguracaoAgente","decl":{"start":{"line":38,"column":16},"end":{"line":38,"column":null}},"loc":{"start":{"line":42,"column":29},"end":{"line":52,"column":null}},"line":42},"1":{"name":"mapaAgentesPadrao","decl":{"start":{"line":55,"column":16},"end":{"line":55,"column":34}},"loc":{"start":{"line":55,"column":93},"end":{"line":57,"column":null}},"line":55},"2":{"name":"(anonymous_2)","decl":{"start":{"line":56,"column":23},"end":{"line":56,"column":28}},"loc":{"start":{"line":56,"column":34},"end":{"line":56,"column":47}},"line":56}},"branchMap":{"0":{"loc":{"start":{"line":43,"column":20},"end":{"line":43,"column":null}},"type":"binary-expr","locations":[{"start":{"line":43,"column":20},"end":{"line":43,"column":40}},{"start":{"line":43,"column":40},"end":{"line":43,"column":61}},{"start":{"line":43,"column":61},"end":{"line":43,"column":null}}],"line":43},"1":{"loc":{"start":{"line":45,"column":4},"end":{"line":45,"column":null}},"type":"cond-expr","locations":[{"start":{"line":45,"column":31},"end":{"line":45,"column":43}},{"start":{"line":45,"column":43},"end":{"line":45,"column":null}}],"line":45},"2":{"loc":{"start":{"line":45,"column":43},"end":{"line":45,"column":null}},"type":"cond-expr","locations":[{"start":{"line":45,"column":71},"end":{"line":45,"column":82}},{"start":{"line":45,"column":82},"end":{"line":45,"column":null}}],"line":45},"3":{"loc":{"start":{"line":47,"column":24},"end":{"line":47,"column":null}},"type":"binary-expr","locations":[{"start":{"line":47,"column":24},"end":{"line":47,"column":39}},{"start":{"line":47,"column":39},"end":{"line":47,"column":65}},{"start":{"line":47,"column":65},"end":{"line":47,"column":null}}],"line":47},"4":{"loc":{"start":{"line":49,"column":4},"end":{"line":49,"column":null}},"type":"cond-expr","locations":[{"start":{"line":49,"column":26},"end":{"line":49,"column":38}},{"start":{"line":49,"column":38},"end":{"line":49,"column":null}}],"line":49},"5":{"loc":{"start":{"line":49,"column":38},"end":{"line":49,"column":null}},"type":"cond-expr","locations":[{"start":{"line":49,"column":71},"end":{"line":49,"column":82}},{"start":{"line":49,"column":82},"end":{"line":49,"column":null}}],"line":49}},"s":{"0":6,"1":6,"2":6,"3":6,"4":6,"5":9,"6":2},"f":{"0":6,"1":9,"2":2},"b":{"0":[6,4,1],"1":[2,4],"2":[3,1],"3":[6,4,1],"4":[2,4],"5":[3,1]},"meta":{"lastBranch":6,"lastFunction":3,"lastStatement":7,"seen":{"f:38:16:38:Infinity":0,"s:43:20:43:Infinity":0,"b:43:20:43:40:43:40:43:61:43:61:43:Infinity":0,"s:45:4:45:Infinity":1,"b:45:31:45:43:45:43:45:Infinity":1,"b:45:71:45:82:45:82:45:Infinity":2,"s:47:24:47:Infinity":2,"b:47:24:47:39:47:39:47:65:47:65:47:Infinity":3,"s:49:4:49:Infinity":3,"b:49:26:49:38:49:38:49:Infinity":4,"b:49:71:49:82:49:82:49:Infinity":5,"s:51:2:51:Infinity":4,"f:55:16:55:34":1,"s:56:2:56:Infinity":5,"f:56:23:56:28":2,"s:56:34:56:47":6},"fnNames":{}}}
,"/Users/thiagoalves/Desktop/Project-Organization/src/dominio/agentes.ts": {"path":"/Users/thiagoalves/Desktop/Project-Organization/src/dominio/agentes.ts","statementMap":{"0":{"start":{"line":44,"column":20},"end":{"line":44,"column":null}},"1":{"start":{"line":44,"column":44},"end":{"line":44,"column":88}},"2":{"start":{"line":45,"column":20},"end":{"line":45,"column":null}},"3":{"start":{"line":45,"column":44},"end":{"line":45,"column":91}},"4":{"start":{"line":46,"column":2},"end":{"line":50,"column":null}},"5":{"start":{"line":63,"column":16},"end":{"line":63,"column":null}},"6":{"start":{"line":64,"column":2},"end":{"line":64,"column":null}},"7":{"start":{"line":64,"column":30},"end":{"line":64,"column":null}},"8":{"start":{"line":64,"column":68},"end":{"line":64,"column":null}},"9":{"start":{"line":65,"column":2},"end":{"line":65,"column":null}},"10":{"start":{"line":65,"column":29},"end":{"line":65,"column":null}},"11":{"start":{"line":66,"column":2},"end":{"line":66,"column":null}},"12":{"start":{"line":66,"column":35},"end":{"line":66,"column":null}},"13":{"start":{"line":67,"column":2},"end":{"line":67,"column":null}},"14":{"start":{"line":93,"column":18},"end":{"line":95,"column":null}},"15":{"start":{"line":94,"column":4},"end":{"line":94,"column":null}},"16":{"start":{"line":94,"column":39},"end":{"line":94,"column":56}},"17":{"start":{"line":94,"column":70},"end":{"line":94,"column":113}},"18":{"start":{"line":96,"column":28},"end":{"line":96,"column":null}},"19":{"start":{"line":96,"column":52},"end":{"line":96,"column":69}},"20":{"start":{"line":97,"column":24},"end":{"line":97,"column":null}},"21":{"start":{"line":97,"column":52},"end":{"line":97,"column":61}},"22":{"start":{"line":99,"column":25},"end":{"line":104,"column":null}},"23":{"start":{"line":100,"column":20},"end":{"line":100,"column":55}},"24":{"start":{"line":101,"column":17},"end":{"line":101,"column":49}},"25":{"start":{"line":102,"column":33},"end":{"line":102,"column":36}},"26":{"start":{"line":103,"column":17},"end":{"line":103,"column":44}},"27":{"start":{"line":104,"column":20},"end":{"line":104,"column":48}},"28":{"start":{"line":106,"column":16},"end":{"line":108,"column":null}},"29":{"start":{"line":106,"column":39},"end":{"line":106,"column":52}},"30":{"start":{"line":106,"column":87},"end":{"line":106,"column":98}},"31":{"start":{"line":107,"column":14},"end":{"line":107,"column":null}},"32":{"start":{"line":109,"column":29},"end":{"line":109,"column":null}},"33":{"start":{"line":111,"column":2},"end":{"line":120,"column":null}},"34":{"start":{"line":131,"column":2},"end":{"line":133,"column":null}},"35":{"start":{"line":132,"column":4},"end":{"line":132,"column":null}},"36":{"start":{"line":134,"column":2},"end":{"line":134,"column":null}},"37":{"start":{"line":134,"column":28},"end":{"line":134,"column":null}},"38":{"start":{"line":135,"column":2},"end":{"line":135,"column":null}},"39":{"start":{"line":135,"column":28},"end":{"line":135,"column":null}},"40":{"start":{"line":136,"column":2},"end":{"line":136,"column":null}},"41":{"start":{"line":150,"column":17},"end":{"line":152,"column":null}},"42":{"start":{"line":151,"column":20},"end":{"line":151,"column":38}},"43":{"start":{"line":152,"column":19},"end":{"line":152,"column":87}},"44":{"start":{"line":154,"column":2},"end":{"line":157,"column":null}},"45":{"start":{"line":155,"column":34},"end":{"line":155,"column":76}},"46":{"start":{"line":156,"column":34},"end":{"line":156,"column":76}},"47":{"start":{"line":210,"column":20},"end":{"line":210,"column":null}},"48":{"start":{"line":211,"column":2},"end":{"line":211,"column":null}},"49":{"start":{"line":211,"column":18},"end":{"line":211,"column":null}},"50":{"start":{"line":213,"column":15},"end":{"line":213,"column":null}},"51":{"start":{"line":214,"column":24},"end":{"line":214,"column":null}},"52":{"start":{"line":214,"column":52},"end":{"line":214,"column":61}},"53":{"start":{"line":216,"column":48},"end":{"line":225,"column":null}},"54":{"start":{"line":217,"column":20},"end":{"line":217,"column":96}},"55":{"start":{"line":217,"column":55},"end":{"line":217,"column":72}},"56":{"start":{"line":217,"column":86},"end":{"line":217,"column":95}},"57":{"start":{"line":218,"column":20},"end":{"line":218,"column":95}},"58":{"start":{"line":219,"column":24},"end":{"line":225,"column":6}},"59":{"start":{"line":227,"column":52},"end":{"line":239,"column":null}},"60":{"start":{"line":228,"column":19},"end":{"line":228,"column":36}},"61":{"start":{"line":230,"column":20},"end":{"line":230,"column":85}},"62":{"start":{"line":231,"column":17},"end":{"line":239,"column":6}},"63":{"start":{"line":241,"column":45},"end":{"line":248,"column":null}},"64":{"start":{"line":242,"column":20},"end":{"line":242,"column":55}},"65":{"start":{"line":243,"column":18},"end":{"line":247,"column":6}},"66":{"start":{"line":248,"column":20},"end":{"line":248,"column":48}},"67":{"start":{"line":250,"column":2},"end":{"line":250,"column":null}}},"fnMap":{"0":{"name":"reputacaoDoAgente","decl":{"start":{"line":43,"column":9},"end":{"line":43,"column":27}},"loc":{"start":{"line":43,"column":77},"end":{"line":51,"column":null}},"line":43},"1":{"name":"(anonymous_1)","decl":{"start":{"line":44,"column":30},"end":{"line":44,"column":38}},"loc":{"start":{"line":44,"column":44},"end":{"line":44,"column":88}},"line":44},"2":{"name":"(anonymous_2)","decl":{"start":{"line":45,"column":30},"end":{"line":45,"column":38}},"loc":{"start":{"line":45,"column":44},"end":{"line":45,"column":91}},"line":45},"3":{"name":"nomesConhecidos","decl":{"start":{"line":62,"column":9},"end":{"line":62,"column":25}},"loc":{"start":{"line":62,"column":116},"end":{"line":68,"column":null}},"line":62},"4":{"name":"fichaDoAgente","decl":{"start":{"line":86,"column":16},"end":{"line":86,"column":null}},"loc":{"start":{"line":92,"column":17},"end":{"line":121,"column":null}},"line":92},"5":{"name":"(anonymous_5)","decl":{"start":{"line":93,"column":29},"end":{"line":93,"column":38}},"loc":{"start":{"line":94,"column":4},"end":{"line":94,"column":null}},"line":94},"6":{"name":"(anonymous_6)","decl":{"start":{"line":94,"column":25},"end":{"line":94,"column":33}},"loc":{"start":{"line":94,"column":39},"end":{"line":94,"column":56}},"line":94},"7":{"name":"(anonymous_7)","decl":{"start":{"line":94,"column":58},"end":{"line":94,"column":63}},"loc":{"start":{"line":94,"column":70},"end":{"line":94,"column":113}},"line":94},"8":{"name":"(anonymous_8)","decl":{"start":{"line":96,"column":38},"end":{"line":96,"column":46}},"loc":{"start":{"line":96,"column":52},"end":{"line":96,"column":69}},"line":96},"9":{"name":"(anonymous_9)","decl":{"start":{"line":97,"column":41},"end":{"line":97,"column":46}},"loc":{"start":{"line":97,"column":52},"end":{"line":97,"column":61}},"line":97},"10":{"name":"(anonymous_10)","decl":{"start":{"line":100,"column":5},"end":{"line":100,"column":13}},"loc":{"start":{"line":100,"column":20},"end":{"line":100,"column":55}},"line":100},"11":{"name":"(anonymous_11)","decl":{"start":{"line":101,"column":5},"end":{"line":101,"column":10}},"loc":{"start":{"line":101,"column":17},"end":{"line":101,"column":49}},"line":101},"12":{"name":"(anonymous_12)","decl":{"start":{"line":102,"column":5},"end":{"line":102,"column":13}},"loc":{"start":{"line":102,"column":33},"end":{"line":102,"column":36}},"line":102},"13":{"name":"(anonymous_13)","decl":{"start":{"line":103,"column":5},"end":{"line":103,"column":10}},"loc":{"start":{"line":103,"column":17},"end":{"line":103,"column":44}},"line":103},"14":{"name":"(anonymous_14)","decl":{"start":{"line":104,"column":5},"end":{"line":104,"column":11}},"loc":{"start":{"line":104,"column":20},"end":{"line":104,"column":48}},"line":104},"15":{"name":"(anonymous_15)","decl":{"start":{"line":106,"column":28},"end":{"line":106,"column":33}},"loc":{"start":{"line":106,"column":39},"end":{"line":106,"column":52}},"line":106},"16":{"name":"(anonymous_16)","decl":{"start":{"line":106,"column":76},"end":{"line":106,"column":81}},"loc":{"start":{"line":106,"column":87},"end":{"line":106,"column":98}},"line":106},"17":{"name":"(anonymous_17)","decl":{"start":{"line":106,"column":101},"end":{"line":106,"column":null}},"loc":{"start":{"line":107,"column":14},"end":{"line":107,"column":null}},"line":107},"18":{"name":"ordenarPorAtividade","decl":{"start":{"line":130,"column":9},"end":{"line":130,"column":29}},"loc":{"start":{"line":130,"column":73},"end":{"line":137,"column":null}},"line":130},"19":{"name":"montarListaAgentes","decl":{"start":{"line":144,"column":16},"end":{"line":144,"column":null}},"loc":{"start":{"line":149,"column":18},"end":{"line":158,"column":null}},"line":149},"20":{"name":"(anonymous_20)","decl":{"start":{"line":151,"column":5},"end":{"line":151,"column":11}},"loc":{"start":{"line":151,"column":20},"end":{"line":151,"column":38}},"line":151},"21":{"name":"(anonymous_21)","decl":{"start":{"line":152,"column":5},"end":{"line":152,"column":10}},"loc":{"start":{"line":152,"column":19},"end":{"line":152,"column":87}},"line":152},"22":{"name":"(anonymous_22)","decl":{"start":{"line":155,"column":20},"end":{"line":155,"column":28}},"loc":{"start":{"line":155,"column":34},"end":{"line":155,"column":76}},"line":155},"23":{"name":"(anonymous_23)","decl":{"start":{"line":156,"column":20},"end":{"line":156,"column":28}},"loc":{"start":{"line":156,"column":34},"end":{"line":156,"column":76}},"line":156},"24":{"name":"fichaDetalheDoAgente","decl":{"start":{"line":203,"column":16},"end":{"line":203,"column":null}},"loc":{"start":{"line":209,"column":31},"end":{"line":251,"column":null}},"line":209},"25":{"name":"(anonymous_25)","decl":{"start":{"line":214,"column":41},"end":{"line":214,"column":46}},"loc":{"start":{"line":214,"column":52},"end":{"line":214,"column":61}},"line":214},"26":{"name":"(anonymous_26)","decl":{"start":{"line":217,"column":5},"end":{"line":217,"column":14}},"loc":{"start":{"line":217,"column":20},"end":{"line":217,"column":96}},"line":217},"27":{"name":"(anonymous_27)","decl":{"start":{"line":217,"column":41},"end":{"line":217,"column":49}},"loc":{"start":{"line":217,"column":55},"end":{"line":217,"column":72}},"line":217},"28":{"name":"(anonymous_28)","decl":{"start":{"line":217,"column":74},"end":{"line":217,"column":79}},"loc":{"start":{"line":217,"column":86},"end":{"line":217,"column":95}},"line":217},"29":{"name":"(anonymous_29)","decl":{"start":{"line":218,"column":5},"end":{"line":218,"column":11}},"loc":{"start":{"line":218,"column":20},"end":{"line":218,"column":95}},"line":218},"30":{"name":"(anonymous_30)","decl":{"start":{"line":219,"column":5},"end":{"line":219,"column":10}},"loc":{"start":{"line":219,"column":24},"end":{"line":225,"column":6}},"line":219},"31":{"name":"(anonymous_31)","decl":{"start":{"line":228,"column":5},"end":{"line":228,"column":13}},"loc":{"start":{"line":228,"column":19},"end":{"line":228,"column":36}},"line":228},"32":{"name":"(anonymous_32)","decl":{"start":{"line":230,"column":5},"end":{"line":230,"column":11}},"loc":{"start":{"line":230,"column":20},"end":{"line":230,"column":85}},"line":230},"33":{"name":"(anonymous_33)","decl":{"start":{"line":231,"column":5},"end":{"line":231,"column":10}},"loc":{"start":{"line":231,"column":17},"end":{"line":239,"column":6}},"line":231},"34":{"name":"(anonymous_34)","decl":{"start":{"line":242,"column":5},"end":{"line":242,"column":13}},"loc":{"start":{"line":242,"column":20},"end":{"line":242,"column":55}},"line":242},"35":{"name":"(anonymous_35)","decl":{"start":{"line":243,"column":5},"end":{"line":243,"column":10}},"loc":{"start":{"line":243,"column":18},"end":{"line":247,"column":6}},"line":243},"36":{"name":"(anonymous_36)","decl":{"start":{"line":248,"column":5},"end":{"line":248,"column":11}},"loc":{"start":{"line":248,"column":20},"end":{"line":248,"column":48}},"line":248}},"branchMap":{"0":{"loc":{"start":{"line":44,"column":44},"end":{"line":44,"column":88}},"type":"binary-expr","locations":[{"start":{"line":44,"column":44},"end":{"line":44,"column":65}},{"start":{"line":44,"column":65},"end":{"line":44,"column":88}}],"line":44},"1":{"loc":{"start":{"line":45,"column":44},"end":{"line":45,"column":91}},"type":"binary-expr","locations":[{"start":{"line":45,"column":44},"end":{"line":45,"column":71}},{"start":{"line":45,"column":71},"end":{"line":45,"column":91}}],"line":45},"2":{"loc":{"start":{"line":49,"column":13},"end":{"line":49,"column":null}},"type":"cond-expr","locations":[{"start":{"line":49,"column":38},"end":{"line":49,"column":45}},{"start":{"line":49,"column":45},"end":{"line":49,"column":null}}],"line":49},"3":{"loc":{"start":{"line":100,"column":20},"end":{"line":100,"column":55}},"type":"binary-expr","locations":[{"start":{"line":100,"column":20},"end":{"line":100,"column":42}},{"start":{"line":100,"column":42},"end":{"line":100,"column":55}}],"line":100},"4":{"loc":{"start":{"line":109,"column":29},"end":{"line":109,"column":null}},"type":"binary-expr","locations":[{"start":{"line":109,"column":29},"end":{"line":109,"column":41}},{"start":{"line":109,"column":41},"end":{"line":109,"column":null}}],"line":109},"5":{"loc":{"start":{"line":118,"column":26},"end":{"line":118,"column":null}},"type":"cond-expr","locations":[{"start":{"line":118,"column":47},"end":{"line":118,"column":87}},{"start":{"line":118,"column":87},"end":{"line":118,"column":null}}],"line":118},"6":{"loc":{"start":{"line":131,"column":2},"end":{"line":133,"column":null}},"type":"if","locations":[{"start":{"line":131,"column":2},"end":{"line":133,"column":null}},{"start":{},"end":{}}],"line":131},"7":{"loc":{"start":{"line":131,"column":6},"end":{"line":131,"column":52}},"type":"binary-expr","locations":[{"start":{"line":131,"column":6},"end":{"line":131,"column":30}},{"start":{"line":131,"column":30},"end":{"line":131,"column":52}}],"line":131},"8":{"loc":{"start":{"line":134,"column":2},"end":{"line":134,"column":null}},"type":"if","locations":[{"start":{"line":134,"column":2},"end":{"line":134,"column":null}},{"start":{},"end":{}}],"line":134},"9":{"loc":{"start":{"line":135,"column":2},"end":{"line":135,"column":null}},"type":"if","locations":[{"start":{"line":135,"column":2},"end":{"line":135,"column":null}},{"start":{},"end":{}}],"line":135},"10":{"loc":{"start":{"line":210,"column":20},"end":{"line":210,"column":null}},"type":"binary-expr","locations":[{"start":{"line":210,"column":20},"end":{"line":210,"column":38}},{"start":{"line":210,"column":38},"end":{"line":210,"column":null}}],"line":210},"11":{"loc":{"start":{"line":211,"column":2},"end":{"line":211,"column":null}},"type":"if","locations":[{"start":{"line":211,"column":2},"end":{"line":211,"column":null}},{"start":{},"end":{}}],"line":211},"12":{"loc":{"start":{"line":221,"column":19},"end":{"line":221,"column":null}},"type":"binary-expr","locations":[{"start":{"line":221,"column":19},"end":{"line":221,"column":60}},{"start":{"line":221,"column":60},"end":{"line":221,"column":null}}],"line":221},"13":{"loc":{"start":{"line":234,"column":19},"end":{"line":234,"column":null}},"type":"binary-expr","locations":[{"start":{"line":234,"column":19},"end":{"line":234,"column":60}},{"start":{"line":234,"column":60},"end":{"line":234,"column":null}}],"line":234},"14":{"loc":{"start":{"line":242,"column":20},"end":{"line":242,"column":55}},"type":"binary-expr","locations":[{"start":{"line":242,"column":20},"end":{"line":242,"column":42}},{"start":{"line":242,"column":42},"end":{"line":242,"column":55}}],"line":242},"15":{"loc":{"start":{"line":245,"column":12},"end":{"line":245,"column":null}},"type":"binary-expr","locations":[{"start":{"line":245,"column":12},"end":{"line":245,"column":54}},{"start":{"line":245,"column":54},"end":{"line":245,"column":null}}],"line":245}},"s":{"0":63,"1":9,"2":63,"3":5,"4":63,"5":4,"6":4,"7":3,"8":3,"9":4,"10":0,"11":4,"12":0,"13":4,"14":63,"15":55,"16":55,"17":6,"18":63,"19":9,"20":63,"21":3,"22":63,"23":3,"24":2,"25":2,"26":1,"27":0,"28":63,"29":6,"30":9,"31":6,"32":63,"33":63,"34":59,"35":1,"36":58,"37":6,"38":52,"39":1,"40":51,"41":3,"42":128,"43":52,"44":3,"45":52,"46":52,"47":4,"48":4,"49":1,"50":3,"51":3,"52":1,"53":3,"54":2,"55":2,"56":2,"57":1,"58":2,"59":3,"60":1,"61":0,"62":1,"63":3,"64":1,"65":1,"66":0,"67":3},"f":{"0":63,"1":9,"2":5,"3":4,"4":63,"5":55,"6":55,"7":6,"8":9,"9":3,"10":3,"11":2,"12":2,"13":1,"14":0,"15":6,"16":9,"17":6,"18":59,"19":3,"20":128,"21":52,"22":52,"23":52,"24":4,"25":1,"26":2,"27":2,"28":2,"29":1,"30":2,"31":1,"32":0,"33":1,"34":1,"35":1,"36":0},"b":{"0":[9,9],"1":[5,2],"2":[59,4],"3":[3,3],"4":[63,54],"5":[9,54],"6":[1,58],"7":[59,7],"8":[6,52],"9":[1,51],"10":[4,1],"11":[1,3],"12":[2,0],"13":[1,0],"14":[1,1],"15":[1,1]},"meta":{"lastBranch":16,"lastFunction":37,"lastStatement":68,"seen":{"f:43:9:43:27":0,"s:44:20:44:Infinity":0,"f:44:30:44:38":1,"s:44:44:44:88":1,"b:44:44:44:65:44:65:44:88":0,"s:45:20:45:Infinity":2,"f:45:30:45:38":2,"s:45:44:45:91":3,"b:45:44:45:71:45:71:45:91":1,"s:46:2:50:Infinity":4,"b:49:38:49:45:49:45:49:Infinity":2,"f:62:9:62:25":3,"s:63:16:63:Infinity":5,"s:64:2:64:Infinity":6,"s:64:30:64:Infinity":7,"s:64:68:64:Infinity":8,"s:65:2:65:Infinity":9,"s:65:29:65:Infinity":10,"s:66:2:66:Infinity":11,"s:66:35:66:Infinity":12,"s:67:2:67:Infinity":13,"f:86:16:86:Infinity":4,"s:93:18:95:Infinity":14,"f:93:29:93:38":5,"s:94:4:94:Infinity":15,"f:94:25:94:33":6,"s:94:39:94:56":16,"f:94:58:94:63":7,"s:94:70:94:113":17,"s:96:28:96:Infinity":18,"f:96:38:96:46":8,"s:96:52:96:69":19,"s:97:24:97:Infinity":20,"f:97:41:97:46":9,"s:97:52:97:61":21,"s:99:25:104:Infinity":22,"f:100:5:100:13":10,"s:100:20:100:55":23,"b:100:20:100:42:100:42:100:55":3,"f:101:5:101:10":11,"s:101:17:101:49":24,"f:102:5:102:13":12,"s:102:33:102:36":25,"f:103:5:103:10":13,"s:103:17:103:44":26,"f:104:5:104:11":14,"s:104:20:104:48":27,"s:106:16:108:Infinity":28,"f:106:28:106:33":15,"s:106:39:106:52":29,"f:106:76:106:81":16,"s:106:87:106:98":30,"f:106:101:106:Infinity":17,"s:107:14:107:Infinity":31,"s:109:29:109:Infinity":32,"b:109:29:109:41:109:41:109:Infinity":4,"s:111:2:120:Infinity":33,"b:118:47:118:87:118:87:118:Infinity":5,"f:130:9:130:29":18,"b:131:2:133:Infinity:undefined:undefined:undefined:undefined":6,"s:131:2:133:Infinity":34,"b:131:6:131:30:131:30:131:52":7,"s:132:4:132:Infinity":35,"b:134:2:134:Infinity:undefined:undefined:undefined:undefined":8,"s:134:2:134:Infinity":36,"s:134:28:134:Infinity":37,"b:135:2:135:Infinity:undefined:undefined:undefined:undefined":9,"s:135:2:135:Infinity":38,"s:135:28:135:Infinity":39,"s:136:2:136:Infinity":40,"f:144:16:144:Infinity":19,"s:150:17:152:Infinity":41,"f:151:5:151:11":20,"s:151:20:151:38":42,"f:152:5:152:10":21,"s:152:19:152:87":43,"s:154:2:157:Infinity":44,"f:155:20:155:28":22,"s:155:34:155:76":45,"f:156:20:156:28":23,"s:156:34:156:76":46,"f:203:16:203:Infinity":24,"s:210:20:210:Infinity":47,"b:210:20:210:38:210:38:210:Infinity":10,"b:211:2:211:Infinity:undefined:undefined:undefined:undefined":11,"s:211:2:211:Infinity":48,"s:211:18:211:Infinity":49,"s:213:15:213:Infinity":50,"s:214:24:214:Infinity":51,"f:214:41:214:46":25,"s:214:52:214:61":52,"s:216:48:225:Infinity":53,"f:217:5:217:14":26,"s:217:20:217:96":54,"f:217:41:217:49":27,"s:217:55:217:72":55,"f:217:74:217:79":28,"s:217:86:217:95":56,"f:218:5:218:11":29,"s:218:20:218:95":57,"f:219:5:219:10":30,"s:219:24:225:6":58,"b:221:19:221:60:221:60:221:Infinity":12,"s:227:52:239:Infinity":59,"f:228:5:228:13":31,"s:228:19:228:36":60,"f:230:5:230:11":32,"s:230:20:230:85":61,"f:231:5:231:10":33,"s:231:17:239:6":62,"b:234:19:234:60:234:60:234:Infinity":13,"s:241:45:248:Infinity":63,"f:242:5:242:13":34,"s:242:20:242:55":64,"b:242:20:242:42:242:42:242:55":14,"f:243:5:243:10":35,"s:243:18:247:6":65,"b:245:12:245:54:245:54:245:Infinity":15,"f:248:5:248:11":36,"s:248:20:248:48":66,"s:250:2:250:Infinity":67},"fnNames":{}}}
,"/Users/thiagoalves/Desktop/Project-Organization/src/dominio/agentesConhecidos.ts": {"path":"/Users/thiagoalves/Desktop/Project-Organization/src/dominio/agentesConhecidos.ts","statementMap":{"0":{"start":{"line":11,"column":53},"end":{"line":28,"column":null}}},"fnMap":{},"branchMap":{},"s":{"0":3},"f":{},"b":{},"meta":{"lastBranch":0,"lastFunction":0,"lastStatement":1,"seen":{"s:11:53:28:Infinity":0},"fnNames":{}}}
,"/Users/thiagoalves/Desktop/Project-Organization/src/dominio/cadencia.ts": {"path":"/Users/thiagoalves/Desktop/Project-Organization/src/dominio/cadencia.ts","statementMap":{"0":{"start":{"line":11,"column":37},"end":{"line":11,"column":null}},"1":{"start":{"line":13,"column":75},"end":{"line":17,"column":null}},"2":{"start":{"line":21,"column":2},"end":{"line":21,"column":null}},"3":{"start":{"line":21,"column":16},"end":{"line":21,"column":null}},"4":{"start":{"line":22,"column":2},"end":{"line":29,"column":null}},"5":{"start":{"line":24,"column":6},"end":{"line":24,"column":null}},"6":{"start":{"line":26,"column":6},"end":{"line":26,"column":null}},"7":{"start":{"line":28,"column":6},"end":{"line":28,"column":null}},"8":{"start":{"line":41,"column":2},"end":{"line":41,"column":null}},"9":{"start":{"line":41,"column":26},"end":{"line":41,"column":null}},"10":{"start":{"line":42,"column":2},"end":{"line":42,"column":null}},"11":{"start":{"line":45,"column":75},"end":{"line":50,"column":null}},"12":{"start":{"line":53,"column":56},"end":{"line":58,"column":null}},"13":{"start":{"line":61,"column":56},"end":{"line":66,"column":null}}},"fnMap":{"0":{"name":"faixaDoProjeto","decl":{"start":{"line":20,"column":16},"end":{"line":20,"column":31}},"loc":{"start":{"line":20,"column":80},"end":{"line":30,"column":null}},"line":20},"1":{"name":"patchParaFaixa","decl":{"start":{"line":40,"column":16},"end":{"line":40,"column":31}},"loc":{"start":{"line":40,"column":59},"end":{"line":43,"column":null}},"line":40}},"branchMap":{"0":{"loc":{"start":{"line":21,"column":2},"end":{"line":21,"column":null}},"type":"if","locations":[{"start":{"line":21,"column":2},"end":{"line":21,"column":null}},{"start":{},"end":{}}],"line":21},"1":{"loc":{"start":{"line":22,"column":2},"end":{"line":29,"column":null}},"type":"switch","locations":[{"start":{"line":23,"column":4},"end":{"line":24,"column":null}},{"start":{"line":25,"column":4},"end":{"line":26,"column":null}},{"start":{"line":27,"column":4},"end":{"line":28,"column":null}}],"line":22},"2":{"loc":{"start":{"line":41,"column":2},"end":{"line":41,"column":null}},"type":"if","locations":[{"start":{"line":41,"column":2},"end":{"line":41,"column":null}},{"start":{},"end":{}}],"line":41}},"s":{"0":7,"1":7,"2":12,"3":3,"4":9,"5":6,"6":2,"7":1,"8":7,"9":2,"10":5,"11":7,"12":7,"13":7},"f":{"0":12,"1":7},"b":{"0":[3,9],"1":[6,2,1],"2":[2,5]},"meta":{"lastBranch":3,"lastFunction":2,"lastStatement":14,"seen":{"s:11:37:11:Infinity":0,"s:13:75:17:Infinity":1,"f:20:16:20:31":0,"b:21:2:21:Infinity:undefined:undefined:undefined:undefined":0,"s:21:2:21:Infinity":2,"s:21:16:21:Infinity":3,"b:23:4:24:Infinity:25:4:26:Infinity:27:4:28:Infinity":1,"s:22:2:29:Infinity":4,"s:24:6:24:Infinity":5,"s:26:6:26:Infinity":6,"s:28:6:28:Infinity":7,"f:40:16:40:31":1,"b:41:2:41:Infinity:undefined:undefined:undefined:undefined":2,"s:41:2:41:Infinity":8,"s:41:26:41:Infinity":9,"s:42:2:42:Infinity":10,"s:45:75:50:Infinity":11,"s:53:56:58:Infinity":12,"s:61:56:66:Infinity":13},"fnNames":{}}}
,"/Users/thiagoalves/Desktop/Project-Organization/src/dominio/destinoSeguro.ts": {"path":"/Users/thiagoalves/Desktop/Project-Organization/src/dominio/destinoSeguro.ts","statementMap":{"0":{"start":{"line":20,"column":23},"end":{"line":20,"column":null}},"1":{"start":{"line":23,"column":21},"end":{"line":23,"column":null}},"2":{"start":{"line":26,"column":2},"end":{"line":26,"column":null}},"3":{"start":{"line":26,"column":59},"end":{"line":26,"column":null}},"4":{"start":{"line":30,"column":2},"end":{"line":30,"column":null}},"5":{"start":{"line":30,"column":32},"end":{"line":30,"column":null}},"6":{"start":{"line":33,"column":2},"end":{"line":37,"column":null}},"7":{"start":{"line":34,"column":4},"end":{"line":34,"column":null}},"8":{"start":{"line":36,"column":4},"end":{"line":36,"column":null}},"9":{"start":{"line":41,"column":2},"end":{"line":41,"column":null}},"10":{"start":{"line":41,"column":41},"end":{"line":41,"column":null}},"11":{"start":{"line":43,"column":2},"end":{"line":43,"column":null}}},"fnMap":{"0":{"name":"destinoSeguro","decl":{"start":{"line":25,"column":16},"end":{"line":25,"column":30}},"loc":{"start":{"line":25,"column":56},"end":{"line":44,"column":null}},"line":25}},"branchMap":{"0":{"loc":{"start":{"line":26,"column":2},"end":{"line":26,"column":null}},"type":"if","locations":[{"start":{"line":26,"column":2},"end":{"line":26,"column":null}},{"start":{},"end":{}}],"line":26},"1":{"loc":{"start":{"line":26,"column":6},"end":{"line":26,"column":59}},"type":"binary-expr","locations":[{"start":{"line":26,"column":6},"end":{"line":26,"column":37}},{"start":{"line":26,"column":37},"end":{"line":26,"column":59}}],"line":26},"2":{"loc":{"start":{"line":30,"column":2},"end":{"line":30,"column":null}},"type":"if","locations":[{"start":{"line":30,"column":2},"end":{"line":30,"column":null}},{"start":{},"end":{}}],"line":30},"3":{"loc":{"start":{"line":41,"column":2},"end":{"line":41,"column":null}},"type":"if","locations":[{"start":{"line":41,"column":2},"end":{"line":41,"column":null}},{"start":{},"end":{}}],"line":41}},"s":{"0":2,"1":2,"2":14,"3":4,"4":10,"5":3,"6":7,"7":7,"8":0,"9":7,"10":3,"11":4},"f":{"0":14},"b":{"0":[4,10],"1":[14,11],"2":[3,7],"3":[3,4]},"meta":{"lastBranch":4,"lastFunction":1,"lastStatement":12,"seen":{"s:20:23:20:Infinity":0,"s:23:21:23:Infinity":1,"f:25:16:25:30":0,"b:26:2:26:Infinity:undefined:undefined:undefined:undefined":0,"s:26:2:26:Infinity":2,"b:26:6:26:37:26:37:26:59":1,"s:26:59:26:Infinity":3,"b:30:2:30:Infinity:undefined:undefined:undefined:undefined":2,"s:30:2:30:Infinity":4,"s:30:32:30:Infinity":5,"s:33:2:37:Infinity":6,"s:34:4:34:Infinity":7,"s:36:4:36:Infinity":8,"b:41:2:41:Infinity:undefined:undefined:undefined:undefined":3,"s:41:2:41:Infinity":9,"s:41:41:41:Infinity":10,"s:43:2:43:Infinity":11},"fnNames":{}}}
,"/Users/thiagoalves/Desktop/Project-Organization/src/dominio/documentoAndamento.ts": {"path":"/Users/thiagoalves/Desktop/Project-Organization/src/dominio/documentoAndamento.ts","statementMap":{"0":{"start":{"line":40,"column":59},"end":{"line":45,"column":null}},"1":{"start":{"line":61,"column":2},"end":{"line":61,"column":null}},"2":{"start":{"line":61,"column":24},"end":{"line":61,"column":null}},"3":{"start":{"line":62,"column":2},"end":{"line":62,"column":null}},"4":{"start":{"line":62,"column":32},"end":{"line":62,"column":null}},"5":{"start":{"line":63,"column":15},"end":{"line":63,"column":null}},"6":{"start":{"line":64,"column":16},"end":{"line":64,"column":null}},"7":{"start":{"line":65,"column":2},"end":{"line":65,"column":null}},"8":{"start":{"line":66,"column":2},"end":{"line":66,"column":null}},"9":{"start":{"line":71,"column":2},"end":{"line":71,"column":null}},"10":{"start":{"line":71,"column":14},"end":{"line":71,"column":null}},"11":{"start":{"line":72,"column":2},"end":{"line":72,"column":null}},"12":{"start":{"line":72,"column":27},"end":{"line":72,"column":51}},"13":{"start":{"line":108,"column":12},"end":{"line":108,"column":null}},"14":{"start":{"line":109,"column":2},"end":{"line":109,"column":null}},"15":{"start":{"line":109,"column":10},"end":{"line":109,"column":null}},"16":{"start":{"line":110,"column":16},"end":{"line":110,"column":null}},"17":{"start":{"line":111,"column":42},"end":{"line":111,"column":null}},"18":{"start":{"line":112,"column":2},"end":{"line":112,"column":null}},"19":{"start":{"line":115,"column":21},"end":{"line":115,"column":null}},"20":{"start":{"line":122,"column":2},"end":{"line":124,"column":null}},"21":{"start":{"line":123,"column":4},"end":{"line":123,"column":null}},"22":{"start":{"line":125,"column":2},"end":{"line":142,"column":null}},"23":{"start":{"line":128,"column":8},"end":{"line":128,"column":null}},"24":{"start":{"line":130,"column":8},"end":{"line":134,"column":null}},"25":{"start":{"line":133,"column":26},"end":{"line":133,"column":111}},"26":{"start":{"line":135,"column":6},"end":{"line":140,"column":null}},"27":{"start":{"line":146,"column":13},"end":{"line":146,"column":null}},"28":{"start":{"line":147,"column":2},"end":{"line":152,"column":null}},"29":{"start":{"line":156,"column":2},"end":{"line":156,"column":null}},"30":{"start":{"line":165,"column":2},"end":{"line":177,"column":null}},"31":{"start":{"line":181,"column":21},"end":{"line":183,"column":null}},"32":{"start":{"line":182,"column":16},"end":{"line":182,"column":116}},"33":{"start":{"line":184,"column":19},"end":{"line":184,"column":null}},"34":{"start":{"line":184,"column":45},"end":{"line":184,"column":89}},"35":{"start":{"line":185,"column":2},"end":{"line":191,"column":null}},"36":{"start":{"line":203,"column":24},"end":{"line":203,"column":null}},"37":{"start":{"line":203,"column":55},"end":{"line":203,"column":75}},"38":{"start":{"line":204,"column":27},"end":{"line":204,"column":null}},"39":{"start":{"line":204,"column":58},"end":{"line":204,"column":81}},"40":{"start":{"line":206,"column":2},"end":{"line":222,"column":null}},"41":{"start":{"line":230,"column":2},"end":{"line":232,"column":null}},"42":{"start":{"line":231,"column":4},"end":{"line":231,"column":null}},"43":{"start":{"line":233,"column":13},"end":{"line":233,"column":null}},"44":{"start":{"line":233,"column":45},"end":{"line":233,"column":62}},"45":{"start":{"line":234,"column":18},"end":{"line":234,"column":null}},"46":{"start":{"line":234,"column":50},"end":{"line":234,"column":72}},"47":{"start":{"line":235,"column":16},"end":{"line":235,"column":null}},"48":{"start":{"line":235,"column":48},"end":{"line":235,"column":68}},"49":{"start":{"line":237,"column":17},"end":{"line":237,"column":null}},"50":{"start":{"line":238,"column":2},"end":{"line":238,"column":null}},"51":{"start":{"line":238,"column":14},"end":{"line":238,"column":null}},"52":{"start":{"line":239,"column":2},"end":{"line":239,"column":null}},"53":{"start":{"line":239,"column":19},"end":{"line":239,"column":null}},"54":{"start":{"line":240,"column":2},"end":{"line":240,"column":null}},"55":{"start":{"line":240,"column":17},"end":{"line":240,"column":null}},"56":{"start":{"line":241,"column":2},"end":{"line":241,"column":null}},"57":{"start":{"line":245,"column":2},"end":{"line":245,"column":null}},"58":{"start":{"line":249,"column":2},"end":{"line":249,"column":null}},"59":{"start":{"line":263,"column":18},"end":{"line":263,"column":null}},"60":{"start":{"line":263,"column":47},"end":{"line":263,"column":57}},"61":{"start":{"line":263,"column":99},"end":{"line":263,"column":107}},"62":{"start":{"line":264,"column":22},"end":{"line":267,"column":null}},"63":{"start":{"line":265,"column":34},"end":{"line":265,"column":44}},"64":{"start":{"line":266,"column":39},"end":{"line":266,"column":47}},"65":{"start":{"line":268,"column":28},"end":{"line":268,"column":null}},"66":{"start":{"line":268,"column":55},"end":{"line":268,"column":65}},"67":{"start":{"line":270,"column":26},"end":{"line":275,"column":null}},"68":{"start":{"line":271,"column":32},"end":{"line":271,"column":113}},"69":{"start":{"line":273,"column":13},"end":{"line":273,"column":null}},"70":{"start":{"line":277,"column":2},"end":{"line":296,"column":null}},"71":{"start":{"line":316,"column":28},"end":{"line":319,"column":null}},"72":{"start":{"line":317,"column":19},"end":{"line":317,"column":56}},"73":{"start":{"line":319,"column":20},"end":{"line":319,"column":91}},"74":{"start":{"line":321,"column":27},"end":{"line":323,"column":null}},"75":{"start":{"line":322,"column":4},"end":{"line":322,"column":null}},"76":{"start":{"line":324,"column":24},"end":{"line":324,"column":null}},"77":{"start":{"line":324,"column":55},"end":{"line":324,"column":75}},"78":{"start":{"line":325,"column":26},"end":{"line":325,"column":null}},"79":{"start":{"line":325,"column":52},"end":{"line":325,"column":75}},"80":{"start":{"line":326,"column":26},"end":{"line":326,"column":null}},"81":{"start":{"line":326,"column":52},"end":{"line":326,"column":75}},"82":{"start":{"line":327,"column":27},"end":{"line":327,"column":null}},"83":{"start":{"line":327,"column":57},"end":{"line":327,"column":92}},"84":{"start":{"line":328,"column":24},"end":{"line":328,"column":null}},"85":{"start":{"line":328,"column":56},"end":{"line":328,"column":76}},"86":{"start":{"line":330,"column":35},"end":{"line":332,"column":null}},"87":{"start":{"line":331,"column":11},"end":{"line":331,"column":null}},"88":{"start":{"line":333,"column":32},"end":{"line":333,"column":null}},"89":{"start":{"line":333,"column":56},"end":{"line":333,"column":103}},"90":{"start":{"line":334,"column":31},"end":{"line":334,"column":null}},"91":{"start":{"line":334,"column":55},"end":{"line":334,"column":77}},"92":{"start":{"line":336,"column":2},"end":{"line":357,"column":null}}},"fnMap":{"0":{"name":"calcularDesde","decl":{"start":{"line":60,"column":16},"end":{"line":60,"column":30}},"loc":{"start":{"line":60,"column":109},"end":{"line":67,"column":null}},"line":60},"1":{"name":"tocouPeriodo","decl":{"start":{"line":70,"column":9},"end":{"line":70,"column":22}},"loc":{"start":{"line":70,"column":82},"end":{"line":73,"column":null}},"line":70},"2":{"name":"(anonymous_2)","decl":{"start":{"line":72,"column":15},"end":{"line":72,"column":21}},"loc":{"start":{"line":72,"column":27},"end":{"line":72,"column":51}},"line":72},"3":{"name":"formatarDataHora","decl":{"start":{"line":107,"column":16},"end":{"line":107,"column":33}},"loc":{"start":{"line":107,"column":54},"end":{"line":113,"column":null}},"line":107},"4":{"name":"secaoRodadasTecnico","decl":{"start":{"line":121,"column":9},"end":{"line":121,"column":29}},"loc":{"start":{"line":121,"column":69},"end":{"line":143,"column":null}},"line":121},"5":{"name":"(anonymous_5)","decl":{"start":{"line":126,"column":5},"end":{"line":126,"column":10}},"loc":{"start":{"line":126,"column":16},"end":{"line":141,"column":5}},"line":126},"6":{"name":"(anonymous_6)","decl":{"start":{"line":133,"column":15},"end":{"line":133,"column":20}},"loc":{"start":{"line":133,"column":26},"end":{"line":133,"column":111}},"line":133},"7":{"name":"itemSugestaoTecnico","decl":{"start":{"line":145,"column":9},"end":{"line":145,"column":29}},"loc":{"start":{"line":145,"column":50},"end":{"line":153,"column":null}},"line":145},"8":{"name":"listaOuVazio","decl":{"start":{"line":155,"column":9},"end":{"line":155,"column":22}},"loc":{"start":{"line":155,"column":62},"end":{"line":157,"column":null}},"line":155},"9":{"name":"secaoSugestoesTecnico","decl":{"start":{"line":159,"column":9},"end":{"line":159,"column":null}},"loc":{"start":{"line":164,"column":10},"end":{"line":178,"column":null}},"line":164},"10":{"name":"secaoTarefasTecnico","decl":{"start":{"line":180,"column":9},"end":{"line":180,"column":29}},"loc":{"start":{"line":180,"column":92},"end":{"line":192,"column":null}},"line":180},"11":{"name":"(anonymous_11)","decl":{"start":{"line":182,"column":5},"end":{"line":182,"column":10}},"loc":{"start":{"line":182,"column":16},"end":{"line":182,"column":116}},"line":182},"12":{"name":"(anonymous_12)","decl":{"start":{"line":184,"column":34},"end":{"line":184,"column":39}},"loc":{"start":{"line":184,"column":45},"end":{"line":184,"column":89}},"line":184},"13":{"name":"gerarTecnico","decl":{"start":{"line":194,"column":9},"end":{"line":194,"column":null}},"loc":{"start":{"line":202,"column":10},"end":{"line":223,"column":null}},"line":202},"14":{"name":"(anonymous_14)","decl":{"start":{"line":203,"column":41},"end":{"line":203,"column":49}},"loc":{"start":{"line":203,"column":55},"end":{"line":203,"column":75}},"line":203},"15":{"name":"(anonymous_15)","decl":{"start":{"line":204,"column":44},"end":{"line":204,"column":52}},"loc":{"start":{"line":204,"column":58},"end":{"line":204,"column":81}},"line":204},"16":{"name":"resumoAndamento","decl":{"start":{"line":229,"column":9},"end":{"line":229,"column":25}},"loc":{"start":{"line":229,"column":65},"end":{"line":242,"column":null}},"line":229},"17":{"name":"(anonymous_17)","decl":{"start":{"line":233,"column":31},"end":{"line":233,"column":39}},"loc":{"start":{"line":233,"column":45},"end":{"line":233,"column":62}},"line":233},"18":{"name":"(anonymous_18)","decl":{"start":{"line":234,"column":36},"end":{"line":234,"column":44}},"loc":{"start":{"line":234,"column":50},"end":{"line":234,"column":72}},"line":234},"19":{"name":"(anonymous_19)","decl":{"start":{"line":235,"column":34},"end":{"line":235,"column":42}},"loc":{"start":{"line":235,"column":48},"end":{"line":235,"column":68}},"line":235},"20":{"name":"itemAndamento","decl":{"start":{"line":244,"column":9},"end":{"line":244,"column":23}},"loc":{"start":{"line":244,"column":46},"end":{"line":246,"column":null}},"line":244},"21":{"name":"secaoAndamento","decl":{"start":{"line":248,"column":9},"end":{"line":248,"column":24}},"loc":{"start":{"line":248,"column":64},"end":{"line":250,"column":null}},"line":248},"22":{"name":"gerarAndamento","decl":{"start":{"line":252,"column":9},"end":{"line":252,"column":null}},"loc":{"start":{"line":262,"column":10},"end":{"line":297,"column":null}},"line":262},"23":{"name":"(anonymous_23)","decl":{"start":{"line":263,"column":36},"end":{"line":263,"column":41}},"loc":{"start":{"line":263,"column":47},"end":{"line":263,"column":57}},"line":263},"24":{"name":"(anonymous_24)","decl":{"start":{"line":263,"column":88},"end":{"line":263,"column":93}},"loc":{"start":{"line":263,"column":99},"end":{"line":263,"column":107}},"line":263},"25":{"name":"(anonymous_25)","decl":{"start":{"line":265,"column":23},"end":{"line":265,"column":28}},"loc":{"start":{"line":265,"column":34},"end":{"line":265,"column":44}},"line":265},"26":{"name":"(anonymous_26)","decl":{"start":{"line":266,"column":28},"end":{"line":266,"column":33}},"loc":{"start":{"line":266,"column":39},"end":{"line":266,"column":47}},"line":266},"27":{"name":"(anonymous_27)","decl":{"start":{"line":268,"column":44},"end":{"line":268,"column":49}},"loc":{"start":{"line":268,"column":55},"end":{"line":268,"column":65}},"line":268},"28":{"name":"(anonymous_28)","decl":{"start":{"line":271,"column":21},"end":{"line":271,"column":26}},"loc":{"start":{"line":271,"column":32},"end":{"line":271,"column":113}},"line":271},"29":{"name":"(anonymous_29)","decl":{"start":{"line":272,"column":24},"end":{"line":272,"column":null}},"loc":{"start":{"line":273,"column":13},"end":{"line":273,"column":null}},"line":273},"30":{"name":"gerarDocumentoAndamento","decl":{"start":{"line":315,"column":16},"end":{"line":315,"column":40}},"loc":{"start":{"line":315,"column":88},"end":{"line":358,"column":null}},"line":315},"31":{"name":"(anonymous_31)","decl":{"start":{"line":317,"column":5},"end":{"line":317,"column":13}},"loc":{"start":{"line":317,"column":19},"end":{"line":317,"column":56}},"line":317},"32":{"name":"(anonymous_32)","decl":{"start":{"line":319,"column":5},"end":{"line":319,"column":11}},"loc":{"start":{"line":319,"column":20},"end":{"line":319,"column":91}},"line":319},"33":{"name":"(anonymous_33)","decl":{"start":{"line":321,"column":39},"end":{"line":321,"column":47}},"loc":{"start":{"line":322,"column":4},"end":{"line":322,"column":null}},"line":322},"34":{"name":"(anonymous_34)","decl":{"start":{"line":324,"column":41},"end":{"line":324,"column":49}},"loc":{"start":{"line":324,"column":55},"end":{"line":324,"column":75}},"line":324},"35":{"name":"(anonymous_35)","decl":{"start":{"line":325,"column":38},"end":{"line":325,"column":46}},"loc":{"start":{"line":325,"column":52},"end":{"line":325,"column":75}},"line":325},"36":{"name":"(anonymous_36)","decl":{"start":{"line":326,"column":38},"end":{"line":326,"column":46}},"loc":{"start":{"line":326,"column":52},"end":{"line":326,"column":75}},"line":326},"37":{"name":"(anonymous_37)","decl":{"start":{"line":327,"column":43},"end":{"line":327,"column":51}},"loc":{"start":{"line":327,"column":57},"end":{"line":327,"column":92}},"line":327},"38":{"name":"(anonymous_38)","decl":{"start":{"line":328,"column":42},"end":{"line":328,"column":50}},"loc":{"start":{"line":328,"column":56},"end":{"line":328,"column":76}},"line":328},"39":{"name":"(anonymous_39)","decl":{"start":{"line":330,"column":45},"end":{"line":330,"column":null}},"loc":{"start":{"line":331,"column":11},"end":{"line":331,"column":null}},"line":331},"40":{"name":"(anonymous_40)","decl":{"start":{"line":333,"column":42},"end":{"line":333,"column":50}},"loc":{"start":{"line":333,"column":56},"end":{"line":333,"column":103}},"line":333},"41":{"name":"(anonymous_41)","decl":{"start":{"line":334,"column":41},"end":{"line":334,"column":49}},"loc":{"start":{"line":334,"column":55},"end":{"line":334,"column":77}},"line":334}},"branchMap":{"0":{"loc":{"start":{"line":61,"column":2},"end":{"line":61,"column":null}},"type":"if","locations":[{"start":{"line":61,"column":2},"end":{"line":61,"column":null}},{"start":{},"end":{}}],"line":61},"1":{"loc":{"start":{"line":62,"column":2},"end":{"line":62,"column":null}},"type":"if","locations":[{"start":{"line":62,"column":2},"end":{"line":62,"column":null}},{"start":{},"end":{}}],"line":62},"2":{"loc":{"start":{"line":63,"column":15},"end":{"line":63,"column":null}},"type":"cond-expr","locations":[{"start":{"line":63,"column":35},"end":{"line":63,"column":39}},{"start":{"line":63,"column":39},"end":{"line":63,"column":null}}],"line":63},"3":{"loc":{"start":{"line":71,"column":2},"end":{"line":71,"column":null}},"type":"if","locations":[{"start":{"line":71,"column":2},"end":{"line":71,"column":null}},{"start":{},"end":{}}],"line":71},"4":{"loc":{"start":{"line":72,"column":27},"end":{"line":72,"column":51}},"type":"binary-expr","locations":[{"start":{"line":72,"column":27},"end":{"line":72,"column":41}},{"start":{"line":72,"column":41},"end":{"line":72,"column":51}}],"line":72},"5":{"loc":{"start":{"line":109,"column":2},"end":{"line":109,"column":null}},"type":"if","locations":[{"start":{"line":109,"column":2},"end":{"line":109,"column":null}},{"start":{},"end":{}}],"line":109},"6":{"loc":{"start":{"line":122,"column":2},"end":{"line":124,"column":null}},"type":"if","locations":[{"start":{"line":122,"column":2},"end":{"line":124,"column":null}},{"start":{},"end":{}}],"line":122},"7":{"loc":{"start":{"line":128,"column":8},"end":{"line":128,"column":null}},"type":"cond-expr","locations":[{"start":{"line":128,"column":37},"end":{"line":128,"column":61}},{"start":{"line":128,"column":61},"end":{"line":128,"column":null}}],"line":128},"8":{"loc":{"start":{"line":128,"column":61},"end":{"line":128,"column":null}},"type":"cond-expr","locations":[{"start":{"line":128,"column":81},"end":{"line":128,"column":95}},{"start":{"line":128,"column":95},"end":{"line":128,"column":null}}],"line":128},"9":{"loc":{"start":{"line":130,"column":8},"end":{"line":134,"column":null}},"type":"cond-expr","locations":[{"start":{"line":131,"column":12},"end":{"line":131,"column":null}},{"start":{"line":132,"column":12},"end":{"line":134,"column":null}}],"line":130},"10":{"loc":{"start":{"line":146,"column":13},"end":{"line":146,"column":null}},"type":"cond-expr","locations":[{"start":{"line":146,"column":24},"end":{"line":146,"column":47}},{"start":{"line":146,"column":47},"end":{"line":146,"column":null}}],"line":146},"11":{"loc":{"start":{"line":156,"column":9},"end":{"line":156,"column":null}},"type":"cond-expr","locations":[{"start":{"line":156,"column":30},"end":{"line":156,"column":38}},{"start":{"line":156,"column":38},"end":{"line":156,"column":null}}],"line":156},"12":{"loc":{"start":{"line":182,"column":62},"end":{"line":182,"column":114}},"type":"cond-expr","locations":[{"start":{"line":182,"column":79},"end":{"line":182,"column":110}},{"start":{"line":182,"column":110},"end":{"line":182,"column":114}}],"line":182},"13":{"loc":{"start":{"line":187,"column":17},"end":{"line":187,"column":49}},"type":"cond-expr","locations":[{"start":{"line":187,"column":30},"end":{"line":187,"column":45}},{"start":{"line":187,"column":45},"end":{"line":187,"column":49}}],"line":187},"14":{"loc":{"start":{"line":190,"column":17},"end":{"line":190,"column":45}},"type":"cond-expr","locations":[{"start":{"line":190,"column":28},"end":{"line":190,"column":41}},{"start":{"line":190,"column":41},"end":{"line":190,"column":45}}],"line":190},"15":{"loc":{"start":{"line":212,"column":4},"end":{"line":212,"column":null}},"type":"cond-expr","locations":[{"start":{"line":212,"column":18},"end":{"line":212,"column":47}},{"start":{"line":212,"column":47},"end":{"line":212,"column":null}}],"line":212},"16":{"loc":{"start":{"line":230,"column":2},"end":{"line":232,"column":null}},"type":"if","locations":[{"start":{"line":230,"column":2},"end":{"line":232,"column":null}},{"start":{},"end":{}}],"line":230},"17":{"loc":{"start":{"line":237,"column":70},"end":{"line":237,"column":126}},"type":"cond-expr","locations":[{"start":{"line":237,"column":103},"end":{"line":237,"column":115}},{"start":{"line":237,"column":115},"end":{"line":237,"column":126}}],"line":237},"18":{"loc":{"start":{"line":238,"column":2},"end":{"line":238,"column":null}},"type":"if","locations":[{"start":{"line":238,"column":2},"end":{"line":238,"column":null}},{"start":{},"end":{}}],"line":238},"19":{"loc":{"start":{"line":238,"column":35},"end":{"line":238,"column":82}},"type":"cond-expr","locations":[{"start":{"line":238,"column":46},"end":{"line":238,"column":64}},{"start":{"line":238,"column":64},"end":{"line":238,"column":82}}],"line":238},"20":{"loc":{"start":{"line":239,"column":2},"end":{"line":239,"column":null}},"type":"if","locations":[{"start":{"line":239,"column":2},"end":{"line":239,"column":null}},{"start":{},"end":{}}],"line":239},"21":{"loc":{"start":{"line":239,"column":45},"end":{"line":239,"column":89}},"type":"cond-expr","locations":[{"start":{"line":239,"column":61},"end":{"line":239,"column":75}},{"start":{"line":239,"column":75},"end":{"line":239,"column":89}}],"line":239},"22":{"loc":{"start":{"line":240,"column":2},"end":{"line":240,"column":null}},"type":"if","locations":[{"start":{"line":240,"column":2},"end":{"line":240,"column":null}},{"start":{},"end":{}}],"line":240},"23":{"loc":{"start":{"line":240,"column":41},"end":{"line":240,"column":83}},"type":"cond-expr","locations":[{"start":{"line":240,"column":55},"end":{"line":240,"column":69}},{"start":{"line":240,"column":69},"end":{"line":240,"column":83}}],"line":240},"24":{"loc":{"start":{"line":249,"column":9},"end":{"line":249,"column":null}},"type":"cond-expr","locations":[{"start":{"line":249,"column":30},"end":{"line":249,"column":38}},{"start":{"line":249,"column":38},"end":{"line":249,"column":null}}],"line":249},"25":{"loc":{"start":{"line":331,"column":11},"end":{"line":331,"column":null}},"type":"binary-expr","locations":[{"start":{"line":331,"column":11},"end":{"line":331,"column":35}},{"start":{"line":331,"column":35},"end":{"line":331,"column":null}}],"line":331},"26":{"loc":{"start":{"line":333,"column":56},"end":{"line":333,"column":103}},"type":"binary-expr","locations":[{"start":{"line":333,"column":56},"end":{"line":333,"column":81}},{"start":{"line":333,"column":81},"end":{"line":333,"column":103}}],"line":333}},"s":{"0":1,"1":5,"2":1,"3":4,"4":2,"5":2,"6":5,"7":5,"8":5,"9":10,"10":5,"11":5,"12":11,"13":3,"14":3,"15":0,"16":3,"17":3,"18":3,"19":1,"20":14,"21":11,"22":3,"23":3,"24":3,"25":1,"26":3,"27":5,"28":5,"29":84,"30":14,"31":14,"32":0,"33":14,"34":2,"35":14,"36":14,"37":4,"38":14,"39":4,"40":14,"41":14,"42":11,"43":3,"44":3,"45":3,"46":3,"47":3,"48":3,"49":3,"50":14,"51":3,"52":3,"53":0,"54":3,"55":0,"56":3,"57":6,"58":56,"59":14,"60":1,"61":0,"62":14,"63":0,"64":0,"65":14,"66":4,"67":14,"68":0,"69":1,"70":14,"71":14,"72":4,"73":0,"74":14,"75":6,"76":14,"77":4,"78":14,"79":6,"80":14,"81":6,"82":14,"83":4,"84":14,"85":3,"86":14,"87":2,"88":14,"89":2,"90":14,"91":2,"92":14},"f":{"0":5,"1":10,"2":11,"3":3,"4":14,"5":3,"6":1,"7":5,"8":84,"9":14,"10":14,"11":0,"12":2,"13":14,"14":4,"15":4,"16":14,"17":3,"18":3,"19":3,"20":6,"21":56,"22":14,"23":1,"24":0,"25":0,"26":0,"27":4,"28":0,"29":1,"30":14,"31":4,"32":0,"33":6,"34":4,"35":6,"36":6,"37":4,"38":3,"39":2,"40":2,"41":2},"b":{"0":[1,4],"1":[2,2],"2":[1,1],"3":[5,5],"4":[11,6],"5":[0,3],"6":[11,3],"7":[0,3],"8":[3,0],"9":[2,1],"10":[1,4],"11":[77,7],"12":[0,0],"13":[0,14],"14":[2,12],"15":[1,13],"16":[11,3],"17":[3,0],"18":[3,11],"19":[3,0],"20":[0,3],"21":[0,0],"22":[0,3],"23":[0,0],"24":[50,6],"25":[2,0],"26":[2,0]},"meta":{"lastBranch":27,"lastFunction":42,"lastStatement":93,"seen":{"s:40:59:45:Infinity":0,"f:60:16:60:30":0,"b:61:2:61:Infinity:undefined:undefined:undefined:undefined":0,"s:61:2:61:Infinity":1,"s:61:24:61:Infinity":2,"b:62:2:62:Infinity:undefined:undefined:undefined:undefined":1,"s:62:2:62:Infinity":3,"s:62:32:62:Infinity":4,"s:63:15:63:Infinity":5,"b:63:35:63:39:63:39:63:Infinity":2,"s:64:16:64:Infinity":6,"s:65:2:65:Infinity":7,"s:66:2:66:Infinity":8,"f:70:9:70:22":1,"b:71:2:71:Infinity:undefined:undefined:undefined:undefined":3,"s:71:2:71:Infinity":9,"s:71:14:71:Infinity":10,"s:72:2:72:Infinity":11,"f:72:15:72:21":2,"s:72:27:72:51":12,"b:72:27:72:41:72:41:72:51":4,"f:107:16:107:33":3,"s:108:12:108:Infinity":13,"b:109:2:109:Infinity:undefined:undefined:undefined:undefined":5,"s:109:2:109:Infinity":14,"s:109:10:109:Infinity":15,"s:110:16:110:Infinity":16,"s:111:42:111:Infinity":17,"s:112:2:112:Infinity":18,"s:115:21:115:Infinity":19,"f:121:9:121:29":4,"b:122:2:124:Infinity:undefined:undefined:undefined:undefined":6,"s:122:2:124:Infinity":20,"s:123:4:123:Infinity":21,"s:125:2:142:Infinity":22,"f:126:5:126:10":5,"s:128:8:128:Infinity":23,"b:128:37:128:61:128:61:128:Infinity":7,"b:128:81:128:95:128:95:128:Infinity":8,"s:130:8:134:Infinity":24,"b:131:12:131:Infinity:132:12:134:Infinity":9,"f:133:15:133:20":6,"s:133:26:133:111":25,"s:135:6:140:Infinity":26,"f:145:9:145:29":7,"s:146:13:146:Infinity":27,"b:146:24:146:47:146:47:146:Infinity":10,"s:147:2:152:Infinity":28,"f:155:9:155:22":8,"s:156:2:156:Infinity":29,"b:156:30:156:38:156:38:156:Infinity":11,"f:159:9:159:Infinity":9,"s:165:2:177:Infinity":30,"f:180:9:180:29":10,"s:181:21:183:Infinity":31,"f:182:5:182:10":11,"s:182:16:182:116":32,"b:182:79:182:110:182:110:182:114":12,"s:184:19:184:Infinity":33,"f:184:34:184:39":12,"s:184:45:184:89":34,"s:185:2:191:Infinity":35,"b:187:30:187:45:187:45:187:49":13,"b:190:28:190:41:190:41:190:45":14,"f:194:9:194:Infinity":13,"s:203:24:203:Infinity":36,"f:203:41:203:49":14,"s:203:55:203:75":37,"s:204:27:204:Infinity":38,"f:204:44:204:52":15,"s:204:58:204:81":39,"s:206:2:222:Infinity":40,"b:212:18:212:47:212:47:212:Infinity":15,"f:229:9:229:25":16,"b:230:2:232:Infinity:undefined:undefined:undefined:undefined":16,"s:230:2:232:Infinity":41,"s:231:4:231:Infinity":42,"s:233:13:233:Infinity":43,"f:233:31:233:39":17,"s:233:45:233:62":44,"s:234:18:234:Infinity":45,"f:234:36:234:44":18,"s:234:50:234:72":46,"s:235:16:235:Infinity":47,"f:235:34:235:42":19,"s:235:48:235:68":48,"s:237:17:237:Infinity":49,"b:237:103:237:115:237:115:237:126":17,"b:238:2:238:Infinity:undefined:undefined:undefined:undefined":18,"s:238:2:238:Infinity":50,"s:238:14:238:Infinity":51,"b:238:46:238:64:238:64:238:82":19,"b:239:2:239:Infinity:undefined:undefined:undefined:undefined":20,"s:239:2:239:Infinity":52,"s:239:19:239:Infinity":53,"b:239:61:239:75:239:75:239:89":21,"b:240:2:240:Infinity:undefined:undefined:undefined:undefined":22,"s:240:2:240:Infinity":54,"s:240:17:240:Infinity":55,"b:240:55:240:69:240:69:240:83":23,"s:241:2:241:Infinity":56,"f:244:9:244:23":20,"s:245:2:245:Infinity":57,"f:248:9:248:24":21,"s:249:2:249:Infinity":58,"b:249:30:249:38:249:38:249:Infinity":24,"f:252:9:252:Infinity":22,"s:263:18:263:Infinity":59,"f:263:36:263:41":23,"s:263:47:263:57":60,"f:263:88:263:93":24,"s:263:99:263:107":61,"s:264:22:267:Infinity":62,"f:265:23:265:28":25,"s:265:34:265:44":63,"f:266:28:266:33":26,"s:266:39:266:47":64,"s:268:28:268:Infinity":65,"f:268:44:268:49":27,"s:268:55:268:65":66,"s:270:26:275:Infinity":67,"f:271:21:271:26":28,"s:271:32:271:113":68,"f:272:24:272:Infinity":29,"s:273:13:273:Infinity":69,"s:277:2:296:Infinity":70,"f:315:16:315:40":30,"s:316:28:319:Infinity":71,"f:317:5:317:13":31,"s:317:19:317:56":72,"f:319:5:319:11":32,"s:319:20:319:91":73,"s:321:27:323:Infinity":74,"f:321:39:321:47":33,"s:322:4:322:Infinity":75,"s:324:24:324:Infinity":76,"f:324:41:324:49":34,"s:324:55:324:75":77,"s:325:26:325:Infinity":78,"f:325:38:325:46":35,"s:325:52:325:75":79,"s:326:26:326:Infinity":80,"f:326:38:326:46":36,"s:326:52:326:75":81,"s:327:27:327:Infinity":82,"f:327:43:327:51":37,"s:327:57:327:92":83,"s:328:24:328:Infinity":84,"f:328:42:328:50":38,"s:328:56:328:76":85,"s:330:35:332:Infinity":86,"f:330:45:330:Infinity":39,"s:331:11:331:Infinity":87,"b:331:11:331:35:331:35:331:Infinity":25,"s:333:32:333:Infinity":88,"f:333:42:333:50":40,"s:333:56:333:103":89,"b:333:56:333:81:333:81:333:103":26,"s:334:31:334:Infinity":90,"f:334:41:334:49":41,"s:334:55:334:77":91,"s:336:2:357:Infinity":92},"fnNames":{}}}
,"/Users/thiagoalves/Desktop/Project-Organization/src/dominio/esteiraAgentes.ts": {"path":"/Users/thiagoalves/Desktop/Project-Organization/src/dominio/esteiraAgentes.ts","statementMap":{"0":{"start":{"line":50,"column":2},"end":{"line":58,"column":null}},"1":{"start":{"line":63,"column":2},"end":{"line":66,"column":null}},"2":{"start":{"line":64,"column":19},"end":{"line":64,"column":31}},"3":{"start":{"line":66,"column":20},"end":{"line":66,"column":73}},"4":{"start":{"line":86,"column":2},"end":{"line":86,"column":null}},"5":{"start":{"line":96,"column":22},"end":{"line":96,"column":null}},"6":{"start":{"line":97,"column":17},"end":{"line":97,"column":null}},"7":{"start":{"line":97,"column":59},"end":{"line":97,"column":100}},"8":{"start":{"line":107,"column":29},"end":{"line":109,"column":null}},"9":{"start":{"line":108,"column":19},"end":{"line":108,"column":63}},"10":{"start":{"line":109,"column":16},"end":{"line":109,"column":57}},"11":{"start":{"line":110,"column":24},"end":{"line":110,"column":null}},"12":{"start":{"line":110,"column":50},"end":{"line":110,"column":58}},"13":{"start":{"line":111,"column":19},"end":{"line":113,"column":null}},"14":{"start":{"line":111,"column":52},"end":{"line":111,"column":97}},"15":{"start":{"line":112,"column":4},"end":{"line":112,"column":null}},"16":{"start":{"line":115,"column":19},"end":{"line":115,"column":null}},"17":{"start":{"line":115,"column":71},"end":{"line":115,"column":103}},"18":{"start":{"line":117,"column":2},"end":{"line":117,"column":null}}},"fnMap":{"0":{"name":"linhaParaVM","decl":{"start":{"line":41,"column":9},"end":{"line":41,"column":null}},"loc":{"start":{"line":49,"column":19},"end":{"line":59,"column":null}},"line":49},"1":{"name":"agentesAtivosOrdenados","decl":{"start":{"line":62,"column":16},"end":{"line":62,"column":39}},"loc":{"start":{"line":62,"column":81},"end":{"line":67,"column":null}},"line":62},"2":{"name":"(anonymous_2)","decl":{"start":{"line":64,"column":5},"end":{"line":64,"column":13}},"loc":{"start":{"line":64,"column":19},"end":{"line":64,"column":31}},"line":64},"3":{"name":"(anonymous_3)","decl":{"start":{"line":66,"column":5},"end":{"line":66,"column":11}},"loc":{"start":{"line":66,"column":20},"end":{"line":66,"column":73}},"line":66},"4":{"name":"agenteEhDeLeitura","decl":{"start":{"line":85,"column":16},"end":{"line":85,"column":34}},"loc":{"start":{"line":85,"column":57},"end":{"line":87,"column":null}},"line":85},"5":{"name":"montarEsteira","decl":{"start":{"line":95,"column":16},"end":{"line":95,"column":30}},"loc":{"start":{"line":95,"column":105},"end":{"line":118,"column":null}},"line":95},"6":{"name":"(anonymous_6)","decl":{"start":{"line":97,"column":48},"end":{"line":97,"column":53}},"loc":{"start":{"line":97,"column":59},"end":{"line":97,"column":100}},"line":97},"7":{"name":"(anonymous_7)","decl":{"start":{"line":108,"column":5},"end":{"line":108,"column":13}},"loc":{"start":{"line":108,"column":19},"end":{"line":108,"column":63}},"line":108},"8":{"name":"(anonymous_8)","decl":{"start":{"line":109,"column":5},"end":{"line":109,"column":10}},"loc":{"start":{"line":109,"column":16},"end":{"line":109,"column":57}},"line":109},"9":{"name":"(anonymous_9)","decl":{"start":{"line":110,"column":39},"end":{"line":110,"column":44}},"loc":{"start":{"line":110,"column":50},"end":{"line":110,"column":58}},"line":110},"10":{"name":"(anonymous_10)","decl":{"start":{"line":111,"column":38},"end":{"line":111,"column":46}},"loc":{"start":{"line":111,"column":52},"end":{"line":111,"column":97}},"line":111},"11":{"name":"(anonymous_11)","decl":{"start":{"line":111,"column":99},"end":{"line":111,"column":104}},"loc":{"start":{"line":112,"column":4},"end":{"line":112,"column":null}},"line":112},"12":{"name":"(anonymous_12)","decl":{"start":{"line":115,"column":56},"end":{"line":115,"column":62}},"loc":{"start":{"line":115,"column":71},"end":{"line":115,"column":103}},"line":115}},"branchMap":{"0":{"loc":{"start":{"line":55,"column":21},"end":{"line":55,"column":null}},"type":"binary-expr","locations":[{"start":{"line":55,"column":21},"end":{"line":55,"column":42}},{"start":{"line":55,"column":42},"end":{"line":55,"column":null}}],"line":55},"1":{"loc":{"start":{"line":56,"column":16},"end":{"line":56,"column":null}},"type":"binary-expr","locations":[{"start":{"line":56,"column":16},"end":{"line":56,"column":42}},{"start":{"line":56,"column":42},"end":{"line":56,"column":null}}],"line":56},"2":{"loc":{"start":{"line":66,"column":20},"end":{"line":66,"column":73}},"type":"binary-expr","locations":[{"start":{"line":66,"column":20},"end":{"line":66,"column":41}},{"start":{"line":66,"column":41},"end":{"line":66,"column":73}}],"line":66},"3":{"loc":{"start":{"line":95,"column":55},"end":{"line":95,"column":105}},"type":"default-arg","locations":[{"start":{"line":95,"column":90},"end":{"line":95,"column":105}}],"line":95},"4":{"loc":{"start":{"line":108,"column":19},"end":{"line":108,"column":63}},"type":"binary-expr","locations":[{"start":{"line":108,"column":19},"end":{"line":108,"column":36}},{"start":{"line":108,"column":36},"end":{"line":108,"column":63}}],"line":108},"5":{"loc":{"start":{"line":111,"column":52},"end":{"line":111,"column":97}},"type":"binary-expr","locations":[{"start":{"line":111,"column":52},"end":{"line":111,"column":77}},{"start":{"line":111,"column":77},"end":{"line":111,"column":97}}],"line":111}},"s":{"0":80,"1":8,"2":13,"3":4,"4":129,"5":8,"6":8,"7":12,"8":8,"9":13,"10":1,"11":8,"12":13,"13":8,"14":128,"15":67,"16":8,"17":72,"18":8},"f":{"0":80,"1":8,"2":13,"3":4,"4":129,"5":8,"6":12,"7":13,"8":1,"9":13,"10":128,"11":67,"12":72},"b":{"0":[80,80],"1":[80,80],"2":[4,1],"3":[8],"4":[13,1],"5":[128,115]},"meta":{"lastBranch":6,"lastFunction":13,"lastStatement":19,"seen":{"f:41:9:41:Infinity":0,"s:50:2:58:Infinity":0,"b:55:21:55:42:55:42:55:Infinity":0,"b:56:16:56:42:56:42:56:Infinity":1,"f:62:16:62:39":1,"s:63:2:66:Infinity":1,"f:64:5:64:13":2,"s:64:19:64:31":2,"f:66:5:66:11":3,"s:66:20:66:73":3,"b:66:20:66:41:66:41:66:73":2,"f:85:16:85:34":4,"s:86:2:86:Infinity":4,"f:95:16:95:30":5,"b:95:90:95:105":3,"s:96:22:96:Infinity":5,"s:97:17:97:Infinity":6,"f:97:48:97:53":6,"s:97:59:97:100":7,"s:107:29:109:Infinity":8,"f:108:5:108:13":7,"s:108:19:108:63":9,"b:108:19:108:36:108:36:108:63":4,"f:109:5:109:10":8,"s:109:16:109:57":10,"s:110:24:110:Infinity":11,"f:110:39:110:44":9,"s:110:50:110:58":12,"s:111:19:113:Infinity":13,"f:111:38:111:46":10,"s:111:52:111:97":14,"b:111:52:111:77:111:77:111:97":5,"f:111:99:111:104":11,"s:112:4:112:Infinity":15,"s:115:19:115:Infinity":16,"f:115:56:115:62":12,"s:115:71:115:103":17,"s:117:2:117:Infinity":18},"fnNames":{}}}
,"/Users/thiagoalves/Desktop/Project-Organization/src/dominio/exclusaoProjeto.ts": {"path":"/Users/thiagoalves/Desktop/Project-Organization/src/dominio/exclusaoProjeto.ts","statementMap":{"0":{"start":{"line":27,"column":19},"end":{"line":27,"column":null}},"1":{"start":{"line":28,"column":2},"end":{"line":28,"column":null}},"2":{"start":{"line":33,"column":2},"end":{"line":33,"column":null}}},"fnMap":{"0":{"name":"confirmacaoDeNomeValida","decl":{"start":{"line":26,"column":16},"end":{"line":26,"column":40}},"loc":{"start":{"line":26,"column":92},"end":{"line":29,"column":null}},"line":26},"1":{"name":"totalApagado","decl":{"start":{"line":32,"column":16},"end":{"line":32,"column":29}},"loc":{"start":{"line":32,"column":72},"end":{"line":34,"column":null}},"line":32}},"branchMap":{"0":{"loc":{"start":{"line":28,"column":9},"end":{"line":28,"column":null}},"type":"binary-expr","locations":[{"start":{"line":28,"column":9},"end":{"line":28,"column":32}},{"start":{"line":28,"column":32},"end":{"line":28,"column":null}}],"line":28}},"s":{"0":6,"1":6,"2":2},"f":{"0":6,"1":2},"b":{"0":[6,4]},"meta":{"lastBranch":1,"lastFunction":2,"lastStatement":3,"seen":{"f:26:16:26:40":0,"s:27:19:27:Infinity":0,"s:28:2:28:Infinity":1,"b:28:9:28:32:28:32:28:Infinity":0,"f:32:16:32:29":1,"s:33:2:33:Infinity":2},"fnNames":{}}}
,"/Users/thiagoalves/Desktop/Project-Organization/src/dominio/inventario.ts": {"path":"/Users/thiagoalves/Desktop/Project-Organization/src/dominio/inventario.ts","statementMap":{"0":{"start":{"line":15,"column":65},"end":{"line":15,"column":null}},"1":{"start":{"line":17,"column":69},"end":{"line":21,"column":null}},"2":{"start":{"line":23,"column":69},"end":{"line":30,"column":null}},"3":{"start":{"line":32,"column":73},"end":{"line":39,"column":null}},"4":{"start":{"line":54,"column":2},"end":{"line":54,"column":null}},"5":{"start":{"line":64,"column":2},"end":{"line":68,"column":null}},"6":{"start":{"line":64,"column":52},"end":{"line":68,"column":4}},"7":{"start":{"line":67,"column":31},"end":{"line":67,"column":56}},"8":{"start":{"line":68,"column":24},"end":{"line":68,"column":46}},"9":{"start":{"line":77,"column":2},"end":{"line":81,"column":null}},"10":{"start":{"line":77,"column":54},"end":{"line":81,"column":4}},"11":{"start":{"line":80,"column":33},"end":{"line":80,"column":58}},"12":{"start":{"line":81,"column":24},"end":{"line":81,"column":46}}},"fnMap":{"0":{"name":"porNome","decl":{"start":{"line":53,"column":9},"end":{"line":53,"column":45}},"loc":{"start":{"line":53,"column":65},"end":{"line":55,"column":null}},"line":53},"1":{"name":"agruparStack","decl":{"start":{"line":63,"column":16},"end":{"line":63,"column":29}},"loc":{"start":{"line":63,"column":70},"end":{"line":69,"column":null}},"line":63},"2":{"name":"(anonymous_2)","decl":{"start":{"line":64,"column":32},"end":{"line":64,"column":37}},"loc":{"start":{"line":64,"column":52},"end":{"line":68,"column":4}},"line":64},"3":{"name":"(anonymous_3)","decl":{"start":{"line":67,"column":17},"end":{"line":67,"column":25}},"loc":{"start":{"line":67,"column":31},"end":{"line":67,"column":56}},"line":67},"4":{"name":"(anonymous_4)","decl":{"start":{"line":68,"column":6},"end":{"line":68,"column":14}},"loc":{"start":{"line":68,"column":24},"end":{"line":68,"column":46}},"line":68},"5":{"name":"agruparServico","decl":{"start":{"line":76,"column":16},"end":{"line":76,"column":31}},"loc":{"start":{"line":76,"column":78},"end":{"line":82,"column":null}},"line":76},"6":{"name":"(anonymous_6)","decl":{"start":{"line":77,"column":34},"end":{"line":77,"column":39}},"loc":{"start":{"line":77,"column":54},"end":{"line":81,"column":4}},"line":77},"7":{"name":"(anonymous_7)","decl":{"start":{"line":80,"column":19},"end":{"line":80,"column":27}},"loc":{"start":{"line":80,"column":33},"end":{"line":80,"column":58}},"line":80},"8":{"name":"(anonymous_8)","decl":{"start":{"line":81,"column":6},"end":{"line":81,"column":14}},"loc":{"start":{"line":81,"column":24},"end":{"line":81,"column":46}},"line":81}},"branchMap":{},"s":{"0":1,"1":1,"2":1,"3":1,"4":4,"5":5,"6":15,"7":24,"8":15,"9":5,"10":30,"11":48,"12":30},"f":{"0":4,"1":5,"2":15,"3":24,"4":15,"5":5,"6":30,"7":48,"8":30},"b":{},"meta":{"lastBranch":0,"lastFunction":9,"lastStatement":13,"seen":{"s:15:65:15:Infinity":0,"s:17:69:21:Infinity":1,"s:23:69:30:Infinity":2,"s:32:73:39:Infinity":3,"f:53:9:53:45":0,"s:54:2:54:Infinity":4,"f:63:16:63:29":1,"s:64:2:68:Infinity":5,"f:64:32:64:37":2,"s:64:52:68:4":6,"f:67:17:67:25":3,"s:67:31:67:56":7,"f:68:6:68:14":4,"s:68:24:68:46":8,"f:76:16:76:31":5,"s:77:2:81:Infinity":9,"f:77:34:77:39":6,"s:77:54:81:4":10,"f:80:19:80:27":7,"s:80:33:80:58":11,"f:81:6:81:14":8,"s:81:24:81:46":12},"fnNames":{}}}
,"/Users/thiagoalves/Desktop/Project-Organization/src/dominio/mapaAgentes.ts": {"path":"/Users/thiagoalves/Desktop/Project-Organization/src/dominio/mapaAgentes.ts","statementMap":{"0":{"start":{"line":52,"column":27},"end":{"line":54,"column":null}},"1":{"start":{"line":53,"column":59},"end":{"line":53,"column":81}},"2":{"start":{"line":56,"column":32},"end":{"line":64,"column":null}},"3":{"start":{"line":57,"column":19},"end":{"line":57,"column":null}},"4":{"start":{"line":58,"column":4},"end":{"line":63,"column":null}},"5":{"start":{"line":66,"column":2},"end":{"line":70,"column":null}}},"fnMap":{"0":{"name":"montarMapaAgentes","decl":{"start":{"line":48,"column":16},"end":{"line":48,"column":null}},"loc":{"start":{"line":51,"column":17},"end":{"line":71,"column":null}},"line":51},"1":{"name":"(anonymous_1)","decl":{"start":{"line":53,"column":48},"end":{"line":53,"column":53}},"loc":{"start":{"line":53,"column":59},"end":{"line":53,"column":81}},"line":53},"2":{"name":"(anonymous_2)","decl":{"start":{"line":56,"column":39},"end":{"line":56,"column":44}},"loc":{"start":{"line":56,"column":55},"end":{"line":64,"column":3}},"line":56}},"branchMap":{"0":{"loc":{"start":{"line":53,"column":5},"end":{"line":53,"column":46}},"type":"binary-expr","locations":[{"start":{"line":53,"column":5},"end":{"line":53,"column":44}},{"start":{"line":53,"column":44},"end":{"line":53,"column":46}}],"line":53},"1":{"loc":{"start":{"line":60,"column":14},"end":{"line":60,"column":null}},"type":"cond-expr","locations":[{"start":{"line":60,"column":23},"end":{"line":60,"column":33}},{"start":{"line":60,"column":33},"end":{"line":60,"column":null}}],"line":60},"2":{"loc":{"start":{"line":61,"column":14},"end":{"line":61,"column":null}},"type":"binary-expr","locations":[{"start":{"line":61,"column":14},"end":{"line":61,"column":32}},{"start":{"line":61,"column":32},"end":{"line":61,"column":null}}],"line":61},"3":{"loc":{"start":{"line":62,"column":12},"end":{"line":62,"column":null}},"type":"binary-expr","locations":[{"start":{"line":62,"column":12},"end":{"line":62,"column":28}},{"start":{"line":62,"column":28},"end":{"line":62,"column":null}}],"line":62},"4":{"loc":{"start":{"line":68,"column":15},"end":{"line":68,"column":null}},"type":"cond-expr","locations":[{"start":{"line":68,"column":33},"end":{"line":68,"column":78}},{"start":{"line":68,"column":78},"end":{"line":68,"co
[...]
ine":92,"column":24},"end":{"line":92,"column":null}},"29":{"start":{"line":94,"column":2},"end":{"line":94,"column":null}},"30":{"start":{"line":99,"column":18},"end":{"line":99,"column":null}},"31":{"start":{"line":100,"column":2},"end":{"line":100,"column":null}},"32":{"start":{"line":100,"column":16},"end":{"line":100,"column":null}},"33":{"start":{"line":101,"column":2},"end":{"line":101,"column":null}}},"fnMap":{"0":{"name":"assinar","decl":{"start":{"line":32,"column":9},"end":{"line":32,"column":17}},"loc":{"start":{"line":32,"column":55},"end":{"line":34,"column":null}},"line":32},"1":{"name":"ambientePermiteSessao","decl":{"start":{"line":50,"column":16},"end":{"line":50,"column":49}},"loc":{"start":{"line":50,"column":49},"end":{"line":54,"column":null}},"line":50},"2":{"name":"gerarValorCookieSessao","decl":{"start":{"line":61,"column":16},"end":{"line":61,"column":49}},"loc":{"start":{"line":61,"column":49},"end":{"line":66,"column":null}},"line":61},"3":{"name":"validadeCookieSessaoSegundos","decl":{"start":{"line":69,"column":16},"end":{"line":69,"column":55}},"loc":{"start":{"line":69,"column":55},"end":{"line":71,"column":null}},"line":69},"4":{"name":"cookieSessaoEhValido","decl":{"start":{"line":79,"column":16},"end":{"line":79,"column":37}},"loc":{"start":{"line":79,"column":80},"end":{"line":95,"column":null}},"line":79},"5":{"name":"segredoDeSessaoBate","decl":{"start":{"line":98,"column":16},"end":{"line":98,"column":36}},"loc":{"start":{"line":98,"column":63},"end":{"line":102,"column":null}},"line":98}},"branchMap":{"0":{"loc":{"start":{"line":51,"column":2},"end":{"line":51,"column":null}},"type":"if","locations":[{"start":{"line":51,"column":2},"end":{"line":51,"column":null}},{"start":{},"end":{}}],"line":51},"1":{"loc":{"start":{"line":52,"column":2},"end":{"line":52,"column":null}},"type":"if","locations":[{"start":{"line":52,"column":2},"end":{"line":52,"column":null}},{"start":{},"end":{}}],"line":52},"2":{"loc":{"start":{"line":52,"column":6},"end":{"line":52,"column":76}},"type":"binary-expr","locations":[{"start":{"line":52,"column":6},"end":{"line":52,"column":33}},{"start":{"line":52,"column":33},"end":{"line":52,"column":76}}],"line":52},"3":{"loc":{"start":{"line":63,"column":2},"end":{"line":63,"column":null}},"type":"if","locations":[{"start":{"line":63,"column":2},"end":{"line":63,"column":null}},{"start":{},"end":{}}],"line":63},"4":{"loc":{"start":{"line":81,"column":2},"end":{"line":81,"column":null}},"type":"if","locations":[{"start":{"line":81,"column":2},"end":{"line":81,"column":null}},{"start":{},"end":{}}],"line":81},"5":{"loc":{"start":{"line":81,"column":6},"end":{"line":81,"column":26}},"type":"binary-expr","locations":[{"start":{"line":81,"column":6},"end":{"line":81,"column":18}},{"start":{"line":81,"column":18},"end":{"line":81,"column":26}}],"line":81},"6":{"loc":{"start":{"line":84,"column":2},"end":{"line":84,"column":null}},"type":"if","locations":[{"start":{"line":84,"column":2},"end":{"line":84,"column":null}},{"start":{},"end":{}}],"line":84},"7":{"loc":{"start":{"line":88,"column":2},"end":{"line":88,"column":null}},"type":"if","locations":[{"start":{"line":88,"column":2},"end":{"line":88,"column":null}},{"start":{},"end":{}}],"line":88},"8":{"loc":{"start":{"line":91,"column":2},"end":{"line":91,"column":null}},"type":"if","locations":[{"start":{"line":91,"column":2},"end":{"line":91,"column":null}},{"start":{},"end":{}}],"line":91},"9":{"loc":{"start":{"line":91,"column":6},"end":{"line":91,"column":41}},"type":"binary-expr","locations":[{"start":{"line":91,"column":6},"end":{"line":91,"column":31}},{"start":{"line":91,"column":31},"end":{"line":91,"column":41}}],"line":91},"10":{"loc":{"start":{"line":92,"column":2},"end":{"line":92,"column":null}},"type":"if","locations":[{"start":{"line":92,"column":2},"end":{"line":92,"column":null}},{"start":{},"end":{}}],"line":92},"11":{"loc":{"start":{"line":100,"column":2},"end":{"line":100,"column":null}},"type":"if","locations":[{"start":{"line":100,"column":2},"end":{"line":100,"column":null}},{"start":{},"end":{}}],"line":100}},"s":{"0":9,"1":9,"2":20,"3":70,"4":38,"5":32,"6":5,"7":27,"8":11,"9":11,"10":0,"11":11,"12":11,"13":2,"14":23,"15":23,"16":10,"17":13,"18":13,"19":2,"20":11,"21":11,"22":11,"23":0,"24":11,"25":11,"26":1,"27":10,"28":1,"29":9,"30":3,"31":3,"32":0,"33":3},"f":{"0":20,"1":70,"2":11,"3":2,"4":23,"5":3},"b":{"0":[38,32],"1":[5,27],"2":[32,21],"3":[0,11],"4":[10,13],"5":[23,15],"6":[2,11],"7":[0,11],"8":[1,10],"9":[11,10],"10":[1,9],"11":[0,3]},"meta":{"lastBranch":12,"lastFunction":6,"lastStatement":34,"seen":{"s:24:34:24:Infinity":0,"s:30:20:30:Infinity":1,"f:32:9:32:17":0,"s:33:2:33:Infinity":2,"f:50:16:50:49":1,"b:51:2:51:Infinity:undefined:undefined:undefined:undefined":0,"s:51:2:51:Infinity":3,"s:51:47:51:Infinity":4,"b:52:2:52:Infinity:undefined:undefined:undefined:undefined":1,"s:52:2:52:Infinity":5,"b:52:6:52:33:52:33:52:76":2,"s:52:76:52:Infinity":6,"s:53:2:53:Infinity":7,"f:61:16:61:49":2,"s:62:18:62:Infinity":8,"b:63:2:63:Infinity:undefined:undefined:undefined:undefined":3,"s:63:2:63:Infinity":9,"s:63:16:63:Infinity":10,"s:64:14:64:Infinity":11,"s:65:2:65:Infinity":12,"f:69:16:69:55":3,"s:70:2:70:Infinity":13,"f:79:16:79:37":4,"s:80:18:80:Infinity":14,"b:81:2:81:Infinity:undefined:undefined:undefined:undefined":4,"s:81:2:81:Infinity":15,"b:81:6:81:18:81:18:81:26":5,"s:81:26:81:Infinity":16,"s:83:20:83:Infinity":17,"b:84:2:84:Infinity:undefined:undefined:undefined:undefined":6,"s:84:2:84:Infinity":18,"s:84:21:84:Infinity":19,"s:86:19:86:Infinity":20,"s:87:21:87:Infinity":21,"b:88:2:88:Infinity:undefined:undefined:undefined:undefined":7,"s:88:2:88:Infinity":22,"s:88:31:88:Infinity":23,"s:90:14:90:Infinity":24,"b:91:2:91:Infinity:undefined:undefined:undefined:undefined":8,"s:91:2:91:Infinity":25,"b:91:6:91:31:91:31:91:41":9,"s:91:41:91:Infinity":26,"b:92:2:92:Infinity:undefined:undefined:undefined:undefined":10,"s:92:2:92:Infinity":27,"s:92:24:92:Infinity":28,"s:94:2:94:Infinity":29,"f:98:16:98:36":5,"s:99:18:99:Infinity":30,"b:100:2:100:Infinity:undefined:undefined:undefined:undefined":11,"s:100:2:100:Infinity":31,"s:100:16:100:Infinity":32,"s:101:2:101:Infinity":33},"fnNames":{}}}
,"/Users/thiagoalves/Desktop/Project-Organization/src/servidor/sugestoes.ts": {"path":"/Users/thiagoalves/Desktop/Project-Organization/src/servidor/sugestoes.ts","statementMap":{"0":{"start":{"line":41,"column":2},"end":{"line":41,"column":null}},"1":{"start":{"line":45,"column":2},"end":{"line":60,"column":null}},"2":{"start":{"line":70,"column":2},"end":{"line":79,"column":null}},"3":{"start":{"line":71,"column":20},"end":{"line":71,"column":null}},"4":{"start":{"line":76,"column":4},"end":{"line":76,"column":null}},"5":{"start":{"line":78,"column":4},"end":{"line":78,"column":null}},"6":{"start":{"line":87,"column":2},"end":{"line":97,"column":null}},"7":{"start":{"line":88,"column":20},"end":{"line":92,"column":null}},"8":{"start":{"line":94,"column":4},"end":{"line":94,"column":null}},"9":{"start":{"line":96,"column":4},"end":{"line":96,"column":null}},"10":{"start":{"line":109,"column":2},"end":{"line":109,"column":null}},"11":{"start":{"line":111,"column":2},"end":{"line":127,"column":null}},"12":{"start":{"line":112,"column":20},"end":{"line":115,"column":null}},"13":{"start":{"line":119,"column":4},"end":{"line":123,"column":null}},"14":{"start":{"line":120,"column":6},"end":{"line":122,"column":null}},"15":{"start":{"line":124,"column":4},"end":{"line":124,"column":null}},"16":{"start":{"line":126,"column":4},"end":{"line":126,"column":null}},"17":{"start":{"line":139,"column":2},"end":{"line":139,"column":null}},"18":{"start":{"line":141,"column":2},"end":{"line":157,"column":null}},"19":{"start":{"line":142,"column":20},"end":{"line":145,"column":null}},"20":{"start":{"line":149,"column":4},"end":{"line":153,"column":null}},"21":{"start":{"line":150,"column":6},"end":{"line":152,"column":null}},"22":{"start":{"line":154,"column":4},"end":{"line":154,"column":null}},"23":{"start":{"line":156,"column":4},"end":{"line":156,"column":null}},"24":{"start":{"line":168,"column":2},"end":{"line":181,"column":null}},"25":{"start":{"line":169,"column":20},"end":{"line":173,"column":null}},"26":{"start":{"line":178,"column":4},"end":{"line":178,"column":null}},"27":{"start":{"line":180,"column":4},"end":{"line":180,"column":null}},"28":{"start":{"line":208,"column":2},"end":{"line":208,"column":null}},"29":{"start":{"line":210,"column":2},"end":{"line":226,"column":null}},"30":{"start":{"line":211,"column":20},"end":{"line":214,"column":null}},"31":{"start":{"line":218,"column":4},"end":{"line":222,"column":null}},"32":{"start":{"line":219,"column":6},"end":{"line":221,"column":null}},"33":{"start":{"line":223,"column":4},"end":{"line":223,"column":null}},"34":{"start":{"line":225,"column":4},"end":{"line":225,"column":null}}},"fnMap":{"0":{"name":"dataOuNula","decl":{"start":{"line":40,"column":9},"end":{"line":40,"column":20}},"loc":{"start":{"line":40,"column":60},"end":{"line":42,"column":null}},"line":40},"1":{"name":"linhaParaSugestao","decl":{"start":{"line":44,"column":9},"end":{"line":44,"column":27}},"loc":{"start":{"line":44,"column":55},"end":{"line":61,"column":null}},"line":44},"2":{"name":"listarSugestoes","decl":{"start":{"line":69,"column":22},"end":{"line":69,"column":61}},"loc":{"start":{"line":69,"column":61},"end":{"line":80,"column":null}},"line":69},"3":{"name":"listarSugestoesDoProjeto","decl":{"start":{"line":86,"column":22},"end":{"line":86,"column":47}},"loc":{"start":{"line":86,"column":87},"end":{"line":98,"column":null}},"line":86},"4":{"name":"aprovarSugestao","decl":{"start":{"line":104,"column":22},"end":{"line":104,"column":38}},"loc":{"start":{"line":104,"column":69},"end":{"line":128,"column":null}},"line":104},"5":{"name":"recusarSugestao","decl":{"start":{"line":134,"column":22},"end":{"line":134,"column":38}},"loc":{"start":{"line":134,"column":69},"end":{"line":158,"column":null}},"line":134},"6":{"name":"criarSugestao","decl":{"start":{"line":167,"column":22},"end":{"line":167,"column":36}},"loc":{"start":{"line":167,"column":86},"end":{"line":182,"column":null}},"line":167},"7":{"name":"marcarSugestaoFeita","decl":{"start":{"line":204,"column":22},"end":{"line":204,"column":42}},"loc":{"start":{"line":204,"column":95},"end":{"line":227,"column":null}},"line":204}},"branchMap":{"0":{"loc":{"start":{"line":41,"column":9},"end":{"line":41,"column":null}},"type":"cond-expr","locations":[{"start":{"line":41,"column":22},"end":{"line":41,"column":29}},{"start":{"line":41,"column":29},"end":{"line":41,"column":null}}],"line":41},"1":{"loc":{"start":{"line":119,"column":4},"end":{"line":123,"column":null}},"type":"if","locations":[{"start":{"line":119,"column":4},"end":{"line":123,"column":null}},{"start":{},"end":{}}],"line":119},"2":{"loc":{"start":{"line":149,"column":4},"end":{"line":153,"column":null}},"type":"if","locations":[{"start":{"line":149,"column":4},"end":{"line":153,"column":null}},{"start":{},"end":{}}],"line":149},"3":{"loc":{"start":{"line":218,"column":4},"end":{"line":222,"column":null}},"type":"if","locations":[{"start":{"line":218,"column":4},"end":{"line":222,"column":null}},{"start":{},"end":{}}],"line":218}},"s":{"0":0,"1":0,"2":0,"3":0,"4":0,"5":0,"6":0,"7":0,"8":0,"9":0,"10":3,"11":2,"12":2,"13":2,"14":2,"15":0,"16":2,"17":1,"18":0,"19":0,"20":0,"21":0,"22":0,"23":0,"24":0,"25":0,"26":0,"27":0,"28":1,"29":0,"30":0,"31":0,"32":0,"33":0,"34":0},"f":{"0":0,"1":0,"2":0,"3":0,"4":3,"5":1,"6":0,"7":1},"b":{"0":[0,0],"1":[2,0],"2":[0,0],"3":[0,0]},"meta":{"lastBranch":4,"lastFunction":8,"lastStatement":35,"seen":{"f:40:9:40:20":0,"s:41:2:41:Infinity":0,"b:41:22:41:29:41:29:41:Infinity":0,"f:44:9:44:27":1,"s:45:2:60:Infinity":1,"f:69:22:69:61":2,"s:70:2:79:Infinity":2,"s:71:20:71:Infinity":3,"s:76:4:76:Infinity":4,"s:78:4:78:Infinity":5,"f:86:22:86:47":3,"s:87:2:97:Infinity":6,"s:88:20:92:Infinity":7,"s:94:4:94:Infinity":8,"s:96:4:96:Infinity":9,"f:104:22:104:38":4,"s:109:2:109:Infinity":10,"s:111:2:127:Infinity":11,"s:112:20:115:Infinity":12,"b:119:4:123:Infinity:undefined:undefined:undefined:undefined":1,"s:119:4:123:Infinity":13,"s:120:6:122:Infinity":14,"s:124:4:124:Infinity":15,"s:126:4:126:Infinity":16,"f:134:22:134:38":5,"s:139:2:139:Infinity":17,"s:141:2:157:Infinity":18,"s:142:20:145:Infinity":19,"b:149:4:153:Infinity:undefined:undefined:undefined:undefined":2,"s:149:4:153:Infinity":20,"s:150:6:152:Infinity":21,"s:154:4:154:Infinity":22,"s:156:4:156:Infinity":23,"f:167:22:167:36":6,"s:168:2:181:Infinity":24,"s:169:20:173:Infinity":25,"s:178:4:178:Infinity":26,"s:180:4:180:Infinity":27,"f:204:22:204:42":7,"s:208:2:208:Infinity":28,"s:210:2:226:Infinity":29,"s:211:20:214:Infinity":30,"b:218:4:222:Infinity:undefined:undefined:undefined:undefined":3,"s:218:4:222:Infinity":31,"s:219:6:221:Infinity":32,"s:223:4:223:Infinity":33,"s:225:4:225:Infinity":34},"fnNames":{}}}
,"/Users/thiagoalves/Desktop/Project-Organization/src/servidor/tentativasEntrada.ts": {"path":"/Users/thiagoalves/Desktop/Project-Organization/src/servidor/tentativasEntrada.ts","statementMap":{"0":{"start":{"line":28,"column":2},"end":{"line":41,"column":null}},"1":{"start":{"line":29,"column":20},"end":{"line":31,"column":null}},"2":{"start":{"line":34,"column":4},"end":{"line":37,"column":null}},"3":{"start":{"line":35,"column":24},"end":{"line":35,"column":47}},"4":{"start":{"line":39,"column":4},"end":{"line":39,"column":null}},"5":{"start":{"line":40,"column":4},"end":{"line":40,"column":null}},"6":{"start":{"line":46,"column":2},"end":{"line":50,"column":null}},"7":{"start":{"line":47,"column":4},"end":{"line":47,"column":null}},"8":{"start":{"line":49,"column":4},"end":{"line":49,"column":null}},"9":{"start":{"line":62,"column":2},"end":{"line":66,"column":null}},"10":{"start":{"line":63,"column":4},"end":{"line":63,"column":null}},"11":{"start":{"line":65,"column":4},"end":{"line":65,"column":null}}},"fnMap":{"0":{"name":"estadoDaTravaDeEntrada","decl":{"start":{"line":27,"column":22},"end":{"line":27,"column":69}},"loc":{"start":{"line":27,"column":69},"end":{"line":42,"column":null}},"line":27},"1":{"name":"(anonymous_1)","decl":{"start":{"line":35,"column":13},"end":{"line":35,"column":18}},"loc":{"start":{"line":35,"column":24},"end":{"line":35,"column":47}},"line":35},"2":{"name":"registrarFalhaDeEntrada","decl":{"start":{"line":45,"column":22},"end":{"line":45,"column":63}},"loc":{"start":{"line":45,"column":63},"end":{"line":51,"column":null}},"line":45},"3":{"name":"limparFalhasDeEntrada","decl":{"start":{"line":61,"column":22},"end":{"line":61,"column":61}},"loc":{"start":{"line":61,"column":61},"end":{"line":67,"column":null}},"line":61}},"branchMap":{},"s":{"0":3,"1":3,"2":0,"3":0,"4":3,"5":3,"6":1,"7":1,"8":1,"9":2,"10":2,"11":2},"f":{"0":3,"1":0,"2":1,"3":2},"b":{},"meta":{"lastBranch":0,"lastFunction":4,"lastStatement":12,"seen":{"f:27:22:27:69":0,"s:28:2:41:Infinity":0,"s:29:20:31:Infinity":1,"s:34:4:37:Infinity":2,"f:35:13:35:18":1,"s:35:24:35:47":3,"s:39:4:39:Infinity":4,"s:40:4:40:Infinity":5,"f:45:22:45:63":2,"s:46:2:50:Infinity":6,"s:47:4:47:Infinity":7,"s:49:4:49:Infinity":8,"f:61:22:61:61":3,"s:62:2:66:Infinity":9,"s:63:4:63:Infinity":10,"s:65:4:65:Infinity":11},"fnNames":{}}}
,"/Users/thiagoalves/Desktop/Project-Organization/src/testes/envSandbox.ts": {"path":"/Users/thiagoalves/Desktop/Project-Organization/src/testes/envSandbox.ts","statementMap":{"0":{"start":{"line":13,"column":53},"end":{"line":13,"column":null}},"1":{"start":{"line":15,"column":2},"end":{"line":18,"column":null}},"2":{"start":{"line":16,"column":4},"end":{"line":16,"column":null}},"3":{"start":{"line":16,"column":56},"end":{"line":16,"column":83}},"4":{"start":{"line":17,"column":4},"end":{"line":17,"column":null}},"5":{"start":{"line":17,"column":32},"end":{"line":17,"column":null}},"6":{"start":{"line":20,"column":2},"end":{"line":25,"column":null}},"7":{"start":{"line":21,"column":4},"end":{"line":24,"column":null}},"8":{"start":{"line":22,"column":6},"end":{"line":23,"column":null}},"9":{"start":{"line":22,"column":41},"end":{"line":22,"column":null}},"10":{"start":{"line":23,"column":11},"end":{"line":23,"column":null}}},"fnMap":{"0":{"name":"limparEnvEntreTestes","decl":{"start":{"line":12,"column":16},"end":{"line":12,"column":37}},"loc":{"start":{"line":12,"column":70},"end":{"line":26,"column":null}},"line":12},"1":{"name":"(anonymous_1)","decl":{"start":{"line":15,"column":2},"end":{"line":15,"column":19}},"loc":{"start":{"line":15,"column":19},"end":{"line":18,"column":3}},"line":15},"2":{"name":"(anonymous_2)","decl":{"start":{"line":16,"column":41},"end":{"line":16,"column":46}},"loc":{"start":{"line":16,"column":56},"end":{"line":16,"column":83}},"line":16},"3":{"name":"(anonymous_3)","decl":{"start":{"line":20,"column":2},"end":{"line":20,"column":18}},"loc":{"start":{"line":20,"column":18},"end":{"line":25,"column":3}},"line":20}},"branchMap":{"0":{"loc":{"start":{"line":22,"column":6},"end":{"line":23,"column":null}},"type":"if","locations":[{"start":{"line":22,"column":6},"end":{"line":23,"column":null}},{"start":{"line":23,"column":11},"end":{"line":23,"column":null}}],"line":22}},"s":{"0":7,"1":7,"2":44,"3":207,"4":44,"5":207,"6":7,"7":44,"8":207,"9":207,"10":0},"f":{"0":7,"1":44,"2":207,"3":44},"b":{"0":[207,0]},"meta":{"lastBranch":1,"lastFunction":4,"lastStatement":11,"seen":{"f:12:16:12:37":0,"s:13:53:13:Infinity":0,"s:15:2:18:Infinity":1,"f:15:2:15:19":1,"s:16:4:16:Infinity":2,"f:16:41:16:46":2,"s:16:56:16:83":3,"s:17:4:17:Infinity":4,"s:17:32:17:Infinity":5,"s:20:2:25:Infinity":6,"f:20:2:20:18":3,"s:21:4:24:Infinity":7,"b:22:6:23:Infinity:23:11:23:Infinity":0,"s:22:6:23:Infinity":8,"s:22:41:22:Infinity":9,"s:23:11:23:Infinity":10},"fnNames":{}}}
,"/Users/thiagoalves/Desktop/Project-Organization/src/testes/mockNextHeaders.ts": {"path":"/Users/thiagoalves/Desktop/Project-Organization/src/testes/mockNextHeaders.ts","statementMap":{"0":{"start":{"line":2,"column":0},"end":{"line":2,"column":null}},"1":{"start":{"line":15,"column":2},"end":{"line":15,"column":null}},"2":{"start":{"line":20,"column":16},"end":{"line":22,"column":null}},"3":{"start":{"line":21,"column":28},"end":{"line":21,"column":null}},"4":{"start":{"line":23,"column":2},"end":{"line":23,"column":null}}},"fnMap":{"0":{"name":"mockHeaders","decl":{"start":{"line":14,"column":16},"end":{"line":14,"column":28}},"loc":{"start":{"line":14,"column":69},"end":{"line":16,"column":null}},"line":14},"1":{"name":"mockCookies","decl":{"start":{"line":19,"column":16},"end":{"line":19,"column":28}},"loc":{"start":{"line":19,"column":69},"end":{"line":24,"column":null}},"line":19},"2":{"name":"(anonymous_2)","decl":{"start":{"line":21,"column":4},"end":{"line":21,"column":10}},"loc":{"start":{"line":21,"column":28},"end":{"line":21,"column":null}},"line":21}},"branchMap":{"0":{"loc":{"start":{"line":14,"column":28},"end":{"line":14,"column":69}},"type":"default-arg","locations":[{"start":{"line":14,"column":59},"end":{"line":14,"column":69}}],"line":14},"1":{"loc":{"start":{"line":19,"column":28},"end":{"line":19,"column":69}},"type":"default-arg","locations":[{"start":{"line":19,"column":59},"end":{"line":19,"column":69}}],"line":19},"2":{"loc":{"start":{"line":21,"column":28},"end":{"line":21,"column":null}},"type":"cond-expr","locations":[{"start":{"line":21,"column":43},"end":{"line":21,"column":79}},{"start":{"line":21,"column":79},"end":{"line":21,"column":null}}],"line":21}},"s":{"0":5,"1":31,"2":31,"3":13,"4":31},"f":{"0":31,"1":31,"2":13},"b":{"0":[31],"1":[31],"2":[6,7]},"meta":{"lastBranch":3,"lastFunction":3,"lastStatement":5,"seen":{"s:2:0:2:Infinity":0,"f:14:16:14:28":0,"b:14:59:14:69":0,"s:15:2:15:Infinity":1,"f:19:16:19:28":1,"b:19:59:19:69":1,"s:20:16:22:Infinity":2,"f:21:4:21:10":2,"s:21:28:21:Infinity":3,"b:21:43:21:79:21:79:21:Infinity":2,"s:23:2:23:Infinity":4},"fnNames":{}}}
}
